Th.mar-TM0408-F1	F1	cheb-F1	cheb-F5	38.8	11.3	TRUE
Th.mel-Tmel_1770-F1	F1	cheb-F1	cheb-F5	37.4	16.2	TRUE
Fe.nod-Fnod_0046-F1	F1	cheb-F1	cheb-F5	36.8	14.3	TRUE
Th.let-Tlet_0747-F1	F1	cheb-F1	cheb-F5	37.0	7.9	TRUE
Pe.mob-Pmob_0200-F1	F1	cheb-F1	cheb-F5	31.1	8.5	TRUE
Py.aby-PAB1331-F1	F1	cheb-F1	cheb-F8	41.3	9.8	TRUE
Py.hor-PH0483-F1	F1	cheb-F1	cheb-F8	41.3	9.3	TRUE
Th.kod-TK0633-F1	F1	cheb-F1	cheb-F5	41.1	5.5	TRUE
Ba.sub-BSU16420-F1	F1	cheb-F1	cheb-F7	31.2	0.9	TRUE
Ba.pum-BPUM_1541-F1	F1	cheb-F1	cheb-F7	34.8	6.8	TRUE
Ba.lic-BL01251-F1	F1	cheb-F1	cheb-F7	31.3	4.6	TRUE
Ba.hal-BH2435-F1	F1	cheb-F1	cheb-F7	35.4	10.2	TRUE
Ly.sph-Bsph_1573-F1	F1	cheb-F1	cheb-F4	40.0	8.1	TRUE
Ge.kau-GK1241-F1	F1	cheb-F1	cheb-F7	37.4	8.8	TRUE
Ge.the-GTNG_1095-F1	F1	cheb-F1	cheb-F7	35.3	7.4	TRUE
Oc.ihe-OB1578-F1	F1	cheb-F1	cheb-F7	35.9	8.4	TRUE
Sy.wol-Swol_0873-F1	F1	cheb-F1	cheb-F9	43.9	20.8	TRUE
He.mod-HM1_2246-F1	F1	cheb-F1	cheb-F7	49.1	19.2	TRUE
Cl.the-Cthe_0489-F1	F1	cheb-F1	cheb-F7	46.1	8.2	TRUE
Al.met-Amet_2699-F1	F1	cheb-F1	cheb-F8	45.6	4.1	TRUE
Al.ore-Clos_1505-F1	F1	cheb-F1	cheb-F7	44.1	5.2	TRUE
Cl.ace-CAC2222-F1	F1	cheb-F1	cheb-F10	38.1	15.4	TRUE
Cl.klu-CKL_2131-F1	F1	cheb-F1	cheb-F7	42.9	9.2	TRUE
Cl.nov-NT01CX_1862-F1	F1	cheb-F1	cheb-F5	39.6	11.4	TRUE
Cl.bot-CLB_2691-F1	F1	cheb-F1	cheb-F13	36.8	10.5	TRUE
Cl.bei-Cbei_4309-F1	F1	cheb-F1	cheb-F7	41.9	14.0	TRUE
Sy.the-STH1541-F1	F1	cheb-F1	cheb-F7	38.7	2.5	TRUE
Na.the-Nther_1417-F1	F1	cheb-F1	cheb-F7	41.1	10.4	TRUE
Ar.ful-AF1041-F1	F1	cheb-F1	cheb-F7	35.2	9.3	TRUE
Me.ace-MA3067-F1	F1	cheb-F1	cheb-F7	37.5	17.4	TRUE
Me.maz-MM_0329-F1	F1	cheb-F1	cheb-F7	36.5	14.3	TRUE
Me.bur-Mbur_0360-F1	F1	cheb-F1	cheb-F7	38.1	15.1	TRUE
De.vul-DVU2078-F4	F4	cheb-F4	cheb-F1	104.3	74.2	TRUE
De.des-Dde_1571-F4	F4	cheb-F4	cheb-F1	78.6	49.7	TRUE
La.int-LI1137-F4	F4	cheb-F4	cheb-F1	101.6	68.5	TRUE
Th.yel-THEYE_A2065-F17	F17	cheb-F17	cheb-F5	121.5	75.8	TRUE
De.haf-DSY2992-F1	F1	cheb-F1	cheb-F13	40.7	5.1	TRUE
Mo.the-Moth_0743-F1	F1	cheb-F5	cheb-ACF	43.6	5.0	FALSE
Vi.cho-VC2062-F6	F6	cheb-F6	cheb-F5	73.5	38.7	TRUE
Vi.vul-VV1_1956-F6	F6	cheb-F6	cheb-F5	72.1	38.6	TRUE
Vi.par-VP2228-F6	F6	cheb-F6	cheb-F5	73.1	38.6	TRUE
Vi.fis-VF_1830-F6	F6	cheb-F6	cheb-F5	71.9	43.4	TRUE
Al.sal-VSAL_I2286-F6	F6	cheb-F6	cheb-F5	71.1	41.1	TRUE
Ph.pro-PBPRA0943-F6	F6	cheb-F6	cheb-F5	70.4	37.8	TRUE
Ae.hyd-AHA_1386-F6	F6	cheb-F6	cheb-F5	72.1	37.2	TRUE
Ps.hal-PSHAa0813-F6	F6	cheb-F6	cheb-F5	68.7	32.1	TRUE
Sh.one-SO_3206-F6	F6	cheb-F6	cheb-F5	70.9	36.7	TRUE
Sh.bal-Shew185_2915-F6	F6	cheb-F6	cheb-F5	69.8	37.1	TRUE
Sh.fri-Sfri_1203-F6	F6	cheb-F6	cheb-F5	68.9	36.9	TRUE
Sh.den-Sden_1347-F6	F6	cheb-F6	cheb-F5	67.2	34.8	TRUE
Sh.ama-Sama_2276-F6	F6	cheb-F6	cheb-F5	66.1	34.3	TRUE
Sh.loi-Shew_1387-F6	F6	cheb-F6	cheb-F5	63.9	33.1	TRUE
Sh.sed-Ssed_3045-F6	F6	cheb-F6	cheb-F5	59.3	29.4	TRUE
Sh.hal-Shal_1469-F6	F6	cheb-F6	cheb-F5	65.5	36.2	TRUE
Sh.woo-Swoo_1639-F6	F6	cheb-F6	cheb-F5	58.9	27.9	TRUE
Co.psy-CPS_1523-F6	F6	cheb-F6	cheb-F5	69.4	40.9	TRUE
Id.loi-IL1113-F6	F6	cheb-F6	cheb-F5	63.5	31.8	TRUE
Ps.aer-PA1459-F6	F6	cheb-F6	cheb-F5	68.7	38.0	TRUE
Ps.put-PP_4337-F6	F6	cheb-F6	cheb-F5	68.7	38.9	TRUE
Ps.flu-PFL_1671-F6	F6	cheb-F6	cheb-F5	67.4	39.7	TRUE
Ps.men-Pmen_2801-F6	F6	cheb-F6	cheb-F5	66.5	37.6	TRUE
Ps.stu-PST_2565-F6	F6	cheb-F6	cheb-F5	67.8	36.8	TRUE
Ha.che-HCH_05166-F6	F6	cheb-F6	cheb-F5	68.6	41.0	TRUE
Ma.aqu-Maqu_1971-F6	F6	cheb-F6	cheb-F5	61.9	36.4	TRUE
Ce.jap-CJA_2137-F6	F6	cheb-F6	cheb-F5	69.4	38.0	TRUE
Marin-Mmwyl1_3424-F6	F6	cheb-F6	cheb-F13	53.9	31.1	TRUE
Sa.deg-Sde_2160-F6	F6	cheb-F6	cheb-F5	68.1	34.4	TRUE
Al.mac-MADE_02866-F6	F6	cheb-F6	cheb-F5	68.9	35.3	TRUE
Al.ehr-Mlg_0989-F6	F6	cheb-F6	cheb-F5	63.3	34.7	TRUE
Ha.hal-Hhal_0473-F6	F6	cheb-F6	cheb-F5	57.6	29.5	TRUE
Ps.atl-Patl_3026-F6	F6	cheb-F6	cheb-F5	61.5	34.7	TRUE
Ge.sul-GSU0293-F12	F12	cheb-F12	cheb-F5	119.3	89.0	TRUE
Ge.met-Gmet_3269-F12	F12	cheb-F12	cheb-F5	94.1	66.0	TRUE
Pe.pro-Ppro_0880-F12	F12	cheb-F12	cheb-F5	70.1	42.8	TRUE
Ge.lov-Glov_2817-F12	F12	cheb-F12	cheb-F5	63.9	37.7	TRUE
Ge.ura-Gura_4423-F12	F12	cheb-F12	cheb-F5	82.5	54.5	TRUE
Ge.bem-Gbem_3945-F12	F12	cheb-F12	cheb-Uncat	75.9	51.2	TRUE
Ca.hyd-CHY_0968-F1	F1	cheb-F1	cheb-F7	41.6	2.5	TRUE
De.red-Dred_2439-F1	F1	cheb-F1	cheb-F7	39.1	6.0	TRUE
Pe.the-PTH_2115-F1	F1	cheb-F1	cheb-F7	47.1	18.1	TRUE
De.aud-Daud_1791-F1	F1	cheb-F1	cheb-F7	38.5	1.0	TRUE
Me.ace-MA0015-F1	F1	cheb-F1	cheb-F13	32.4	0.6	TRUE
Me.maz-MM_1326-F1	F1	cheb-F1	cheb-F13	32.5	3.6	TRUE
Me.bar-Mbar_A0985-F1	F1	cheb-F1	cheb-F13	32.7	4.5	TRUE
De.psy-DP2644-F5	F5	cheb-F5	cheb-F7	47.2	17.3	TRUE
De.ole-Dole_0988-F5	F5	cheb-F5	cheb-F7	39.5	8.8	TRUE
Ge.ura-Gura_2688-F16	F16	cheb-F16	cheb-F7	116.8	89.2	TRUE
Ge.sul-GSU2214-F10	F10	cheb-F10	cheb-F1	68.0	37.5	TRUE
Ge.met-Gmet_2304-F10	F10	cheb-F10	cheb-F1	54.0	23.6	TRUE
Ge.ura-Gura_3138-F10	F10	cheb-F10	cheb-F1	46.8	16.1	TRUE
Ge.bem-Gbem_0748-F10	F10	cheb-F10	cheb-F1	47.9	15.5	TRUE
Ge.lov-Glov_2117-F10	F10	cheb-F10	cheb-F1	69.7	37.1	TRUE
My.xan-MXAN_4752-F10	F10	cheb-F10	cheb-F7	63.3	36.6	TRUE
An.deh-Adeh_2730-F10	F10	cheb-F10	cheb-F7	59.6	33.0	TRUE
Ca.cre-CC_0597-F5	F5	cheb-F5	cheb-F6	55.3	32.0	TRUE
Ma.mar-Mmar10_0661-F5	F5	cheb-F5	cheb-F6	52.0	25.1	TRUE
Br.jap-blr2195-F5	F5	cheb-F5	cheb-F1	52.7	33.6	TRUE
Brady-BBta_6556-F5	F5	cheb-F5	cheb-F1	52.5	32.6	TRUE
Rh.pal-RPA1630-F5	F5	cheb-F5	cheb-F1	53.7	35.1	TRUE
Ni.win-Nwi_0523-F5	F5	cheb-F5	cheb-F1	50.8	30.4	TRUE
Ni.ham-Nham_3373-F5	F5	cheb-F5	cheb-F1	52.4	32.2	TRUE
Ol.car-OCAR_7113-F5	F5	cheb-F5	cheb-F1	55.2	30.6	TRUE
Az.cau-AZC_0664-F5	F5	cheb-F5	cheb-F1	50.7	23.7	TRUE
Ma.mag-amb0323-F5	F5	cheb-F5	cheb-F10	57.8	37.2	TRUE
Rh.rub-Rru_A0523-F5	F5	cheb-F5	cheb-F10	57.3	32.1	TRUE
Rh.cen-RC1_1755-F5	F5	cheb-F5	cheb-F10	58.6	38.7	TRUE
Ph.zuc-PHZ_c3238-F5	F5	cheb-F5	cheb-F7	51.9	25.9	TRUE
Me.ext-Mext_1532-F5	F5	cheb-F5	cheb-F13	48.9	27.0	TRUE
Me.rad-Mrad2831_4032-F5	F5	cheb-F5	cheb-F13	43.7	19.3	TRUE
Methy-M446_4835-F5	F5	cheb-F5	cheb-F13	45.6	20.1	TRUE
Ac.bac-Acid345_1528-F5	F5	cheb-F5	cheb-F13	60.9	26.2	TRUE
Tr.ery-Tery_4227-F5	F5	cheb-F5	cheb-F13	58.1	29.1	TRUE
Ac.cel-Acel_1789-F5	F5	cheb-F5	cheb-F10	57.0	25.9	TRUE
Ki.rad-Krad_0321-F5	F5	cheb-F5	cheb-F1	53.4	30.8	TRUE
Nocar-Noca_3599-F5	F5	cheb-F5	cheb-F13	48.3	23.2	TRUE
My.xan-MXAN_6959-F13	F13	cheb-F13	cheb-F7	85.9	56.1	TRUE
So.cel-sce2662-F13	F13	cheb-F13	cheb-F10	85.0	55.9	TRUE
Op.ter-Oter_2938-F13	F13	cheb-F13	cheb-F5	87.6	53.7	TRUE
Sa.rub-SRU_2601-F15	F15	cheb-F15	cheb-F5	121.4	90.4	TRUE
Cl.the-Cthe_2281-F11	F11	cheb-F11	cheb-F1	124.8	98.3	TRUE
Cl.the-Cthe_2821-F11	F11	cheb-F11	cheb-F1	106.3	78.7	TRUE
Cl.bei-Cbei_4180-F11	F11	cheb-F11	cheb-F1	65.0	35.6	TRUE
Tr.pal-TP0631-F2	F2	cheb-F2	cheb-F7	72.6	29.8	TRUE
Tr.den-TDE0648-F2	F2	cheb-F2	cheb-F7	76.3	34.2	TRUE
Ac.bac-Acid345_1770-F2	F2	cheb-F2	cheb-F7	64.7	32.5	TRUE
Ps.aer-PA0173-F7	F7	cheb-F7	cheb-F8	53.7	9.3	TRUE
Es.col-Z2937-F7	F7	cheb-F7	cheb-F8	65.2	2.6	TRUE
Enter-Ent638_2454-F7	F7	cheb-F7	cheb-F8	64.7	0.7	TRUE
Er.tas-ETA_14690-F7	F7	cheb-F7	cheb-F8	62.3	1.6	TRUE
Ye.pes-YPO1679-F7	F7	cheb-F8	cheb-F7	67.3	4.7	FALSE
Pe.atr-ECA1693-F7	F7	cheb-F8	cheb-F7	67.7	6.0	FALSE
Pr.mir-PMI1663-F7	F7	cheb-F7	cheb-F8	62.4	7.1	TRUE
Bu.mal-BMA2854-F7	F7	cheb-F8	cheb-F7	68.1	5.7	FALSE
Ra.eut-Reut_B5612-F7	F7	cheb-F8	cheb-F7	56.6	0.5	FALSE
Ra.met-Rmet_3693-F7	F7	cheb-F8	cheb-F7	55.8	2.6	FALSE
Ra.sol-RSp1403-F7	F7	cheb-F8	cheb-F7	65.5	6.7	FALSE
Ra.pic-Rpic_4054-F7	F7	cheb-F8	cheb-F7	65.1	7.4	FALSE
Th.den-Tbd_1615-F7	F7	cheb-F8	cheb-F7	58.7	0.9	FALSE
He.ars-HEAR1305-F7	F7	cheb-F8	cheb-F7	58.5	0.7	FALSE
Janth-mma_2091-F7	F7	cheb-F8	cheb-F7	57.9	1.8	FALSE
Me.fla-Mfla_1930-F7	F7	cheb-F7	cheb-F8	61.7	1.0	TRUE
Ni.eur-NE1859-F7	F7	cheb-F8	cheb-F7	64.9	3.7	FALSE
Ni.eut-Neut_1173-F7	F7	cheb-F8	cheb-F7	62.5	1.5	FALSE
Ge.met-Gmet_1075-F7	F7	cheb-F8	cheb-F7	72.5	12.9	FALSE
Ge.bem-Gbem_1041-F7	F7	cheb-F8	cheb-F7	76.8	19.4	FALSE
Ge.ura-Gura_2165-F7	F7	cheb-F8	cheb-F7	67.3	7.9	FALSE
Bo.bro-BB2550-F7	F7	cheb-F8	cheb-F7	64.9	0.8	FALSE
Bo.avi-BAV1679-F7	F7	cheb-F8	cheb-F7	62.7	1.5	FALSE
Bo.pet-Bpet2106-F7	F7	cheb-F8	cheb-F7	65.0	1.4	FALSE
Ch.sal-Csal_2020-F7	F7	cheb-F8	cheb-F7	64.9	4.4	FALSE
Rh.fer-Rfer_0571-F7	F7	cheb-F7	cheb-F8	50.1	0.9	TRUE
Ac.ave-Aave_4374-F7	F7	cheb-F8	cheb-F7	50.8	3.8	FALSE
Acido-Ajs_3786-F7	F7	cheb-F8	cheb-F7	50.1	4.3	FALSE
Ve.eis-Veis_2172-F7	F7	cheb-F8	cheb-F7	43.6	2.4	FALSE
De.aci-Daci_0659-F7	F7	cheb-F8	cheb-F7	52.1	3.9	FALSE
Me.pet-Mpe_A2702-F7	F7	cheb-F8	cheb-F7	51.6	0.8	FALSE
Le.cho-Lcho_0702-F7	F7	cheb-F8	cheb-F7	60.1	4.9	FALSE
De.vul-DVU1596-F8	F8	cheb-F8	cheb-F7	72.8	17.3	TRUE
De.des-Dde_2104-F8	F8	cheb-F8	cheb-F7	68.9	12.4	TRUE
Ge.sul-GSU1145-F8	F8	cheb-F8	cheb-F7	76.1	15.7	TRUE
Ge.met-Gmet_2418-F8	F8	cheb-F8	cheb-F7	78.8	18.7	TRUE
Ge.ura-Gura_2982-F8	F8	cheb-F8	cheb-F7	74.8	16.8	TRUE
Ge.bem-Gbem_1597-F8	F8	cheb-F8	cheb-F7	72.4	14.5	TRUE
Pe.pro-Ppro_1611-F8	F8	cheb-F8	cheb-F7	73.3	14.6	TRUE
Ge.lov-Glov_1730-F8	F8	cheb-F8	cheb-F7	77.9	17.7	TRUE
De.ole-Dole_0878-F8	F8	cheb-F8	cheb-F7	76.0	18.2	TRUE
An.deh-Adeh_1383-F8	F8	cheb-F8	cheb-F7	70.7	16.4	TRUE
Rh.rub-Rru_A1406-F8	F8	cheb-F8	cheb-F7	73.7	15.7	TRUE
Caulo-Caul_0618-F8	F8	cheb-F8	cheb-F7	68.2	14.0	TRUE
Rh.etl-RHE_CH03515-F8	F8	cheb-F8	cheb-F7	79.0	22.7	TRUE
Rh.leg-RL4028-F8	F8	cheb-F8	cheb-F7	79.9	23.1	TRUE
Me.rad-Mrad2831_4820-F8	F8	cheb-F8	cheb-F7	69.1	13.0	TRUE
Br.jap-blr2349-F8	F8	cheb-F8	cheb-F7	80.1	26.5	TRUE
Brady-BBta_6730-F8	F8	cheb-F8	cheb-F7	74.8	23.5	TRUE
Brady-BBta_7833-F8	F8	cheb-F8	cheb-F7	76.3	22.5	TRUE
Rh.pal-RPA0137-F8	F8	cheb-F8	cheb-F7	74.6	19.5	TRUE
Xa.cam-XCC2705-F8	F8	cheb-F8	cheb-F7	76.1	20.8	TRUE
Rh.fer-Rfer_0906-F8	F8	cheb-F8	cheb-F7	75.2	13.9	TRUE
Le.cho-Lcho_3801-F8	F8	cheb-F8	cheb-F7	68.2	11.4	TRUE
Ac.ave-Aave_3548-F8	F8	cheb-F8	cheb-F7	74.2	17.7	TRUE
Ph.pro-PBPRA0778-F8	F8	cheb-F8	cheb-F7	67.3	7.5	TRUE
Ae.hyd-AHA_1030-F8	F8	cheb-F8	cheb-F7	67.3	9.8	TRUE
De.aro-Daro_1148-F8	F8	cheb-F8	cheb-F7	75.4	16.4	TRUE
Azoar-azo0402-F8	F8	cheb-F8	cheb-F7	73.9	17.3	TRUE
Ch.vio-CV_1009-F8	F8	cheb-F8	cheb-F7	76.2	17.2	TRUE
Ha.che-HCH_03703-F8	F8	cheb-F8	cheb-F7	65.6	4.3	TRUE
Sh.den-Sden_3301-F8	F8	cheb-F8	cheb-F7	68.3	10.8	TRUE
Ps.men-Pmen_1564-F8	F8	cheb-F8	cheb-F7	68.6	9.8	TRUE
Ch.vio-CV_2506-F8	F8	cheb-F8	cheb-F7	70.3	13.8	TRUE
Ae.hyd-AHA_2533-F8	F8	cheb-F8	cheb-F7	69.2	14.6	TRUE
Sh.one-SO_2327-F8	F8	cheb-F8	cheb-F7	76.1	11.7	TRUE
Le.bif-LBF_1528-F8	F8	cheb-F8	cheb-F7	67.4	14.7	TRUE
Ce.jap-CJA_2940-F8	F8	cheb-F8	cheb-F7	75.8	15.7	TRUE
Le.cho-Lcho_0337-F8	F8	cheb-F8	cheb-F7	63.2	9.2	TRUE
Le.cho-Lcho_1526-F8	F8	cheb-F8	cheb-F7	68.6	15.4	TRUE
An.deh-Adeh_0600-F8	F8	cheb-F8	cheb-F7	62.7	18.5	TRUE
Anaer-Anae109_0644-F8	F8	cheb-F8	cheb-F7	68.3	14.5	TRUE
Sy.aci-SYN_00964-F7	F7	cheb-F8	cheb-F7	62.5	2.8	FALSE
Le.int-LA2429-F8	F8	cheb-F8	cheb-F7	71.1	14.0	TRUE
Le.bor-LBJ_1816-F8	F8	cheb-F8	cheb-F7	68.0	11.6	TRUE
Rh.sph-RSP_1588-F8	F8	cheb-F8	cheb-F7	74.2	21.0	TRUE
Brady-BBta_2148-F7	F7	cheb-F7	cheb-F8	61.6	9.2	TRUE
An.deh-Adeh_1373-F7	F7	cheb-F7	cheb-F8	65.6	3.9	TRUE
Al.mac-MADE_00415-F7	F7	cheb-F7	cheb-F8	50.3	6.0	TRUE
Xa.cam-XCC1866-F7	F7	cheb-F7	cheb-F8	51.6	4.5	TRUE
St.mal-Smal_1843-F7	F7	cheb-F7	cheb-F8	56.8	4.6	TRUE
Ha.hal-Hhal_2160-F7	F7	cheb-F7	cheb-F8	53.2	8.4	TRUE
Ch.vio-CV_3436-F7	F7	cheb-F7	cheb-F8	60.6	11.0	TRUE
De.aro-Daro_0732-F7	F7	cheb-F7	cheb-F8	59.9	12.6	TRUE
Azoar-azo1456-F7	F7	cheb-F7	cheb-F8	58.5	7.6	TRUE
Ch.vio-CV_3139-F7	F7	cheb-F8	cheb-F7	61.3	0.3	FALSE
Th.cru-Tcr_0758-F7	F7	cheb-F7	cheb-F8	49.8	5.4	TRUE
So.usi-Acid_5374-F7	F7	cheb-F7	cheb-F8	63.3	7.2	TRUE
Magne-Mmc1_0626-F8	F8	cheb-F8	cheb-F7	71.2	25.0	TRUE
Ca.cre-CC_0436-F7	F7	cheb-F7	cheb-F8	64.2	19.2	TRUE
Caulo-Caul_0282-F7	F7	cheb-F7	cheb-F8	64.1	18.5	TRUE
Be.ind-Bind_3626-F7	F7	cheb-F7	cheb-F8	59.4	15.3	TRUE
Ph.zuc-PHZ_c3376-F7	F7	cheb-F7	cheb-F8	63.0	13.4	TRUE
Si.mel-SMc03010-F7	F7	cheb-F7	cheb-F8	63.8	18.5	TRUE
Ag.tum-Atu0519-F7	F7	cheb-F7	cheb-F8	66.3	17.3	TRUE
Rh.etl-RHE_CH00642-F7	F7	cheb-F7	cheb-F8	62.4	16.6	TRUE
Rh.leg-RL0691-F7	F7	cheb-F7	cheb-F8	65.2	17.1	TRUE
Ac.cry-Acry_2711-F7	F7	cheb-F7	cheb-F8	56.3	15.8	TRUE
Zy.mob-ZMO0081-F7	F7	cheb-F7	cheb-ACF	56.7	16.7	TRUE
Gl.oxy-GOX1555-F7	F7	cheb-F7	cheb-ACF	52.6	20.5	TRUE
Pe.car-Pcar_1200-F7	F7	cheb-F7	cheb-F8	56.9	17.0	TRUE
Sy.wol-Swol_1329-F7	F7	cheb-F7	cheb-F8	62.2	15.4	TRUE
Cl.the-Cthe_0807-F7	F7	cheb-F7	cheb-F8	66.9	16.0	TRUE
Cl.bei-Cbei_4826-F7	F7	cheb-F7	cheb-F8	58.4	13.6	TRUE
Cl.klu-CKL_0573-F7	F7	cheb-F7	cheb-F8	59.2	18.2	TRUE
Cl.dif-CD0542-F7	F7	cheb-F7	cheb-F8	55.2	11.6	TRUE
Su.den-Suden_0978-F7	F7	cheb-F7	cheb-F8	58.9	13.2	TRUE
Bd.bac-Bd3467-F7	F7	cheb-F7	cheb-F8	53.4	6.8	TRUE
Op.ter-Oter_0429-F7	F7	cheb-F7	cheb-F8	51.1	12.7	TRUE
Sh.ama-Sama_3499-F7	F7	cheb-F7	cheb-F8	59.2	11.4	TRUE
Sh.sed-Ssed_0182-F7	F7	cheb-F7	cheb-F8	58.4	12.2	TRUE
Sh.woo-Swoo_0162-F7	F7	cheb-F7	cheb-ACF	56.5	14.9	TRUE
Sh.loi-Shew_0109-F7	F7	cheb-F7	cheb-ACF	45.0	9.7	TRUE
Sa.deg-Sde_3102-F7	F7	cheb-F7	cheb-F8	53.6	13.2	TRUE
Ha.che-HCH_00463-F7	F7	cheb-F7	cheb-F8	52.4	10.1	TRUE
Vi.vul-VV2_1161-F7	F7	cheb-F7	cheb-F8	59.9	15.3	TRUE
Bo.bur-BB0568-F8	F8	cheb-F8	cheb-F7	72.8	21.3	TRUE
Bo.gar-BG0578-F8	F8	cheb-F8	cheb-F7	70.1	19.4	TRUE
Bo.afz-BAPKO_0598-F8	F8	cheb-F8	cheb-F7	72.0	20.3	TRUE
Bo.tur-BT0568-F8	F8	cheb-F8	cheb-F7	63.4	17.0	TRUE
Bo.her-BH0568-F8	F8	cheb-F8	cheb-F7	62.9	16.7	TRUE
Bo.dut-BDU_570-F8	F8	cheb-F8	cheb-F7	63.5	15.8	TRUE
Sh.one-SO_2126-F7	F7	cheb-F7	cheb-F8	48.8	2.9	TRUE
Sh.bal-Shew185_2242-F7	F7	cheb-F7	cheb-F8	44.3	6.2	TRUE
Marin-Mmwyl1_3304-F7	F7	cheb-F7	cheb-ACF	53.4	12.5	TRUE
Gl.dia-GDI1688-F7	F7	cheb-F7	cheb-F8	54.2	10.9	TRUE
He.hep-HH0456-F7	F7	cheb-F8	cheb-F7	47.7	1.8	FALSE
Wo.suc-WS1213-F7	F7	cheb-F8	cheb-F7	55.4	4.6	FALSE
Ar.but-Abu_1188-F7	F7	cheb-F7	cheb-F8	44.6	0.4	TRUE
Rh.sph-RSP_0047-F7	F7	cheb-F7	cheb-ACF	31.5	6.9	TRUE
Bo.bur-BB0415-F2	F2	cheb-F2	cheb-F7	68.3	39.3	TRUE
Bo.gar-BG0418-F2	F2	cheb-F2	cheb-F7	67.1	39.5	TRUE
Bo.afz-BAPKO_0431-F2	F2	cheb-F2	cheb-F7	65.9	38.5	TRUE
Bo.tur-BT0415-F2	F2	cheb-F2	cheb-F7	58.9	28.2	TRUE
Bo.her-BH0415-F2	F2	cheb-F2	cheb-F7	59.1	29.1	TRUE
Bo.dut-BDU_409-F2	F2	cheb-F2	cheb-F7	55.7	25.8	TRUE
Ca.sac-Csac_0179-Uncat	Uncat	cheb-F7	cheb-F8	45.7	3.4	FALSE
Ca.sac-Csac_0949-Uncat	Uncat	cheb-F7	cheb-F8	42.7	2.2	FALSE
Le.int-LA1252-F1	F1	cheb-F1	cheb-F7	27.8	3.4	TRUE
Le.bor-LBJ_0928-F1	F1	cheb-F1	cheb-F7	30.0	1.6	TRUE
Le.bif-LBF_2323-F1	F1	cheb-F2	cheb-F1	28.9	2.6	FALSE
Le.bif-LBF_0886-F7	F7	cheb-F7	cheb-F8	52.7	16.4	TRUE
Me.map-MMP0926-F1	F1	cheb-F1	cheb-F7	37.3	6.2	TRUE
Me.van-Mevan_0219-F1	F1	cheb-F1	cheb-F7	37.6	3.2	TRUE
Ca.sac-Csac_0813-F9	F9	cheb-F9	cheb-F1	37.2	12.8	TRUE
Cl.phy-Cphy_2691-F1	F1	cheb-F1	cheb-F5	28.8	3.4	TRUE
Th.ten-TTE1035-F9	F9	cheb-F9	cheb-F1	54.8	24.0	TRUE
Ca.hyd-CHY_1031-F9	F9	cheb-F9	cheb-F1	68.3	28.5	TRUE
Sy.wol-Swol_1449-F9	F9	cheb-F9	cheb-F1	49.4	22.9	TRUE
Nitra-NIS_0273-F9	F9	cheb-F9	cheb-F7	51.1	19.9	TRUE
Nitra-NIS_0862-F9	F9	cheb-F9	cheb-F8	45.1	7.7	TRUE
Rh.rub-Rru_A2323-F9	F9	cheb-F9	cheb-ACF	62.5	32.3	TRUE
Caulo-Caul_3303-F9	F9	cheb-F9	cheb-F10	58.9	30.1	TRUE
Methy-M446_2053-F9	F9	cheb-F9	cheb-F7	57.5	32.4	TRUE
Ki.rad-Krad_1847-F9	F9	cheb-F9	cheb-ACF	64.5	37.4	TRUE
Rh.cen-RC1_0342-F9	F9	cheb-F9	cheb-F1	71.6	42.6	TRUE
Al.mac-MADE_03246-F9	F9	cheb-F9	cheb-F1	49.0	32.0	TRUE
Th.ten-TTE1418-F1	F1	cheb-F1	cheb-F6	22.0	1.7	TRUE
Th.pse-Teth39_1233-F1	F1	cheb-F1	cheb-F7	22.6	0.3	TRUE
Ha.mar-rrnAC2204-F1	F1	cheb-F1	cheb-F7	39.1	8.7	TRUE
Na.pha-NP2174A-F1	F1	cheb-F1	cheb-F5	25.9	3.9	TRUE
Ha.sal-OE2416R-F1	F1	cheb-F1	cheb-F10	32.4	4.7	TRUE
So.cel-sce1599-F10	F10	cheb-F10	cheb-F13	62.4	31.8	TRUE
Si.mel-SMa1561-ACF	ACF	cheb-F5	cheb-ACF	31.0	0.2	FALSE
Mesor-Meso_0601-ACF	ACF	cheb-ACF	cheb-F5	37.2	2.3	TRUE
An.deh-Adeh_1192-ACF	ACF	cheb-ACF	cheb-F7	28.6	4.5	TRUE
My.xan-MXAN_6952-ACF	ACF	cheb-F5	cheb-ACF	33.0	6.8	FALSE
Anaer-Anae109_2298-ACF	ACF	cheb-ACF	cheb-F7	31.7	5.2	TRUE
Anaer-Anae109_0470-ACF	ACF	cheb-ACF	cheb-Uncat	26.0	3.9	TRUE
Anaer-Anae109_3532-ACF	ACF	cheb-ACF	cheb-F7	30.6	6.9	TRUE
An.deh-Adeh_0614-ACF	ACF	cheb-ACF	cheb-F7	39.4	9.9	TRUE
Anaer-Anae109_0658-ACF	ACF	cheb-ACF	cheb-F7	44.9	6.2	TRUE
My.xan-MXAN_4139-ACF	ACF	cheb-ACF	cheb-F7	44.7	3.9	TRUE
Ma.mag-amb1966-ACF	ACF	cheb-ACF	cheb-F7	28.2	1.0	TRUE
Rh.cen-RC1_2125-ACF	ACF	cheb-ACF	cheb-F7	28.2	1.9	TRUE
Gl.dia-GDI3288-ACF	ACF	cheb-ACF	cheb-F7	28.1	2.7	TRUE
Me.ext-Mext_2840-ACF	ACF	cheb-F7	cheb-ACF	36.2	1.2	FALSE
Me.rad-Mrad2831_2187-ACF	ACF	cheb-F8	cheb-ACF	30.8	1.5	FALSE
Methy-M446_0245-ACF	ACF	cheb-F7	cheb-ACF	33.9	1.0	FALSE
Ph.zuc-PHZ_c0695-ACF	ACF	cheb-ACF	cheb-F7	37.3	3.0	TRUE
Ge.met-Gmet_2711-ACF	ACF	cheb-ACF	cheb-F7	40.7	6.9	TRUE
Ni.mul-Nmul_A0334-ACF	ACF	cheb-ACF	cheb-F7	33.1	7.0	TRUE
Polar-Bpro_2467-ACF	ACF	cheb-ACF	cheb-F7	42.5	5.6	TRUE
Sy.aci-SYN_00430-ACF	ACF	cheb-ACF	cheb-F7	40.7	8.9	TRUE
Ge.bem-Gbem_2026-ACF	ACF	cheb-ACF	cheb-F7	34.6	5.6	TRUE
Rosei-RoseRS_0994-ACF	ACF	cheb-F7	cheb-ACF	54.5	4.7	FALSE
Ro.cas-Rcas_3196-ACF	ACF	cheb-F7	cheb-F8	54.0	4.3	FALSE
Ch.aur-Caur_0848-ACF	ACF	cheb-F7	cheb-ACF	45.2	6.1	FALSE
Me.hun-Mhun_0988-ACF	ACF	cheb-ACF	cheb-F7	30.5	4.1	TRUE
Ge.ura-Gura_4172-ACF	ACF	cheb-ACF	cheb-F7	39.0	4.1	TRUE
Ge.bem-Gbem_2383-ACF	ACF	cheb-ACF	cheb-F7	33.3	1.4	TRUE
Ac.cel-Acel_0222-ACF	ACF	cheb-F7	cheb-ACF	41.7	2.7	FALSE
Rosei-RoseRS_0034-ACF	ACF	cheb-ACF	cheb-F7	37.9	8.8	TRUE
Ro.cas-Rcas_4208-ACF	ACF	cheb-ACF	cheb-F7	43.6	9.1	TRUE
Ch.aur-Caur_1669-ACF	ACF	cheb-ACF	cheb-F7	38.0	3.7	TRUE
He.aur-Haur_0727-ACF	ACF	cheb-F7	cheb-ACF	35.7	1.6	FALSE
My.xan-MXAN_5145-ACF	ACF	cheb-ACF	cheb-F7	32.6	2.4	TRUE
Anaer-Anae109_2366-ACF	ACF	cheb-ACF	cheb-F7	45.9	0.1	TRUE
Ps.aer-PA3703-ACF	ACF	cheb-ACF	cheb-F7	50.1	8.2	TRUE
Ps.put-PP_1493-ACF	ACF	cheb-ACF	cheb-F7	44.5	6.5	TRUE
Ps.flu-PFL_1134-ACF	ACF	cheb-ACF	cheb-F7	43.2	5.4	TRUE
Ra.eut-Reut_B3648-ACF	ACF	cheb-ACF	cheb-F7	46.9	6.6	TRUE
Ra.met-Rmet_3968-ACF	ACF	cheb-ACF	cheb-F7	48.1	7.4	TRUE
Bu.mal-BMAA0221.1-ACF	ACF	cheb-ACF	cheb-F7	47.0	4.2	TRUE
Bo.avi-BAV1025-ACF	ACF	cheb-ACF	cheb-F7	43.9	8.7	TRUE
Me.lot-mll9510-ACF	ACF	cheb-ACF	cheb-F7	41.3	6.1	TRUE
Janth-mma_0013-ACF	ACF	cheb-ACF	cheb-F7	40.7	6.8	TRUE
No.pun-Npun_R0244-ACF	ACF	cheb-ACF	cheb-F7	42.7	7.0	TRUE
Ma.mag-amb3002-ACF	ACF	cheb-F7	cheb-F10	33.3	2.1	FALSE
Magne-Mmc1_1480-ACF	ACF	cheb-ACF	cheb-F10	31.5	1.7	TRUE
Ha.che-HCH_03846-ACF	ACF	cheb-ACF	cheb-F7	30.2	2.8	TRUE
Magne-Mmc1_1835-ACF	ACF	cheb-F7	cheb-ACF	47.2	3.5	FALSE
Me.cap-MCA0832-ACF	ACF	cheb-ACF	cheb-F7	34.9	3.8	TRUE
My.xan-MXAN_6028-ACF	ACF	cheb-ACF	cheb-F7	31.8	0.2	TRUE
He.mod-HM1_2027-ACF	ACF	cheb-ACF	cheb-F7	40.4	1.6	TRUE
Ba.cla-ABC2247-F1	F1	cheb-F1	cheb-F10	20.6	1.2	TRUE
Hydro-HY04AAS1_0394-Uncat	Uncat	cheb-Uncat	cheb-F10	33.3	11.0	TRUE
Me.hun-Mhun_0109-F1	F1	cheb-F1	cheb-F10	33.0	10.0	TRUE
Me.mas-Memar_0944-F1	F1	cheb-F1	cheb-F10	28.1	4.7	TRUE
Me.boo-Mboo_1337-F1	F1	cheb-F1	cheb-F10	34.9	11.0	TRUE
Magne-Mmc1_3581-F5	F5	cheb-F5	cheb-F1	44.5	18.6	TRUE
Co.pro-COPRO5265_0340-F1	F1	cheb-F13	cheb-F1	32.4	5.3	FALSE
Er.lit-ELI_11250-F5	F5	cheb-F5	cheb-F7	38.6	15.7	TRUE
Sp.ala-Sala_1737-F5	F5	cheb-F5	cheb-ACF	37.5	15.3	TRUE
Sp.wit-Swit_0068-F5	F5	cheb-F5	cheb-F7	46.4	25.4	TRUE
Ge.met-Gmet_2826-Uncat	Uncat	cheb-Uncat	cheb-F7	34.4	6.0	TRUE
Ge.bem-Gbem_1037-Uncat	Uncat	cheb-Uncat	cheb-ACF	30.6	3.4	TRUE
Me.hun-Mhun_0887-Uncat	Uncat	cheb-Uncat	cheb-F7	25.1	5.8	TRUE
Me.hun-Mhun_0952-Uncat	Uncat	cheb-Uncat	cheb-ACF	27.0	8.6	TRUE
Me.mas-Memar_2125-Uncat	Uncat	cheb-Uncat	cheb-MAC1	30.9	11.6	TRUE
Ro.den-RD1_2244-F7	F7	cheb-F7	cheb-ACF	34.9	17.2	TRUE
Janna-Jann_2844-F7	F7	cheb-F7	cheb-ACF	38.2	9.8	TRUE
Silic-TM1040_3210-F7	F7	cheb-F7	cheb-F8	41.4	13.3	TRUE
Zy.mob-ZMO0878-F7	F7	cheb-F7	cheb-F13	26.1	10.2	TRUE
Sp.wit-Swit_3186-F7	F7	cheb-F7	cheb-ACF	27.4	10.0	TRUE
De.vul-DVU0449-MAC1	MAC1	cheb-MAC1	cheb-Uncat	30.6	11.0	TRUE
Rh.rub-Rru_A1500-MAC1	MAC1	cheb-MAC1	cheb-ACF	37.6	22.7	TRUE
Ac.cry-Acry_3169-MAC1	MAC1	cheb-MAC1	cheb-Uncat	28.8	14.8	TRUE
Si.mel-SM_b20515-MAC1	MAC1	cheb-MAC1	cheb-MAC2	29.6	11.0	TRUE
Be.ind-Bind_3835-MAC1	MAC1	cheb-MAC1	cheb-MAC2	33.4	14.8	TRUE
Ni.oce-Noc_1601-MAC1	MAC1	cheb-MAC1	cheb-MAC2	23.9	7.7	TRUE
Ra.eut-Reut_B4915-MAC1	MAC1	cheb-MAC1	cheb-MAC2	36.3	21.0	TRUE
Ps.stu-PST_3560-MAC1	MAC1	cheb-MAC1	cheb-MAC2	39.9	22.8	TRUE
Po.nap-Pnap_1703-MAC1	MAC1	cheb-MAC1	cheb-Uncat	36.8	19.2	TRUE
Ac.ave-Aave_2417-MAC1	MAC1	cheb-MAC1	cheb-MAC2	28.2	9.8	TRUE
Gl.vio-gll1854-MAC1	MAC1	cheb-MAC1	cheb-MAC2	40.2	17.9	TRUE
An.var-Ava_0314-MAC1	MAC1	cheb-MAC1	cheb-MAC2	32.9	17.2	TRUE
Gl.vio-glr3562-MAC1	MAC1	cheb-MAC1	cheb-MAC2	37.4	20.8	TRUE
Ar.aro-ebA2146-MAC1	MAC1	cheb-MAC1	cheb-MAC2	31.5	13.8	TRUE
So.usi-Acid_5070-MAC1	MAC1	cheb-MAC1	cheb-MAC2	31.9	15.7	TRUE
An.deh-Adeh_3183-MAC1	MAC1	cheb-MAC1	cheb-Uncat	32.3	14.1	TRUE
Rh.pal-RPA3316-MAC1	MAC1	cheb-MAC1	cheb-Uncat	36.1	17.4	TRUE
Ni.ham-Nham_4605-MAC1	MAC1	cheb-MAC1	cheb-Uncat	39.1	19.3	TRUE
Be.ind-Bind_0707-MAC1	MAC1	cheb-MAC1	cheb-Uncat	39.3	21.9	TRUE
Me.ace-MA1989-MAC1	MAC1	cheb-MAC1	cheb-Uncat	48.4	31.1	TRUE
Me.ace-MA3542-MAC1	MAC1	cheb-MAC1	cheb-Uncat	49.4	31.9	TRUE
Me.bar-Mbar_A2183-MAC1	MAC1	cheb-MAC1	cheb-Uncat	45.1	23.4	TRUE
Rh.fer-Rfer_2355-MAC1	MAC1	cheb-MAC1	cheb-Uncat	43.5	28.1	TRUE
Ps.ing-Ping_2549-MAC1	MAC1	cheb-MAC1	cheb-ACF	40.4	25.2	TRUE
De.aro-Daro_2045-MAC1	MAC1	cheb-MAC1	cheb-ACF	36.3	14.6	TRUE
Ps.ing-Ping_1840-MAC1	MAC1	cheb-MAC1	cheb-ACF	45.5	22.6	TRUE
Ps.ing-Ping_3128-MAC1	MAC1	cheb-MAC1	cheb-ACF	44.8	22.5	TRUE
Ch.chl-Cag_0563-MAC1	MAC1	cheb-MAC1	cheb-ACF	36.0	13.9	TRUE
Ch.pha-Cpha266_1788-MAC1	MAC1	cheb-MAC1	cheb-ACF	46.2	22.7	TRUE
Pe.pha-Ppha_0229-MAC1	MAC1	cheb-MAC1	cheb-ACF	43.4	18.2	TRUE
Ch.lim-Clim_1600-MAC1	MAC1	cheb-MAC1	cheb-ACF	36.0	12.5	TRUE
Pe.pha-Ppha_1653-MAC1	MAC1	cheb-MAC1	cheb-ACF	43.3	18.9	TRUE
Rh.fer-Rfer_3013-MAC1	MAC1	cheb-MAC1	cheb-ACF	37.4	11.8	TRUE
Ge.met-Gmet_0780-MAC1	MAC1	cheb-MAC1	cheb-ACF	48.0	21.9	TRUE
Ma.mag-amb3654-MAC1	MAC1	cheb-MAC1	cheb-ACF	34.7	21.5	TRUE
Me.boo-Mboo_0327-MAC1	MAC1	cheb-MAC1	cheb-ACF	39.1	24.1	TRUE
Al.ehr-Mlg_1118-MAC1	MAC1	cheb-MAC1	cheb-F7	38.7	15.1	TRUE
Sa.deg-Sde_3046-MAC1	MAC1	cheb-MAC1	cheb-Uncat	43.4	24.1	TRUE
Me.bur-Mbur_0399-MAC1	MAC1	cheb-MAC1	cheb-Uncat	43.2	20.9	TRUE
Magne-Mmc1_3390-MAC1	MAC1	cheb-MAC1	cheb-Uncat	47.5	27.0	TRUE
Pe.pro-Ppro_3165-MAC1	MAC1	cheb-MAC1	cheb-Uncat	49.2	27.2	TRUE
So.cel-sce4190-MAC1	MAC1	cheb-MAC1	cheb-F10	39.9	17.3	TRUE
Ch.tha-Ctha_1653-MAC1	MAC1	cheb-MAC1	cheb-F8	30.1	14.6	TRUE
Rh.bal-RB4511-MAC1	MAC1	cheb-MAC1	cheb-Uncat	35.7	14.3	TRUE
Gr.for-GFO_1960-MAC1	MAC1	cheb-MAC1	cheb-Uncat	50.2	28.8	TRUE
Ac.mar-AM1_5892-MAC1	MAC1	cheb-MAC1	cheb-Uncat	41.6	20.5	TRUE
Cy.hut-CHU_1237-MAC1	MAC1	cheb-MAC1	cheb-MAC2	39.6	16.8	TRUE
Ni.ham-Nham_3990-MAC1	MAC1	cheb-MAC1	cheb-Uncat	38.8	20.6	TRUE
Rh.sph-RSP_2229-MAC1	MAC1	cheb-MAC1	cheb-Uncat	43.5	23.7	TRUE
Gr.bet-GbCGDNIH1_1133-MAC1	MAC1	cheb-MAC1	cheb-Uncat	36.9	19.1	TRUE
Me.rad-Mrad2831_4430-MAC1	MAC1	cheb-MAC1	cheb-Uncat	32.6	16.7	TRUE
Silic-TM1040_1028-MAC1	MAC1	cheb-MAC1	cheb-ACF	57.8	36.1	TRUE
Gr.for-GFO_1684-MAC1	MAC1	cheb-MAC1	cheb-ACF	36.0	16.5	TRUE
Sa.rub-SRU_0336-MAC1	MAC1	cheb-MAC1	cheb-MAC2	36.4	15.6	TRUE
Nitra-NIS_1076-MAC1	MAC1	cheb-MAC1	cheb-Uncat	40.3	16.6	TRUE
Ma.mag-amb3329-MAC1	MAC1	cheb-MAC1	cheb-Uncat	43.2	17.3	TRUE
Magne-Mmc1_2635-MAC1	MAC1	cheb-MAC1	cheb-F7	41.7	20.0	TRUE
Janna-Jann_2564-MAC1	MAC1	cheb-MAC1	cheb-Uncat	38.4	15.7	TRUE
Silic-TM1040_2227-MAC1	MAC1	cheb-MAC1	cheb-F10	35.2	13.7	TRUE
Ro.den-RD1_3107-MAC1	MAC1	cheb-MAC1	cheb-Uncat	36.9	16.6	TRUE
Silic-TM1040_0460-MAC1	MAC1	cheb-MAC1	cheb-Uncat	33.4	17.9	TRUE
Cyano-cce_2232-MAC1	MAC1	cheb-MAC1	cheb-Uncat	29.4	11.0	TRUE
Rh.cen-RC1_3878-MAC1	MAC1	cheb-MAC1	cheb-Uncat	37.2	15.5	TRUE
Ps.put-PP_3759-MAC2	MAC2	cheb-MAC2	cheb-F7	50.9	34.2	TRUE
Po.nap-Pnap_1071-MAC2	MAC2	cheb-MAC2	cheb-F7	47.3	31.3	TRUE
Ps.flu-PFL_3249-MAC2	MAC2	cheb-MAC2	cheb-F7	52.8	31.3	TRUE
Ps.men-Pmen_0171-MAC2	MAC2	cheb-MAC2	cheb-F7	45.5	25.7	TRUE
Me.fla-Mfla_2589-MAC2	MAC2	cheb-MAC2	cheb-F7	45.9	30.3	TRUE
Ps.stu-PST_3883-MAC2	MAC2	cheb-MAC2	cheb-F7	53.1	28.6	TRUE
Xa.cam-XCC1183-MAC2	MAC2	cheb-MAC2	cheb-F10	36.1	13.4	TRUE
St.mal-Smal_1739-MAC2	MAC2	cheb-MAC2	cheb-F10	30.2	8.6	TRUE
Ac.ave-Aave_3994-MAC2	MAC2	cheb-MAC2	cheb-MAC1	50.9	31.1	TRUE
Acido-Ajs_0649-MAC2	MAC2	cheb-MAC2	cheb-MAC1	49.6	24.6	TRUE
De.aci-Daci_3829-MAC2	MAC2	cheb-MAC2	cheb-MAC1	52.0	32.4	TRUE
Oc.ant-Oant_4782-MAC2	MAC2	cheb-MAC2	cheb-F7	44.3	21.4	TRUE
Sp.wit-Swit_5355-MAC2	MAC2	cheb-MAC2	cheb-F13	40.5	20.5	TRUE
Le.int-LA1744-MAC2	MAC2	cheb-MAC2	cheb-F7	49.1	25.8	TRUE
Le.bor-LBJ_1249-MAC2	MAC2	cheb-MAC2	cheb-MAC1	47.2	23.6	TRUE
De.psy-DP1791-MAC2	MAC2	cheb-MAC2	cheb-MAC1	45.5	27.9	TRUE
Ge.met-Gmet_2640-MAC2	MAC2	cheb-MAC2	cheb-F7	36.4	15.6	TRUE
Vi.vul-VV2_0378-MAC2	MAC2	cheb-MAC2	cheb-MAC1	48.0	28.4	TRUE
Sh.sed-Ssed_1646-MAC2	MAC2	cheb-MAC2	cheb-MAC1	46.1	18.7	TRUE
An.var-Ava_4782-MAC2	MAC2	cheb-MAC2	cheb-F7	51.7	24.4	TRUE
No.pun-Npun_F3540-MAC2	MAC2	cheb-MAC2	cheb-MAC1	52.6	26.3	TRUE
Ps.ing-Ping_3721-MAC2	MAC2	cheb-MAC2	cheb-MAC1	52.1	27.5	TRUE
Cy.hut-CHU_2078-MAC2	MAC2	cheb-MAC2	cheb-F7	38.0	16.0	TRUE
Sh.woo-Swoo_1963-MAC2	MAC2	cheb-MAC2	cheb-MAC1	41.7	22.5	TRUE
Ma.mag-amb3880-MAC2	MAC2	cheb-MAC2	cheb-MAC1	40.8	26.0	TRUE
Al.bor-ABO_1310-MAC2	MAC2	cheb-MAC2	cheb-F7	37.9	21.0	TRUE
No.pun-Npun_F0262-MAC1	MAC1	cheb-MAC1	cheb-F5	33.3	7.5	TRUE
He.mod-HM1_0196-MAC1	MAC1	cheb-MAC1	cheb-MAC2	34.6	3.3	TRUE
Fl.joh-Fjoh_3351-MAC2	MAC2	cheb-MAC2	cheb-MAC1	40.6	25.0	TRUE
Ha.hal-Hhal_1716-MAC1	MAC1	cheb-MAC1	cheb-F5	40.0	25.1	TRUE
My.avi-MAP3235c-MAC1	MAC1	cheb-MAC1	cheb-F7	21.9	6.4	TRUE
My.van-Mvan_3206-MAC1	MAC1	cheb-MAC1	cheb-ACF	21.0	6.3	TRUE
Si.mel-SM_b20514-MAC1	MAC1	cheb-F7	cheb-MAC1	20.4	0.9	FALSE
Be.ind-Bind_3836-MAC1	MAC1	cheb-MAC1	cheb-MAC2	24.5	3.5	TRUE
Rh.etl-RHE_PF00075-MAC1	MAC1	cheb-MAC1	cheb-MAC2	24.7	3.2	TRUE
Me.rad-Mrad2831_6263-MAC1	MAC1	cheb-MAC1	cheb-MAC2	29.3	0.5	TRUE
Methy-M446_6210-MAC1	MAC1	cheb-MAC1	cheb-MAC2	27.2	2.9	TRUE
Xa.cam-XCC2021-MAC1	MAC1	cheb-MAC1	cheb-F7	25.1	5.3	TRUE
Xa.cam-XCC2822-MAC1	MAC1	cheb-MAC1	cheb-MAC2	26.6	1.9	TRUE
Ar.aro-ebA2148-MAC1	MAC1	cheb-MAC2	cheb-MAC1	25.5	4.0	FALSE
No.pun-Npun_BF231-MAC1	MAC1	cheb-MAC1	cheb-MAC2	31.6	4.8	TRUE
Po.nap-Pnap_3575-MAC1	MAC1	cheb-MAC1	cheb-MAC2	27.3	3.0	TRUE
Ra.eut-Reut_A0607-MAC1	MAC1	cheb-MAC2	cheb-MAC1	19.4	1.6	FALSE
Rh.bal-RB10924-MAC1	MAC1	cheb-MAC1	cheb-ACF	32.8	10.4	TRUE
Me.rad-Mrad2831_5709-MAC1	MAC1	cheb-MAC1	cheb-MAC2	32.3	20.8	TRUE
Ra.eut-Reut_B5191-MAC1	MAC1	cheb-MAC1	cheb-F5	27.9	14.5	TRUE
Ma.mag-amb2932-MAC1	MAC1	cheb-MAC1	cheb-MAC2	26.9	9.9	TRUE
So.cel-sce1730-MAC1	MAC1	cheb-MAC1	cheb-MAC2	26.5	10.5	TRUE
My.avi-MAP3232-MAC1	MAC1	cheb-MAC1	cheb-ACF	17.5	1.1	TRUE
Ch.pha-Cpha266_0793-MAC1	MAC1	cheb-MAC1	cheb-MAC2	15.7	8.5	TRUE
Ps.ing-Ping_2504-MAC1	MAC1	cheb-MAC1	cheb-MAC2	18.9	9.8	TRUE
Vi.cho-VC1401-F9	F9	cheb-F9	cheb-ACF	38.9	20.2	TRUE
So.glo-SG2065-F7	F7	cheb-F7	cheb-F8	42.6	4.2	TRUE
Ca.jej-Cj0924c-F3	F3	cheb-F3	cheb-F7	75.0	39.8	TRUE
Ca.fet-CFF8240_0805-F3	F3	cheb-F3	cheb-F7	80.5	54.0	TRUE
Ca.cur-CCV52592_1332-F3	F3	cheb-F3	cheb-F7	76.4	48.4	TRUE
Ca.con-CCC13826_0841-F3	F3	cheb-F3	cheb-F7	65.3	37.7	TRUE
Su.den-Suden_1939-F3	F3	cheb-F3	cheb-F7	61.0	39.4	TRUE
Nitra-NIS_0917-F3	F3	cheb-F3	cheb-F7	52.1	30.6	TRUE
Ps.aer-PA0414-Tfp	Tfp	cheb-Tfp	cheb-Uncat	39.8	28.3	TRUE
Ma.aqu-Maqu_3773-Tfp	Tfp	cheb-Tfp	cheb-ACF	48.4	40.7	TRUE
Al.bor-ABO_0103-Tfp	Tfp	cheb-Tfp	cheb-ACF	38.3	32.0	TRUE
Ni.oce-Noc_0125-Tfp	Tfp	cheb-Tfp	cheb-F5	36.6	23.4	TRUE
Sa.deg-Sde_3628-Tfp	Tfp	cheb-Tfp	cheb-ACF	43.3	31.9	TRUE
Ce.jap-CJA_0073-Tfp	Tfp	cheb-Tfp	cheb-F6	43.0	31.0	TRUE
Ps.cry-Pcryo_2095-Tfp	Tfp	cheb-Tfp	cheb-Uncat	19.2	9.5	TRUE
Ch.vio-CV_1580-MAC2	MAC2	cheb-MAC2	cheb-F7	33.8	14.7	TRUE
Bd.bac-Bd0580-Uncat	Uncat	cheb-Uncat	cheb-MAC2	24.7	8.6	TRUE
My.xan-MXAN_0714-MAC2	MAC2					NONE	none
My.gil-Mflv_1002-MAC2	MAC2	cheb-MAC2	cheb-MAC1	41.9	32.7	TRUE
Sy.fum-Sfum_1652-Uncat	Uncat	cheb-Uncat	cheb-MAC2	32.9	9.8	TRUE
Sy.fum-Sfum_1645-Uncat	Uncat	cheb-Uncat	cheb-MAC2	25.9	10.1	TRUE
Me.cap-MCA1246-MAC1	MAC1					NONE	none
Ba.pum-BPUM_0869-MAC1	MAC1					NONE	none
