Th.mar-TM0904-F1	F1	chec-F1	chec-PAS	49.8	25.0	TRUE
Th.mel-Tmel_1433-F1	F1	chec-F1	chec-PAS	47.9	28.1	TRUE
Fe.nod-Fnod_0381-F1	F1	chec-F1	chec-PAS	85.3	60.4	TRUE
Th.let-Tlet_0619-F1	F1	chec-F1	chec-PAS	79.2	60.9	TRUE
Pe.mob-Pmob_1402-F1	F1	chec-F1	chec-PAS	81.1	59.1	TRUE
Ba.sub-BSU16450-F1	F1	chec-F1	chec-PAS	85.5	66.5	TRUE
Ba.lic-BL01248-F1	F1	chec-F1	chec-PAS	44.2	23.3	TRUE
Ba.pum-BPUM_1544-F1	F1	chec-F1	chec-PAS	88.8	65.8	TRUE
Ba.hal-BH2434-F1	F1	chec-F1	chec-PAS	97.3	74.2	TRUE
Ge.kau-GK1244-F1	F1	chec-F1	chec-PAS	64.8	40.8	TRUE
Ge.the-GTNG_1098-F1	F1	chec-F1	chec-PAS	63.6	39.1	TRUE
Ly.sph-Bsph_1576-F1	F1	chec-F1	chec-PAS	100.4	80.2	TRUE
Oc.ihe-OB1580-F1	F1	chec-F1	chec-PAS	94.8	68.5	TRUE
Th.ten-TTE1415-F1	F1	chec-F1	chec-PAS	54.2	34.3	TRUE
Th.pse-Teth39_1230-F1	F1	chec-F1	chec-PAS	52.8	35.2	TRUE
Cl.the-Cthe_0492-F1	F1	chec-F1	chec-PAS	54.8	28.1	TRUE
Al.met-Amet_2696-F1	F1	chec-F1	chec-PAS	51.0	33.3	TRUE
Al.ore-Clos_1508-F1	F1	chec-F1	chec-PAS	64.9	38.6	TRUE
Ca.sac-Csac_1283-F1	F1	chec-F1	chec-PAS	49.1	32.1	TRUE
Cl.phy-Cphy_2688-F1	F1	chec-F1	chec-PAS	56.5	31.9	TRUE
Sy.wol-Swol_0876-F1	F1	chec-F1	chec-PAS	47.7	22.8	TRUE
He.mod-HM1_0441-F1	F1	chec-F1	chec-PAS	54.2	35.2	TRUE
He.mod-HM1_1953-F1	F1	chec-F1	chec-PAS	51.6	34.3	TRUE
Na.the-Nther_1420-F1	F1	chec-F1	chec-PAS	100.3	79.0	TRUE
Cl.ace-CAC2219-F1	F1	chec-F1	chec-PAS	55.1	29.1	TRUE
Cl.bot-CLB_2688-F1	F1	chec-F1	chec-PAS	49.8	23.4	TRUE
Cl.nov-NT01CX_1865-F1	F1	chec-F1	chec-PAS	48.5	23.4	TRUE
Cl.klu-CKL_2128-F1	F1	chec-F1	chec-PAS	46.9	18.8	TRUE
Cl.bei-Cbei_4306-F1	F1	chec-F1	chec-PAS	46.0	20.2	TRUE
Ca.hyd-CHY_1017-F1	F1	chec-F1	chec-PAS	50.9	35.5	TRUE
De.red-Dred_2383-F1	F1	chec-F1	chec-PAS	87.4	64.5	TRUE
Pe.the-PTH_2063-F1	F1	chec-F1	chec-PAS	56.7	30.2	TRUE
De.aud-Daud_1739-F1	F1	chec-F1	chec-PAS	79.5	58.0	TRUE
Mo.the-Moth_0802-F1	F1	chec-F1	chec-PAS	43.5	20.3	TRUE
Ge.sul-GSU3200-F1	F1	chec-F1	chec-PAS	51.8	27.9	TRUE
Ge.met-Gmet_3210-F1	F1	chec-F1	chec-PAS	48.1	26.4	TRUE
Ge.ura-Gura_0720-F1	F1	chec-F1	chec-PAS	47.0	19.7	TRUE
Cl.dif-CD0534-F1	F1	chec-F1	chec-PAS	39.5	23.6	TRUE
Ex.sib-Exig_1855-F1	F1	chec-F1	chec-PAS	35.7	23.8	TRUE
De.haf-DSY2970-F1	F1	chec-F1	chec-PAS	51.3	26.5	TRUE
Ge.bem-Gbem_0621-F1	F1	chec-F1	chec-PAS	34.9	13.2	TRUE
Co.pro-COPRO5265_0294-F1	F1	chec-F1	chec-PAS	37.4	16.2	TRUE
Py.aby-PAB1333-F1	F1	chec-F1	chec-PAS	35.9	17.3	TRUE
Py.hor-PH0487-F1	F1	chec-F1	chec-PAS	34.8	16.4	TRUE
Th.kod-TK0636-F1	F1	chec-F1	chec-PAS	43.8	24.2	TRUE
Ar.ful-AF1039-F1	F1	chec-F1	chec-PAS	48.6	21.3	TRUE
Me.ace-MA3065-F1	F1	chec-F1	chec-PAS	38.3	10.1	TRUE
Me.maz-MM_0327-F1	F1	chec-F1	chec-PAS	37.0	8.6	TRUE
Me.bur-Mbur_0362-F1	F1	chec-F1	chec-PAS	41.8	18.4	TRUE
Me.hun-Mhun_0110-F1	F1	chec-F1	chec-PAS	39.1	26.8	TRUE
Me.mas-Memar_0942-F1	F1	chec-F1	chec-PAS	38.1	24.2	TRUE
Me.boo-Mboo_1335-F1	F1	chec-F1	chec-PAS	44.1	20.6	TRUE
Me.hun-Mhun_0112-F1	F1	chec-F1	chec-PAS	37.2	17.1	TRUE
Me.ace-MA0012-F1	F1	chec-F1	chec-PAS	28.4	15.2	TRUE
Me.maz-MM_1323-F1	F1	chec-F1	chec-PAS	46.0	29.9	TRUE
My.xan-MXAN_6691-F1	F1	chec-F1	chec-PAS	37.0	6.9	TRUE
An.deh-Adeh_4315-F1	F1	chec-F1	chec-PAS	37.7	29.6	TRUE
Anaer-Anae109_4460-F1	F1	chec-F1	chec-PAS	34.3	23.1	TRUE
Py.aby-PAB1334-F1	F1	chec-F1	chec-PAS	37.0	24.8	TRUE
Py.hor-PH0488-F1	F1	chec-F1	chec-PAS	33.3	23.1	TRUE
Th.kod-TK0637-F1	F1	chec-F1	chec-PAS	28.9	17.4	TRUE
Ba.cla-ABC2246-F1	F1	chec-F1	chec-PAS	28.5	11.2	TRUE
Le.int-LA1251-F1	F1	chec-F1	chec-PAS	48.0	29.4	TRUE
Le.bor-LBJ_0927-F1	F1	chec-F1	chec-PAS	32.1	14.0	TRUE
Le.bif-LBF_2324-F1	F1	chec-F1	chec-PAS	33.9	18.3	TRUE
Ha.mar-rrnAC0528-F1	F1	chec-F1	chec-PAS	29.5	15.2	TRUE
Ha.mar-rrnAC1258-F1	F1	chec-F1	chec-PAS	48.3	32.7	TRUE
Ha.mar-rrnAC2623-F1	F1	chec-F1	chec-PAS	44.4	29.7	TRUE
Ha.sal-OE2414R-F1	F1	chec-F1	chec-PAS	33.0	24.1	TRUE
Na.pha-NP2104A-2	2	chec-F1	chec-PAS	34.1	23.0	FALSE
Na.pha-NP3118A-2	2	chec-F1	chec-PAS	23.5	11.0	FALSE
Vi.cho-VC1083-PAS	PAS	chec-PAS	chec-F1	38.2	19.8	TRUE
Sh.one-SO_2546-PAS	PAS	chec-PAS	chec-F1	39.8	18.1	TRUE
Al.mac-MADE_01456-PAS	PAS	chec-PAS	chec-F1	34.6	9.2	TRUE
Ha.che-HCH_00673-PAS	PAS	chec-PAS	chec-F1	38.8	28.2	TRUE
Bu.mal-BMAA0679-PAS	PAS	chec-PAS	chec-F1	50.5	24.8	TRUE
Bu.mal-BMAA2106-PAS	PAS	chec-PAS	chec-F1	71.7	52.3	TRUE
Vi.cho-VCA0189-PAS	PAS	chec-PAS	chec-F1	53.3	45.4	TRUE
Vi.vul-VV2_0716-PAS	PAS	chec-PAS	chec-F1	51.3	43.0	TRUE
Vi.par-VPA1162-PAS	PAS	chec-PAS	chec-F1	51.8	43.1	TRUE
Vi.fis-VF_A0608-PAS	PAS	chec-PAS	chec-F1	49.3	42.4	TRUE
Al.sal-VSAL_II0601-PAS	PAS	chec-PAS	chec-F1	49.7	42.8	TRUE
Co.psy-CPS_3578-PAS	PAS	chec-PAS	chec-F1	62.1	50.6	TRUE
Ps.hal-PSHAa1210-PAS	PAS	chec-PAS	chec-F1	61.4	51.2	TRUE
Ha.che-HCH_01662-PAS	PAS	chec-PAS	chec-F1	68.4	53.5	TRUE
Sh.one-SO_0570-PAS	PAS	chec-PAS	chec-F1	65.4	53.8	TRUE
Sh.bal-Shew185_3793-PAS	PAS	chec-PAS	chec-F1	67.1	55.5	TRUE
Sh.loi-Shew_0453-PAS	PAS	chec-PAS	chec-F1	64.3	53.1	TRUE
Sh.sed-Ssed_0622-PAS	PAS	chec-PAS	chec-F1	64.7	53.5	TRUE
Sh.woo-Swoo_4328-PAS	PAS	chec-PAS	chec-F1	67.4	55.7	TRUE
Sh.hal-Shal_3795-PAS	PAS	chec-PAS	chec-F1	65.5	48.8	TRUE
Sh.fri-Sfri_3511-PAS	PAS	chec-PAS	chec-F1	65.5	53.9	TRUE
Sh.ama-Sama_3136-PAS	PAS	chec-PAS	chec-F1	65.2	52.9	TRUE
Sh.den-Sden_0533-PAS	PAS	chec-PAS	chec-F1	67.5	52.3	TRUE
Ae.hyd-AHA_1797-PAS	PAS	chec-PAS	chec-F1	69.2	55.7	TRUE
Al.mac-MADE_03100-PAS	PAS	chec-PAS	chec-F1	60.5	49.0	TRUE
Ps.stu-PST_2219-PAS	PAS	chec-PAS	chec-F1	59.9	47.2	TRUE
Ps.men-Pmen_3725-PAS	PAS	chec-PAS	chec-F1	62.0	46.9	TRUE
Sa.deg-Sde_0393-PAS	PAS	chec-PAS	chec-F1	62.9	53.7	TRUE
Ce.jap-CJA_2060-PAS	PAS	chec-PAS	chec-F1	65.6	51.3	TRUE
Marin-Mmwyl1_0614-PAS	PAS	chec-PAS	chec-F1	59.9	37.1	TRUE
Ma.aqu-Maqu_2606-PAS	PAS	chec-PAS	chec-F1	56.5	50.8	TRUE
Id.loi-IL0510-PAS	PAS	chec-PAS	chec-F1	96.6	86.2	TRUE
Ps.atl-Patl_3836-PAS	PAS	chec-PAS	chec-F1	56.8	46.7	TRUE
Al.mac-MADE_03705-PAS	PAS	chec-PAS	chec-F1	57.0	41.3	TRUE
Co.psy-CPS_4294-PAS	PAS	chec-PAS	chec-F1	49.3	34.0	TRUE
De.psy-DP1553-PAS	PAS	chec-PAS	chec-F1	24.8	14.2	TRUE
Ar.but-Abu_1359-PAS	PAS	chec-PAS	chec-F1	33.3	27.8	TRUE
Pe.pro-Ppro_0086-PAS	PAS	chec-PAS	chec-F1	88.1	70.9	TRUE
Ge.lov-Glov_3315-PAS	PAS	chec-PAS	chec-F1	81.0	62.6	TRUE
De.ole-Dole_1058-PAS	PAS	chec-PAS	chec-F1	72.6	53.9	TRUE
Ma.mag-amb4153-PAS	PAS	chec-PAS	chec-F1	80.7	62.5	TRUE
Caulo-Caul_3299-PAS	PAS	chec-PAS	chec-F1	65.9	45.0	TRUE
Methy-M446_2046-PAS	PAS	chec-PAS	chec-F1	73.4	52.1	TRUE
Magne-Mmc1_2283-PAS	PAS	chec-PAS	chec-F1	90.4	64.2	TRUE
Magne-Mmc1_3527-PAS	PAS	chec-PAS	chec-F1	89.7	72.8	TRUE
Rh.fer-Rfer_1888-PAS	PAS	chec-PAS	chec-F1	37.1	14.4	TRUE
Le.bif-LBF_3165-PAS	PAS	chec-PAS	chec-F1	37.8	25.2	TRUE
Op.ter-Oter_2940-PAS	PAS	chec-PAS	chec-F1	37.0	13.3	TRUE
Me.hun-Mhun_2685-PAS	PAS	chec-PAS	chec-F1	39.4	21.2	TRUE
Tr.ery-Tery_4223-PAS	PAS	chec-PAS	chec-F1	55.1	39.8	TRUE
Me.hun-Mhun_2682-PAS	PAS	chec-PAS	chec-F1	42.1	30.3	TRUE
Sy.wol-Swol_0335-PAS	PAS	chec-PAS	chec-F1	31.9	20.5	TRUE
He.mod-HM1_2021-PAS	PAS	chec-PAS	chec-F1	32.7	17.0	TRUE
Me.map-MMP0931-F1	F1	chec-F1	chec-PAS	29.1	14.4	TRUE
Me.van-Mevan_0258-F1	F1	chec-F1	chec-PAS	27.8	14.7	TRUE
Me.map-MMP0932-F1	F1	chec-F1	chec-PAS	37.4	23.6	TRUE
Me.van-Mevan_0257-F1	F1	chec-F1	chec-PAS	35.5	25.1	TRUE
Magne-Mmc1_0702-PAS	PAS	chec-PAS	chec-F1	30.3	18.1	TRUE
