Th.mar-TM0464-F1	F1	cher-ACF	cher-F1	32.9	3.9	FALSE
Th.mel-Tmel_0987-F1	F1	cher-ACF	cher-Uncat	34.0	3.7	FALSE
Fe.nod-Fnod_1104-F1	F1	cher-ACF	cher-Uncat	31.3	2.0	FALSE
Th.let-Tlet_1013-F1	F1	cher-ACF	cher-Uncat	31.8	0.0	FALSE
Pe.mob-Pmob_0809-F1	F1	cher-ACF	cher-F1	33.0	2.4	FALSE
Cl.ace-CAC2221-F1	F1	cher-F1	cher-ACF	29.4	2.0	TRUE
Cl.nov-NT01CX_1863-F1	F1	cher-F1	cher-ACF	27.8	0.0	TRUE
Cl.klu-CKL_2130-F1	F1	cher-F1	cher-ACF	28.4	1.3	TRUE
Cl.bot-CLB_2690-F1	F1	cher-F1	cher-F8	28.3	3.8	TRUE
Cl.bei-Cbei_4308-F1	F1	cher-F1	cher-ACF	26.1	4.3	TRUE
Mo.the-Moth_0801-F1	F1	cher-ACF	cher-F1	29.7	3.9	FALSE
De.red-Dred_2384-F1	F1	cher-F1	cher-F8	28.6	1.2	TRUE
Pe.the-PTH_2064-F1	F1	cher-ACF	cher-F1	30.7	1.5	FALSE
De.aud-Daud_1740-F1	F1	cher-ACF	cher-F1	30.3	0.6	FALSE
Ba.sub-BSU22720-F1	F1	cher-ACF	cher-F8	34.1	1.0	FALSE
Ba.lic-BL02780-F1	F1	cher-F8	cher-Uncat	30.7	0.0	FALSE
Ba.pum-BPUM_2003-F1	F1	cher-Uncat	cher-F8	30.8	0.4	FALSE
Ba.hal-BH1655-F1	F1	cher-F8	cher-ACF	33.7	0.5	FALSE
Ge.kau-GK2208-F1	F1	cher-F8	cher-F13	32.9	2.2	FALSE
Ge.the-GTNG_2142-F1	F1	cher-F8	cher-F13	32.4	1.0	FALSE
Oc.ihe-OB1786-F1	F1	cher-F1	cher-ACF	43.3	7.5	TRUE
Na.the-Nther_1604-F1	F1	cher-ACF	cher-F8	35.7	0.3	FALSE
Th.ten-TTE1355-F1	F1	cher-ACF	cher-F8	34.1	1.9	FALSE
Th.pse-Teth39_1172-F1	F1	cher-ACF	cher-F8	34.1	1.9	FALSE
Cl.the-Cthe_0717-F1	F1	cher-F1	cher-F8	30.0	2.2	TRUE
Al.met-Amet_2623-F1	F1	cher-F1	cher-ACF	29.0	2.6	TRUE
Al.ore-Clos_1560-F1	F1	cher-ACF	cher-F7	29.9	2.1	FALSE
Ca.sac-Csac_0981-F1	F1	cher-ACF	cher-F7	33.0	3.2	FALSE
Cl.phy-Cphy_2448-F1	F1	cher-ACF	cher-F1	30.4	1.1	FALSE
Ex.sib-Exig_1796-F1	F1	cher-ACF	cher-F8	34.0	1.3	FALSE
Ba.cla-ABC1891-F1	F1	cher-F1	cher-ACF	35.2	2.6	TRUE
Ba.thu-BT9727_1522-F1	F1	cher-F1	cher-Uncat	28.6	3.1	TRUE
Ba.wei-BcerKBAB4_1551-F1	F1	cher-F1	cher-Uncat	27.9	2.7	TRUE
Sy.wol-Swol_0695-F1	F1	cher-ACF	cher-Uncat	34.2	1.8	FALSE
He.mod-HM1_2463-F1	F1	cher-ACF	cher-F8	34.5	3.4	FALSE
Sy.the-STH1542-F1	F1	cher-ACF	cher-F8	33.6	3.9	FALSE
De.haf-DSY3036-F1	F1	cher-ACF	cher-F7	31.6	2.7	FALSE
Li.mon-lmo0683-F1	F1	cher-ACF	cher-Uncat	33.6	1.6	FALSE
Ca.hyd-CHY_1016-F1	F1	cher-ACF	cher-F1	32.7	3.9	FALSE
Co.pro-COPRO5265_0342-F1	F1	cher-F1	cher-F8	25.2	1.5	TRUE
Py.aby-PAB1329-F1	F1	cher-F8	cher-ACF	41.4	9.2	FALSE
Py.hor-PH0481-F1	F1	cher-F8	cher-F7	43.4	10.6	FALSE
Th.kod-TK0631-F1	F1	cher-F8	cher-F5	40.7	7.3	FALSE
Me.ace-MA0013-F1	F1	cher-ACF	cher-MAC1	36.4	4.2	FALSE
Me.maz-MM_1324-F1	F1	cher-ACF	cher-F8	34.6	2.4	FALSE
Me.bar-Mbar_A0983-F1	F1	cher-ACF	cher-F8	34.5	0.2	FALSE
Me.map-MMP0930-F1	F1	cher-F1	cher-F8	38.7	0.7	TRUE
Me.van-Mevan_0259-F1	F1	cher-F1	cher-F8	42.1	2.4	TRUE
Me.hun-Mhun_0961-F1	F1	cher-F8	cher-ACF	30.4	0.0	FALSE
Me.mas-Memar_1545-F1	F1	cher-F1	cher-F8	35.5	0.3	TRUE
Me.boo-Mboo_1581-F1	F1	cher-F8	cher-ACF	43.3	6.3	FALSE
Ar.ful-AF1037-F1	F1	cher-ACF	cher-F7	28.7	3.4	FALSE
Me.ace-MA3063-F1	F1	cher-F1	cher-ACF	23.4	0.5	TRUE
Me.maz-MM_0325-F1	F1	cher-F1	cher-ACF	33.8	7.0	TRUE
Me.bur-Mbur_0364-F1	F1	cher-F1	cher-ACF	33.8	4.9	TRUE
Ge.sul-GSU3195-F1	F1	cher-F8	cher-F1	33.3	1.9	FALSE
Ge.met-Gmet_3212-F1	F1	cher-ACF	cher-F1	30.8	1.6	FALSE
Ge.ura-Gura_0725-F1	F1	cher-F8	cher-ACF	30.5	1.4	FALSE
Ge.bem-Gbem_0626-F1	F1	cher-ACF	cher-Uncat	24.6	1.5	FALSE
Pe.pro-Ppro_0077-F1	F1	cher-ACF	cher-F1	22.0	2.4	FALSE
Ge.lov-Glov_3336-F1	F1	cher-ACF	cher-F8	27.9	1.2	FALSE
Ha.mar-rrnAC2206-F1	F1	cher-F8	cher-ACF	19.3	2.0	FALSE
Na.pha-NP2170A-F1	F1	cher-F8	cher-ACF	25.1	0.2	FALSE
Ha.sal-OE2406R-F1	F1	cher-F8	cher-Uncat	30.1	1.5	FALSE
My.avi-MAP3233c-MAC1	MAC1	cher-F8	cher-ACF	35.9	4.1	FALSE
My.sme-MSMEG_5553-MAC1	MAC1	cher-F8	cher-ACF	38.2	6.2	FALSE
No.pun-Npun_F0263-MAC1	MAC1	cher-F8	cher-ACF	41.2	8.7	FALSE
He.mod-HM1_0196-MAC1	MAC1	cher-ACF	cher-F8	34.5	1.5	FALSE
Ma.mag-amb3329-MAC1	MAC1	cher-MAC1	cher-ACF	33.8	6.0	TRUE
Janna-Jann_2564-MAC1	MAC1	cher-F8	cher-MAC1	34.3	1.3	FALSE
Silic-TM1040_0460-MAC1	MAC1	cher-MAC1	cher-F8	43.6	15.7	TRUE
Silic-TM1040_2227-MAC1	MAC1	cher-MAC1	cher-F8	42.5	10.0	TRUE
Ro.den-RD1_3107-MAC1	MAC1	cher-F8	cher-MAC1	34.7	0.6	FALSE
Me.cap-MCA1246-MAC1	MAC1	cher-MAC1	cher-F8	31.5	2.0	TRUE
Pe.pro-Ppro_3165-MAC1	MAC1	cher-ACF	cher-MAC1	33.6	1.2	FALSE
So.cel-sce4190-MAC1	MAC1	cher-MAC1	cher-MAC2	33.7	1.9	TRUE
Rh.bal-RB4511-MAC1	MAC1	cher-MAC1	cher-ACF	32.5	4.9	TRUE
Ch.tha-Ctha_1653-MAC1	MAC1	cher-MAC1	cher-MAC2	36.1	12.0	TRUE
Ge.lov-Glov_0566-MAC1	MAC1	cher-ACF	cher-MAC1	33.9	4.1	FALSE
De.vul-DVU0449-MAC1	MAC1	cher-MAC1	cher-ACF	28.8	2.8	TRUE
Gr.for-GFO_1684-MAC1	MAC1	cher-MAC1	cher-F8	39.1	5.9	TRUE
Si.mel-SM_b20515-MAC1	MAC1	cher-MAC1	cher-F8	26.6	5.1	TRUE
Be.ind-Bind_3835-MAC1	MAC1	cher-MAC1	cher-MAC2	30.1	7.8	TRUE
Ni.oce-Noc_1601-MAC1	MAC1	cher-MAC1	cher-ACF	30.8	6.7	TRUE
Ac.ave-Aave_2417-MAC1	MAC1	cher-MAC1	cher-ACF	34.9	3.4	TRUE
Ra.eut-Reut_B4915-MAC1	MAC1	cher-F8	cher-ACF	43.0	5.4	FALSE
Ps.stu-PST_3560-MAC1	MAC1	cher-F8	cher-ACF	40.3	8.6	FALSE
Po.nap-Pnap_1703-MAC1	MAC1	cher-MAC1	cher-ACF	33.3	4.7	TRUE
Sa.rub-SRU_0336-MAC1	MAC1	cher-MAC1	cher-F8	35.2	5.8	TRUE
Me.ace-MA1989-MAC1	MAC1	cher-MAC1	cher-F8	46.8	14.9	TRUE
Me.ace-MA3542-MAC1	MAC1	cher-MAC1	cher-F8	32.9	5.7	TRUE
Me.bar-Mbar_A2183-MAC1	MAC1	cher-MAC1	cher-F8	51.3	13.1	TRUE
Rh.fer-Rfer_2355-MAC1	MAC1	cher-MAC1	cher-F8	44.1	7.8	TRUE
Ps.ing-Ping_2549-MAC1	MAC1	cher-MAC1	cher-F8	43.8	9.2	TRUE
Ma.mag-amb3654-MAC1	MAC1	cher-MAC1	cher-F8	38.8	6.9	TRUE
Me.boo-Mboo_0327-MAC1	MAC1	cher-MAC1	cher-F8	33.1	3.4	TRUE
De.aro-Daro_2045-MAC1	MAC1	cher-MAC1	cher-F8	41.1	8.2	TRUE
Ch.chl-Cag_0563-MAC1	MAC1	cher-MAC1	cher-Uncat	32.2	3.9	TRUE
Pe.pha-Ppha_0229-MAC1	MAC1	cher-MAC1	cher-Uncat	30.8	3.1	TRUE
Ch.lim-Clim_1600-MAC1	MAC1	cher-MAC1	cher-Uncat	33.3	0.7	TRUE
Pe.pha-Ppha_1653-MAC1	MAC1	cher-MAC1	cher-F8	45.3	8.8	TRUE
Ch.pha-Cpha266_1788-MAC1	MAC1	cher-MAC1	cher-F8	30.3	2.5	TRUE
Ge.met-Gmet_0780-MAC1	MAC1	cher-ACF	cher-MAC1	34.1	1.8	FALSE
Rh.fer-Rfer_3013-MAC1	MAC1	cher-MAC1	cher-F8	33.3	3.8	TRUE
Ps.ing-Ping_1840-MAC1	MAC1	cher-F8	cher-MAC1	29.1	2.0	FALSE
Ps.ing-Ping_3128-MAC1	MAC1	cher-MAC1	cher-F8	26.8	1.2	TRUE
Gl.vio-gll1854-MAC1	MAC1	cher-MAC1	cher-ACF	29.6	7.6	TRUE
An.var-Ava_0314-MAC1	MAC1	cher-F8	cher-MAC1	34.6	0.9	FALSE
Gl.vio-glr3562-MAC1	MAC1	cher-MAC1	cher-F8	30.7	1.8	TRUE
So.cel-sce1730-MAC1	MAC1	cher-MAC1	cher-F8	30.5	3.8	TRUE
Ar.aro-ebA2146-MAC1	MAC1	cher-MAC1	cher-F8	40.6	10.4	TRUE
Al.ehr-Mlg_1118-MAC1	MAC1	cher-ACF	cher-MAC1	32.2	3.3	FALSE
Ha.hal-Hhal_0370-MAC1	MAC1	cher-ACF	cher-MAC1	30.5	0.3	FALSE
Rh.pal-RPA3316-MAC1	MAC1	cher-MAC1	cher-ACF	35.7	3.0	TRUE
Ni.ham-Nham_4605-MAC1	MAC1	cher-MAC1	cher-MAC2	33.6	1.4	TRUE
Xa.cam-XCC3686-MAC1	MAC1	cher-MAC1	cher-ACF	34.2	3.0	TRUE
Me.rad-Mrad2831_6264-MAC1	MAC1	cher-MAC1	cher-ACF	34.8	4.5	TRUE
Methy-M446_6211-MAC1	MAC1	cher-MAC1	cher-ACF	33.8	1.5	TRUE
Rh.etl-RHE_PF00076-MAC1	MAC1	cher-MAC1	cher-ACF	34.0	2.8	TRUE
Me.rad-Mrad2831_5709-MAC1	MAC1	cher-MAC1	cher-F8	32.8	4.6	TRUE
Be.ind-Bind_0707-MAC1	MAC1	cher-MAC1	cher-F8	45.7	15.6	TRUE
So.usi-Acid_5070-MAC1	MAC1	cher-MAC1	cher-F8	26.7	0.9	TRUE
Rh.bal-RB10924-MAC1	MAC1	cher-MAC1	cher-ACF	41.3	15.3	TRUE
An.deh-Adeh_3183-MAC1	MAC1	cher-MAC1	cher-F8	29.1	8.8	TRUE
Rh.rub-Rru_A1500-MAC1	MAC1	cher-MAC1	cher-ACF	33.1	2.2	TRUE
Ac.cry-Acry_3169-MAC1	MAC1	cher-MAC1	cher-F8	44.3	10.2	TRUE
Gr.bet-GbCGDNIH1_1133-MAC1	MAC1	cher-MAC1	cher-F8	29.8	2.6	TRUE
Me.rad-Mrad2831_4430-MAC1	MAC1	cher-MAC1	cher-F8	31.7	0.2	TRUE
Rh.sph-RSP_2229-MAC1	MAC1	cher-F8	cher-MAC1	30.8	0.8	FALSE
Sa.deg-Sde_3046-MAC1	MAC1	cher-MAC1	cher-ACF	41.6	10.1	TRUE
Me.bur-Mbur_0399-MAC1	MAC1	cher-MAC1	cher-ACF	39.3	8.5	TRUE
Magne-Mmc1_3390-MAC1	MAC1	cher-MAC1	cher-F8	39.4	9.2	TRUE
Ge.lov-Glov_2975-MAC1	MAC1	cher-MAC1	cher-F8	38.9	12.2	TRUE
Rh.cen-RC1_3878-MAC1	MAC1	cher-ACF	cher-MAC1	39.0	5.1	FALSE
Gr.for-GFO_1960-MAC1	MAC1	cher-MAC1	cher-F8	34.0	2.7	TRUE
Cy.hut-CHU_1237-MAC1	MAC1	cher-MAC1	cher-F8	32.6	2.8	TRUE
Ha.hal-Hhal_1716-MAC1	MAC1	cher-MAC1	cher-ACF	30.6	4.3	TRUE
Ac.mar-AM1_5892-MAC1	MAC1	cher-MAC1	cher-F5	32.1	7.0	TRUE
Cyano-cce_2232-MAC1	MAC1	cher-MAC1	cher-F8	38.1	9.1	TRUE
Nitra-NIS_1076-MAC1	MAC1	cher-MAC1	cher-F8	33.0	2.9	TRUE
Ma.mag-amb2932-MAC1	MAC1	cher-MAC1	cher-F8	29.3	8.2	TRUE
Silic-TM1040_1028-MAC1	MAC1	cher-F8	cher-Uncat	40.8	5.2	FALSE
Ba.pum-BPUM_0869-MAC1	MAC1	cher-MAC1	cher-F8	39.3	9.3	TRUE
Ra.eut-Reut_B5191-MAC1	MAC1	cher-MAC1	cher-F5	30.6	4.6	TRUE
Ni.ham-Nham_3990-MAC1	MAC1	cher-MAC1	cher-F8	32.6	2.7	TRUE
Tr.pal-TP0630-F2	F2	cher-F2	cher-ACF	50.0	16.4	TRUE
Tr.den-TDE0647-F2	F2	cher-F2	cher-ACF	48.5	13.4	TRUE
Bo.bur-BB0414-F2	F2	cher-F2	cher-ACF	48.1	16.2	TRUE
Bo.afz-BAPKO_0430-F2	F2	cher-F2	cher-ACF	46.8	14.9	TRUE
Bo.gar-BG0416-F2	F2	cher-F2	cher-ACF	46.8	14.9	TRUE
Bo.tur-BT0414-F2	F2	cher-F2	cher-ACF	44.0	12.2	TRUE
Bo.her-BH0414-F2	F2	cher-F2	cher-ACF	43.0	11.3	TRUE
Bo.dut-BDU_408-F2	F2	cher-F2	cher-ACF	41.1	9.5	TRUE
Ac.bac-Acid345_1772-F2	F2	cher-F2	cher-F8	56.6	11.0	TRUE
Vi.cho-VC1399-F9	F9	cher-F9	cher-ACF	41.0	11.5	TRUE
Al.mac-MADE_03244-F9	F9	cher-F9	cher-ACF	42.6	16.4	TRUE
Rh.rub-Rru_A2325-F9	F9	cher-F9	cher-ACF	40.1	6.4	TRUE
Rh.cen-RC1_0340-F9	F9	cher-F9	cher-ACF	41.4	8.2	TRUE
Caulo-Caul_3302-F9	F9	cher-F9	cher-ACF	40.0	6.6	TRUE
Methy-M446_2051-F9	F9	cher-F9	cher-ACF	41.7	8.8	TRUE
Th.ten-TTE1037-F9	F9	cher-F8	cher-F9	47.2	4.9	FALSE
Ca.hyd-CHY_1028-F9	F9	cher-F9	cher-F8	43.3	7.5	TRUE
Sy.wol-Swol_1457-F9	F9	cher-F9	cher-F8	41.4	8.5	TRUE
Ki.rad-Krad_1849-F9	F9	cher-F9	cher-ACF	35.1	6.3	TRUE
Ca.sac-Csac_0816-F9	F9	cher-F9	cher-F8	47.0	6.0	TRUE
Ge.sul-GSU2215-F10	F10	cher-F10	cher-ACF	49.3	13.2	TRUE
Ge.met-Gmet_2305-F10	F10	cher-F10	cher-F8	46.5	8.5	TRUE
Ge.ura-Gura_3139-F10	F10	cher-F10	cher-F8	47.2	6.6	TRUE
Ge.bem-Gbem_0747-F10	F10	cher-F10	cher-ACF	43.8	6.2	TRUE
Ge.lov-Glov_2118-F10	F10	cher-F10	cher-F8	43.7	2.3	TRUE
So.cel-sce1598-F10	F10	cher-F10	cher-F9	45.3	14.8	TRUE
An.deh-Adeh_2731-F10	F10	cher-F10	cher-ACF	46.2	20.0	TRUE
My.xan-MXAN_4753-F10	F10	cher-F10	cher-F8	45.8	8.6	TRUE
Ge.sul-GSU0295-F12	F12	cher-F8	cher-F12	42.0	5.1	FALSE
Ge.met-Gmet_3267-F12	F12	cher-F8	cher-F5	41.7	6.0	FALSE
Ge.ura-Gura_4421-F12	F12	cher-F8	cher-F5	40.1	9.1	FALSE
Ge.bem-Gbem_3943-F12	F12	cher-F8	cher-F5	38.2	7.0	FALSE
Pe.pro-Ppro_0878-F12	F12	cher-F8	cher-F5	38.9	8.9	FALSE
Ge.lov-Glov_2815-F12	F12	cher-F8	cher-F5	40.1	8.8	FALSE
De.vul-DVU2076-F4	F4	cher-F4	cher-F8	72.0	32.8	TRUE
De.des-Dde_1573-F4	F4	cher-F4	cher-F8	63.2	18.6	TRUE
La.int-LI1139-F4	F4	cher-F4	cher-F8	48.6	10.3	TRUE
De.des-Dde_1198-F4	F4	cher-F4	cher-F8	72.1	35.9	TRUE
Th.yel-THEYE_A2070-F17	F17	cher-F17	cher-F8	73.3	39.5	TRUE
Nitra-NIS_0275-F9	F9	cher-F9	cher-F3	35.5	12.1	TRUE
Nitra-NIS_0864-F9	F9	cher-F9	cher-ACF	34.5	13.9	TRUE
Sa.rub-SRU_2605-F15	F15	cher-F15	cher-F8	82.5	39.3	TRUE
Cl.the-Cthe_2282-F11	F11	cher-F11	cher-ACF	53.8	26.2	TRUE
Cl.the-Cthe_2820-F11	F11	cher-F11	cher-ACF	49.7	17.6	TRUE
Cl.bei-Cbei_4181-F11	F11	cher-F11	cher-F8	53.7	15.7	TRUE
Ge.ura-Gura_2689-F16	F16	cher-F16	cher-ACF	52.7	25.7	TRUE
Ge.ura-Gura_4168-ACF	ACF	cher-F8	cher-ACF	37.6	0.6	FALSE
Ge.bem-Gbem_2379-ACF	ACF	cher-ACF	cher-F8	40.7	2.6	TRUE
Bo.bur-BB0040-F8	F8	cher-F8	cher-F2	57.2	17.0	TRUE
Bo.gar-BG0040-F8	F8	cher-F8	cher-F2	55.4	15.9	TRUE
Bo.afz-BAPKO_0040-F8	F8	cher-F8	cher-F2	54.0	16.1	TRUE
Bo.tur-BT0040-F8	F8	cher-F8	cher-F2	50.8	14.0	TRUE
Bo.her-BH0040-F8	F8	cher-F8	cher-F2	52.0	16.7	TRUE
Bo.dut-BDU_45-F8	F8	cher-F8	cher-ACF	51.8	17.1	TRUE
Cl.ace-CAC0121-F7	F7	cher-F8	cher-F7	43.3	10.5	FALSE
Sy.wol-Swol_1330-F7	F7	cher-F8	cher-ACF	48.8	18.2	FALSE
Cl.the-Cthe_0808-F7	F7	cher-F8	cher-ACF	47.4	12.3	FALSE
Cl.bei-Cbei_4827-F7	F7	cher-F8	cher-ACF	46.2	11.0	FALSE
Cl.klu-CKL_0574-F7	F7	cher-F7	cher-F8	29.7	8.5	TRUE
Pe.car-Pcar_1199-F7	F7	cher-F8	cher-F7	38.0	8.2	FALSE
Cl.dif-CD0541-F7	F7	cher-F8	cher-ACF	42.6	9.2	FALSE
Op.ter-Oter_0428-F7	F7	cher-F7	cher-ACF	35.1	4.5	TRUE
Sy.aci-SYN_00970-F7	F7	cher-F8	cher-F7	36.5	0.4	FALSE
So.usi-Acid_5370-F7	F7	cher-F7	cher-F8	31.3	3.9	TRUE
De.vul-DVU1595-F8	F8	cher-F8	cher-F7	50.3	15.8	TRUE
De.des-Dde_2105-F8	F8	cher-F8	cher-F7	46.4	14.9	TRUE
Ge.sul-GSU1143-F8	F8	cher-F8	cher-ACF	45.4	13.0	TRUE
Ge.met-Gmet_2420-F8	F8	cher-F8	cher-ACF	51.9	19.8	TRUE
Ge.ura-Gura_2984-F8	F8	cher-F8	cher-Uncat	52.8	18.4	TRUE
Ge.bem-Gbem_1595-F8	F8	cher-F8	cher-Uncat	52.3	16.8	TRUE
Pe.pro-Ppro_1610-F8	F8	cher-F8	cher-F7	52.9	18.3	TRUE
Ge.lov-Glov_1731-F8	F8	cher-F8	cher-ACF	51.2	15.5	TRUE
Magne-Mmc1_0625-F8	F8	cher-F8	cher-Uncat	53.7	17.0	TRUE
Br.jap-blr2348-F8	F8	cher-F8	cher-F7	41.1	13.1	TRUE
Rh.pal-RPA0138-F8	F8	cher-F8	cher-F7	43.9	13.2	TRUE
Brady-BBta_6731-F8	F8	cher-F8	cher-F7	40.3	11.5	TRUE
Brady-BBta_7834-F8	F8	cher-F8	cher-F7	35.6	5.8	TRUE
Me.rad-Mrad2831_4819-F8	F8	cher-F8	cher-F7	42.8	13.7	TRUE
Me.rad-Mrad2831_6468-F8	F8	cher-F8	cher-F7	29.0	3.7	TRUE
Rh.rub-Rru_A1405-F8	F8	cher-F8	cher-F7	43.7	15.8	TRUE
Rh.etl-RHE_CH03516-F8	F8	cher-F8	cher-F7	49.0	21.0	TRUE
Rh.leg-RL4029-F8	F8	cher-F8	cher-F7	48.2	18.5	TRUE
Caulo-Caul_0617-F8	F8	cher-F8	cher-F7	42.9	13.5	TRUE
De.ole-Dole_0875-F8	F8	cher-F8	cher-ACF	48.1	14.3	TRUE
An.deh-Adeh_1382-F8	F8	cher-F8	cher-ACF	49.0	11.0	TRUE
Rh.sph-RSP_1587-F8	F8	cher-F8	cher-Uncat	43.1	19.2	TRUE
An.deh-Adeh_0601-F8	F8	cher-F8	cher-F7	30.5	3.2	TRUE
Anaer-Anae109_0645-F8	F8	cher-F8	cher-ACF	42.6	6.1	TRUE
So.cel-sce2215-F8	F8	cher-F8	cher-ACF	51.4	15.9	TRUE
An.deh-Adeh_1371-F7	F7	cher-F8	cher-ACF	29.0	0.4	FALSE
Xa.cam-XCC2704-F8	F8	cher-F8	cher-ACF	30.3	3.7	TRUE
Ac.ave-Aave_3546-F8	F8	cher-F8	cher-F7	31.4	4.2	TRUE
Rh.fer-Rfer_0904-F8	F8	cher-F8	cher-F7	31.4	4.2	TRUE
Ae.hyd-AHA_1032-F8	F8	cher-F8	cher-F7	31.1	1.1	TRUE
De.aro-Daro_1146-F8	F8	cher-F8	cher-Uncat	30.5	3.3	TRUE
Azoar-azo0403-F8	F8	cher-F8	cher-F7	42.5	15.4	TRUE
Sh.den-Sden_3299-F8	F8	cher-F8	cher-Uncat	39.8	14.9	TRUE
Ha.che-HCH_03705-F8	F8	cher-ACF	cher-F8	36.7	2.1	FALSE
Ph.pro-PBPRA0777-F8	F8	cher-F8	cher-ACF	36.2	3.7	TRUE
Ce.jap-CJA_2942-F8	F8	cher-F8	cher-F7	33.0	3.4	TRUE
Sh.one-SO_2325-F8	F8	cher-F8	cher-Uncat	38.9	10.1	TRUE
Le.cho-Lcho_1528-F8	F8	cher-F8	cher-F7	28.0	3.3	TRUE
Le.cho-Lcho_0335-F8	F8	cher-F8	cher-Uncat	43.3	22.0	TRUE
Ps.men-Pmen_1565-F8	F8	cher-F8	cher-Uncat	25.9	2.1	TRUE
Ch.vio-CV_2507-F8	F8	cher-F8	cher-F7	45.9	15.8	TRUE
Ae.hyd-AHA_2532-F8	F8	cher-F8	cher-ACF	42.2	8.7	TRUE
Ce.jap-CJA_1188-F8	F8	cher-F7	cher-F8	29.3	0.5	FALSE
Le.int-LA2042-F7	F7	cher-F8	cher-F7	37.6	6.7	FALSE
Le.bor-LBJ_0483-F7	F7	cher-F8	cher-ACF	39.6	9.3	FALSE
Le.bif-LBF_1711-F7	F7	cher-F8	cher-F7	34.3	4.6	FALSE
Vi.cho-VCA1091-F7	F7	cher-F7	cher-ACF	30.2	1.6	TRUE
Vi.vul-VV2_1163-F7	F7	cher-F7	cher-ACF	30.6	3.5	TRUE
Th.cru-Tcr_0757-F7	F7	cher-ACF	cher-F2	38.7	5.4	FALSE
Sa.deg-Sde_3104-F7	F7	cher-F8	cher-ACF	36.3	0.9	FALSE
Brady-BBta_2146-F7	F7	cher-ACF	cher-F8	36.9	0.7	FALSE
Sh.ama-Sama_3498-F7	F7	cher-F8	cher-F7	37.8	4.2	FALSE
Sh.loi-Shew_0110-F7	F7	cher-F8	cher-ACF	39.7	8.3	FALSE
Sh.sed-Ssed_0183-F7	F7	cher-F8	cher-F7	36.0	1.7	FALSE
Sh.woo-Swoo_0163-F7	F7	cher-F8	cher-F1	36.8	3.3	FALSE
Ha.che-HCH_00461-F7	F7	cher-F8	cher-ACF	45.3	10.7	FALSE
Ha.hal-Hhal_2162-F7	F7	cher-F8	cher-ACF	32.9	0.6	FALSE
Ps.aer-PA0175-F7	F7	cher-F8	cher-F7	33.6	3.4	FALSE
Es.col-Z2938-F7	F7	cher-F8	cher-F7	39.6	5.9	FALSE
Enter-Ent638_2455-F7	F7	cher-F8	cher-F7	36.9	3.6	FALSE
Ye.pes-YPO1678-F7	F7	cher-F7	cher-F8	34.3	9.3	TRUE
Pe.atr-ECA1692-F7	F7	cher-F7	cher-F8	35.7	5.1	TRUE
Er.tas-ETA_14680-F7	F7	cher-F7	cher-F8	35.7	10.3	TRUE
Bo.bro-BB2549-F7	F7	cher-F7	cher-F8	34.6	5.6	TRUE
Bo.pet-Bpet2105-F7	F7	cher-F7	cher-F8	32.0	3.4	TRUE
Bo.avi-BAV1678-F7	F7	cher-F7	cher-F8	35.0	10.4	TRUE
Ch.sal-Csal_2021-F7	F7	cher-F8	cher-F7	34.1	1.9	FALSE
Ra.eut-Reut_B5610-F7	F7	cher-F7	cher-F8	34.8	9.6	TRUE
Ra.met-Rmet_3691-F7	F7	cher-F7	cher-F8	32.7	9.0	TRUE
Bu.mal-BMA2856-F7	F7	cher-F8	cher-F7	34.6	1.7	FALSE
Pr.mir-PMI1664-F7	F7	cher-F7	cher-F8	33.4	5.4	TRUE
De.aro-Daro_0730-F7	F7	cher-F7	cher-F8	32.3	8.1	TRUE
Azoar-azo1455-F7	F7	cher-F7	cher-F5	29.9	6.9	TRUE
Th.den-Tbd_1617-F7	F7	cher-F7	cher-F8	33.9	12.1	TRUE
He.ars-HEAR1303-F7	F7	cher-F7	cher-F8	34.1	11.1	TRUE
Janth-mma_2093-F7	F7	cher-F7	cher-F5	32.8	11.2	TRUE
Me.fla-Mfla_1932-F7	F7	cher-F7	cher-F8	33.8	11.5	TRUE
Ra.sol-RSp1405-F7	F7	cher-F7	cher-F8	35.9	1.0	TRUE
Ra.pic-Rpic_4052-F7	F7	cher-F8	cher-F7	35.5	0.2	FALSE
Ni.eur-NE1861-F7	F7	cher-F7	cher-F8	31.0	9.0	TRUE
Ni.eut-Neut_1171-F7	F7	cher-F7	cher-F5	31.1	10.9	TRUE
Ge.met-Gmet_1077-F7	F7	cher-F7	cher-F5	31.9	8.2	TRUE
Ge.ura-Gura_2166-F7	F7	cher-F7	cher-F8	30.3	6.7	TRUE
Ge.bem-Gbem_1043-F7	F7	cher-F7	cher-F8	31.1	2.5	TRUE
Xa.cam-XCC1868-F7	F7	cher-F7	cher-ACF	26.8	4.3	TRUE
St.mal-Smal_1845-F7	F7	cher-F7	cher-F8	28.2	9.8	TRUE
Rh.fer-Rfer_0569-F7	F7	cher-F7	cher-F8	32.6	6.8	TRUE
Ac.ave-Aave_4376-F7	F7	cher-F7	cher-F8	34.0	6.1	TRUE
Acido-Ajs_3788-F7	F7	cher-F7	cher-Uncat	33.0	6.1	TRUE
Ve.eis-Veis_2174-F7	F7	cher-F7	cher-F8	32.7	4.4	TRUE
De.aci-Daci_0657-F7	F7	cher-F7	cher-F8	32.9	5.8	TRUE
Me.pet-Mpe_A2700-F7	F7	cher-F7	cher-F8	31.3	6.6	TRUE
Le.cho-Lcho_0700-F7	F7	cher-F7	cher-F8	31.9	5.9	TRUE
Ch.vio-CV_3693-F7	F7	cher-F7	cher-F8	31.8	3.9	TRUE
Sh.one-SO_2124-F7	F7	cher-F8	cher-F7	32.3	1.0	FALSE
Sh.bal-Shew185_2244-F7	F7	cher-F8	cher-F7	33.2	2.8	FALSE
Marin-Mmwyl1_3302-F7	F7	cher-F8	cher-F7	33.4	2.8	FALSE
Ch.vio-CV_3437-F7	F7	cher-F8	cher-F7	35.8	3.4	FALSE
Ca.cre-CC_0435-F7	F7	cher-F7	cher-F8	31.4	5.6	TRUE
Caulo-Caul_0281-F7	F7	cher-F7	cher-F8	30.2	2.0	TRUE
Si.mel-SMc03009-F7	F7	cher-F7	cher-F8	33.5	3.7	TRUE
Rh.etl-RHE_CH00641-F7	F7	cher-F7	cher-F8	33.1	4.6	TRUE
Rh.leg-RL0690-F7	F7	cher-F7	cher-F8	33.1	4.4	TRUE
Ag.tum-Atu0518-F7	F7	cher-F8	cher-F7	33.5	2.6	FALSE
Ac.cry-Acry_2710-F7	F7	cher-F7	cher-F8	30.0	0.4	TRUE
Be.ind-Bind_3625-F7	F7	cher-F7	cher-F8	29.4	1.4	TRUE
Ph.zuc-PHZ_c3377-F7	F7	cher-F8	cher-ACF	34.9	1.6	FALSE
Gl.dia-GDI1687-F7	F7	cher-F8	cher-F7	34.2	5.8	FALSE
Rh.sph-RSP_2434-F7	F7	cher-ACF	cher-F7	31.1	0.5	FALSE
Janna-Jann_2839-F7	F7	cher-ACF	cher-F8	33.7	2.3	FALSE
Silic-TM1040_3204-F7	F7	cher-F8	cher-F7	36.0	1.4	FALSE
Ro.den-RD1_3061-F7	F7	cher-F7	cher-F8	31.1	1.4	TRUE
Zy.mob-ZMO0082-F7	F7	cher-F8	cher-ACF	34.5	0.4	FALSE
Gl.oxy-GOX1554-F7	F7	cher-F8	cher-F7	34.7	3.3	FALSE
Su.den-Suden_0975-F7	F7	cher-F8	cher-F7	34.3	4.7	FALSE
Bd.bac-Bd3468-F7	F7	cher-F7	cher-F8	29.5	2.2	TRUE
Ac.cel-Acel_0223-ACF	ACF	cher-F8	cher-ACF	35.7	1.0	FALSE
Rosei-RoseRS_0033-ACF	ACF	cher-ACF	cher-MAC1	33.7	4.0	TRUE
Ro.cas-Rcas_4209-ACF	ACF	cher-ACF	cher-MAC1	34.4	3.5	TRUE
Ch.aur-Caur_1670-ACF	ACF	cher-ACF	cher-F8	35.1	3.4	TRUE
He.aur-Haur_0728-ACF	ACF	cher-ACF	cher-F8	35.1	5.1	TRUE
An.deh-Adeh_0615-ACF	ACF	cher-ACF	cher-F8	32.6	4.9	TRUE
Anaer-Anae109_0659-ACF	ACF	cher-ACF	cher-F7	31.7	4.6	TRUE
My.xan-MXAN_4138-ACF	ACF	cher-ACF	cher-F8	34.6	2.3	TRUE
Ma.mag-amb1963-ACF	ACF	cher-ACF	cher-F8	35.2	4.1	TRUE
Rh.cen-RC1_2131-ACF	ACF	cher-ACF	cher-F8	28.0	5.3	TRUE
Gl.dia-GDI3292-ACF	ACF	cher-ACF	cher-F8	33.3	3.0	TRUE
Me.ext-Mext_2836-ACF	ACF	cher-ACF	cher-F8	37.8	8.3	TRUE
Me.rad-Mrad2831_2183-ACF	ACF	cher-ACF	cher-F8	38.5	2.8	TRUE
Methy-M446_0241-ACF	ACF	cher-ACF	cher-F8	35.0	5.5	TRUE
Ph.zuc-PHZ_c0691-ACF	ACF	cher-ACF	cher-MAC1	34.8	5.2	TRUE
Rosei-RoseRS_0993-ACF	ACF	cher-ACF	cher-F8	38.6	2.3	TRUE
Ro.cas-Rcas_3195-ACF	ACF	cher-ACF	cher-F8	39.1	3.7	TRUE
Ch.aur-Caur_0847-ACF	ACF	cher-ACF	cher-F8	37.7	1.6	TRUE
Ge.met-Gmet_2707-ACF	ACF	cher-ACF	cher-F8	37.6	3.2	TRUE
Polar-Bpro_2459-ACF	ACF	cher-ACF	cher-F8	39.7	6.7	TRUE
Sy.aci-SYN_00434-ACF	ACF	cher-ACF	cher-F8	36.7	4.0	TRUE
Ni.mul-Nmul_A0330-ACF	ACF	cher-ACF	cher-F8	39.3	8.5	TRUE
Ge.bem-Gbem_2030-ACF	ACF	cher-ACF	cher-F8	37.2	4.1	TRUE
An.deh-Adeh_1196-ACF	ACF	cher-Uncat	cher-ACF	30.4	2.6	FALSE
My.xan-MXAN_6948-ACF	ACF	cher-ACF	cher-F7	27.4	0.6	TRUE
Anaer-Anae109_2294-ACF	ACF	cher-ACF	cher-F8	34.2	2.3	TRUE
Mesor-Meso_0597-ACF	ACF	cher-ACF	cher-F8	30.0	0.3	TRUE
Si.mel-SMa1552-ACF	ACF	cher-ACF	cher-Uncat	35.6	4.1	TRUE
He.mod-HM1_2023-ACF	ACF	cher-ACF	cher-MAC1	35.8	4.4	TRUE
Anaer-Anae109_2370-ACF	ACF	cher-ACF	cher-Uncat	30.7	3.4	TRUE
Ha.che-HCH_03850-ACF	ACF	cher-ACF	cher-Uncat	34.8	6.7	TRUE
Me.hun-Mhun_0992-ACF	ACF	cher-ACF	cher-F8	35.2	4.1	TRUE
My.xan-MXAN_2682-ACF	ACF	cher-F8	cher-ACF	33.2	0.1	FALSE
An.deh-Adeh_3954-ACF	ACF	cher-ACF	cher-MAC1	31.8	5.2	TRUE
Anaer-Anae109_0466-ACF	ACF	cher-ACF	cher-F8	38.7	4.4	TRUE
Vi.cho-VC2201-F6	F6	cher-F6	cher-F8	36.9	7.1	TRUE
Vi.vul-VV1_0227-F6	F6	cher-F6	cher-F8	37.2	7.5	TRUE
Vi.par-VP0774-F6	F6	cher-F6	cher-F8	36.4	5.3	TRUE
Vi.fis-VF_1878-F6	F6	cher-F6	cher-F8	36.3	9.0	TRUE
Al.sal-VSAL_I2339-F6	F6	cher-F6	cher-F5	36.4	10.8	TRUE
Ph.pro-PBPRA0900-F6	F6	cher-F6	cher-F8	36.2	4.8	TRUE
Ae.hyd-AHA_2843-F6	F6	cher-F6	cher-F8	37.0	4.0	TRUE
Co.psy-CPS_1476-F6	F6	cher-F6	cher-F8	40.4	6.1	TRUE
Ps.hal-PSHAa0767-F6	F6	cher-F6	cher-F8	39.1	6.8	TRUE
Id.loi-IL1148-F6	F6	cher-F6	cher-F8	40.1	5.7	TRUE
Sh.one-SO_3251-F6	F6	cher-F6	cher-F8	37.5	4.4	TRUE
Sh.bal-Shew185_2963-F6	F6	cher-F6	cher-F8	37.5	4.1	TRUE
Sh.den-Sden_1302-F6	F6	cher-F6	cher-F8	38.2	5.1	TRUE
Sh.fri-Sfri_1160-F6	F6	cher-F6	cher-F7	39.7	7.9	TRUE
Sh.ama-Sama_2319-F6	F6	cher-F6	cher-F8	39.1	6.5	TRUE
Sh.loi-Shew_1344-F6	F6	cher-F6	cher-F8	38.1	4.9	TRUE
Sh.sed-Ssed_3088-F6	F6	cher-F6	cher-F8	39.2	5.0	TRUE
Sh.woo-Swoo_1596-F6	F6	cher-F6	cher-F8	39.9	5.1	TRUE
Sh.hal-Shal_1426-F6	F6	cher-F6	cher-F8	38.2	5.2	TRUE
Al.mac-MADE_02929-F6	F6	cher-F8	cher-F6	39.3	0.4	FALSE
Ps.aer-PA3348-F6	F6	cher-F6	cher-F8	40.2	7.0	TRUE
Ps.put-PP_4392-F6	F6	cher-F6	cher-F8	40.3	10.5	TRUE
Ps.flu-PFL_4481-F6	F6	cher-F6	cher-F8	41.3	8.8	TRUE
Ps.men-Pmen_2851-F6	F6	cher-F6	cher-F8	41.0	10.1	TRUE
Ps.stu-PST_1387-F6	F6	cher-F6	cher-F5	41.1	10.0	TRUE
Ha.che-HCH_04717-F6	F6	cher-F6	cher-F8	39.0	1.7	TRUE
Ma.aqu-Maqu_1177-F6	F6	cher-F6	cher-F8	40.4	4.0	TRUE
Ce.jap-CJA_1933-F6	F6	cher-F6	cher-F8	40.3	1.2	TRUE
Sa.deg-Sde_2214-F6	F6	cher-F6	cher-F8	40.6	4.6	TRUE
Marin-Mmwyl1_1069-F6	F6	cher-F6	cher-F8	39.5	3.8	TRUE
Ps.atl-Patl_3101-F6	F6	cher-F8	cher-F6	36.4	0.3	FALSE
Al.ehr-Mlg_0892-F6	F6	cher-F6	cher-F8	37.5	2.7	TRUE
Ha.hal-Hhal_0521-F6	F6	cher-F6	cher-F8	36.7	4.0	TRUE
Magne-Mmc1_3582-F5	F5	cher-F5	cher-F8	39.6	13.2	TRUE
Ca.cre-CC_0598-F5	F5	cher-F5	cher-F8	31.8	0.8	TRUE
Ca.cre-CC_3472-F5	F5	cher-F5	cher-ACF	28.5	0.6	TRUE
Caulo-Caul_0095-F5	F5	cher-F5	cher-F8	33.3	2.0	TRUE
Ph.zuc-PHZ_c0298-F5	F5	cher-F5	cher-F7	31.0	6.6	TRUE
Br.jap-bll0390-F5	F5	cher-F5	cher-F8	57.8	20.4	TRUE
Brady-BBta_0527-F5	F5	cher-F5	cher-F8	56.5	16.8	TRUE
Brady-BBta_1533-F5	F5	cher-F5	cher-F8	51.1	17.2	TRUE
Ni.win-Nwi_0524-F5	F5	cher-F5	cher-F8	51.5	19.5	TRUE
Ni.ham-Nham_3372-F5	F5	cher-F5	cher-F8	53.4	19.1	TRUE
Rh.pal-RPA1631-F5	F5	cher-F5	cher-F7	49.6	16.9	TRUE
Br.jap-blr2196-F5	F5	cher-F5	cher-F8	55.2	18.3	TRUE
Brady-BBta_6555-F5	F5	cher-F5	cher-F8	56.2	18.1	TRUE
Rh.pal-RPA1678-F5	F5	cher-F5	cher-F8	53.8	17.1	TRUE
Ol.car-OCAR_7112-F5	F5	cher-F5	cher-F8	53.6	15.3	TRUE
Ma.mag-amb0322-F5	F5	cher-F5	cher-F8	58.0	15.8	TRUE
Rh.rub-Rru_A0524-F5	F5	cher-F5	cher-F8	55.7	17.6	TRUE
Rh.cen-RC1_1754-F5	F5	cher-F5	cher-F8	56.0	21.1	TRUE
Me.ext-Mext_1533-F5	F5	cher-F5	cher-F8	57.7	16.8	TRUE
Methy-M446_4834-F5	F5	cher-F5	cher-F8	54.3	19.5	TRUE
Me.rad-Mrad2831_4031-F5	F5	cher-F5	cher-F8	55.4	17.0	TRUE
Az.cau-AZC_0665-F5	F5	cher-F5	cher-F8	33.1	0.3	TRUE
Ma.mar-Mmar10_0662-F5	F5	cher-F5	cher-F8	55.0	16.2	TRUE
Ph.zuc-PHZ_c3237-F5	F5	cher-F5	cher-F8	54.3	18.0	TRUE
Ac.bac-Acid345_1529-F5	F5	cher-F5	cher-F8	47.6	13.8	TRUE
Ac.cel-Acel_1788-F5	F5	cher-F5	cher-F8	48.4	13.2	TRUE
Nocar-Noca_3598-F5	F5	cher-F5	cher-F7	27.9	1.2	TRUE
Ki.rad-Krad_0322-F5	F5	cher-F5	cher-F8	29.5	2.0	TRUE
Tr.ery-Tery_4228-F5	F5	cher-F5	cher-F8	41.6	7.1	TRUE
Er.lit-ELI_11245-F5	F5	cher-F5	cher-F8	53.7	21.3	TRUE
Sp.ala-Sala_1736-F5	F5	cher-F5	cher-F8	51.4	27.2	TRUE
Sp.wit-Swit_0069-F5	F5	cher-F5	cher-F8	57.3	22.5	TRUE
De.psy-DP2645-F5	F5	cher-F5	cher-F8	29.7	2.4	TRUE
De.ole-Dole_0987-F5	F5	cher-F5	cher-F6	26.5	4.3	TRUE
Hy.nep-HNE_0640-F5	F5	cher-F5	cher-F8	41.3	10.9	TRUE
Ma.mag-amb3003-ACF	ACF	cher-ACF	cher-F9	31.7	7.2	TRUE
Magne-Mmc1_1481-ACF	ACF	cher-ACF	cher-Uncat	33.4	8.2	TRUE
Op.ter-Oter_2937-F13	F13	cher-F13	cher-ACF	53.2	17.4	TRUE
My.xan-MXAN_6960-F13	F13	cher-F13	cher-F8	43.6	13.6	TRUE
So.cel-sce2661-F13	F13	cher-F13	cher-F8	45.6	13.8	TRUE
Magne-Mmc1_1831-ACF	ACF	cher-ACF	cher-F8	27.0	4.8	TRUE
Ge.ura-Gura_2691-F16	F16	cher-F16	cher-ACF	80.8	47.4	TRUE
Bd.bac-Bd2830-Uncat	Uncat	cher-Uncat	cher-F8	38.3	7.9	TRUE
Silic-TM1040_3243-Uncat	Uncat	cher-Uncat	cher-F8	34.5	7.0	TRUE
An.deh-Adeh_2941-Uncat	Uncat	cher-Uncat	cher-ACF	30.4	2.5	TRUE
My.xan-MXAN_5144-ACF	ACF	cher-ACF	cher-Uncat	23.4	3.8	TRUE
Gl.vio-glr3330-Uncat	Uncat	cher-Uncat	cher-ACF	33.2	9.4	TRUE
Ps.put-PP_3760-MAC2	MAC2	cher-MAC2	cher-MAC1	39.4	8.5	TRUE
Ps.flu-PFL_3250-MAC2	MAC2	cher-MAC2	cher-MAC1	40.0	9.3	TRUE
Ps.men-Pmen_0170-MAC2	MAC2	cher-MAC2	cher-MAC1	36.7	4.7	TRUE
Ps.stu-PST_3884-MAC2	MAC2	cher-MAC2	cher-MAC1	39.6	9.2	TRUE
Po.nap-Pnap_1072-MAC2	MAC2	cher-MAC2	cher-MAC1	38.2	5.2	TRUE
Me.fla-Mfla_2588-MAC2	MAC2	cher-MAC2	cher-MAC1	36.7	4.7	TRUE
Ac.ave-Aave_3995-MAC2	MAC2	cher-MAC2	cher-MAC1	36.7	4.7	TRUE
Acido-Ajs_0648-MAC2	MAC2	cher-MAC2	cher-MAC1	36.7	3.1	TRUE
De.aci-Daci_3830-MAC2	MAC2	cher-MAC2	cher-MAC1	35.7	6.1	TRUE
Mesor-Meso_1943-MAC2	MAC2	cher-MAC2	cher-MAC1	30.7	3.1	TRUE
Sp.wit-Swit_5354-MAC2	MAC2	cher-MAC2	cher-MAC1	29.2	4.7	TRUE
Oc.ant-Oant_4783-MAC2	MAC2	cher-MAC2	cher-MAC1	30.4	6.9	TRUE
Xa.cam-XCC1184-MAC2	MAC2	cher-MAC2	cher-MAC1	34.3	7.0	TRUE
St.mal-Smal_1738-MAC2	MAC2	cher-MAC2	cher-MAC1	34.0	6.9	TRUE
Le.int-LA1743-MAC2	MAC2	cher-MAC2	cher-MAC1	41.9	11.0	TRUE
Le.bor-LBJ_1248-MAC2	MAC2	cher-MAC2	cher-MAC1	40.6	9.9	TRUE
Al.bor-ABO_1308-MAC2	MAC2	cher-MAC2	cher-ACF	41.3	13.3	TRUE
Vi.vul-VV2_0377-MAC2	MAC2	cher-MAC2	cher-F5	35.4	11.4	TRUE
Sh.sed-Ssed_1647-MAC2	MAC2	cher-MAC2	cher-F5	33.3	6.7	TRUE
De.psy-DP1792-MAC2	MAC2	cher-MAC2	cher-F5	36.5	8.5	TRUE
Ps.ing-Ping_3720-MAC2	MAC2	cher-MAC2	cher-MAC1	41.6	11.6	TRUE
Sh.woo-Swoo_1962-MAC2	MAC2	cher-MAC2	cher-MAC1	40.9	13.4	TRUE
Ba.thu-BT9727_0916-MAC2	MAC2	cher-MAC2	cher-MAC1	37.2	12.8	TRUE
Ba.wei-BcerKBAB4_0906-MAC2	MAC2	cher-MAC2	cher-MAC1	37.2	12.8	TRUE
Ly.sph-Bsph_4701-MAC2	MAC2	cher-MAC2	cher-MAC1	42.7	11.4	TRUE
De.red-Dred_1268-MAC2	MAC2	cher-MAC2	cher-ACF	37.6	12.0	TRUE
An.var-Ava_4781-MAC2	MAC2	cher-MAC2	cher-MAC1	39.5	9.7	TRUE
No.pun-Npun_F3533-MAC2	MAC2	cher-MAC2	cher-MAC1	42.8	11.5	TRUE
Cy.hut-CHU_2079-MAC2	MAC2	cher-MAC2	cher-MAC1	36.9	6.6	TRUE
Ar.aro-ebA790-MAC2	MAC2	cher-MAC2	cher-MAC1	41.0	10.3	TRUE
Ge.met-Gmet_2641-MAC2	MAC2	cher-MAC2	cher-F8	38.6	8.8	TRUE
Fl.joh-Fjoh_3352-MAC2	MAC2	cher-MAC2	cher-MAC1	40.2	10.6	TRUE
Anaer-Anae109_0541-MAC2	MAC2	cher-MAC2	cher-MAC1	36.9	8.3	TRUE
Ma.mag-amb3879-MAC2	MAC2	cher-MAC2	cher-MAC1	31.6	6.5	TRUE
My.gil-Mflv_1001-MAC2	MAC2	cher-MAC2	cher-MAC1	36.8	2.1	TRUE
My.xan-MXAN_0713-MAC2	MAC2	cher-MAC2	cher-MAC1	35.3	11.7	TRUE
Cl.the-Cthe_0288-MAC2	MAC2	cher-MAC2	cher-F1	30.6	0.2	TRUE
Ch.vio-CV_1580-MAC2	MAC2	cher-MAC2	cher-ACF	32.9	1.0	TRUE
Magne-Mmc1_2113-MAC2	MAC2	cher-MAC2	cher-MAC1	35.7	8.4	TRUE
Op.ter-Oter_3576-Uncat	Uncat	cher-Uncat	cher-F8	27.7	0.1	TRUE
Ps.aer-PA0412-Tfp	Tfp	cher-Tfp	cher-F8	44.2	14.8	TRUE
Ps.men-Pmen_0407-Tfp	Tfp	cher-Tfp	cher-F8	41.3	10.9	TRUE
Ps.stu-PST_3949-Tfp	Tfp	cher-Tfp	cher-F8	40.0	12.1	TRUE
Ha.che-HCH_00542-Tfp	Tfp	cher-Tfp	cher-F8	42.0	5.2	TRUE
Ma.aqu-Maqu_3771-Tfp	Tfp	cher-Tfp	cher-Uncat	41.0	9.2	TRUE
Al.bor-ABO_0105-Tfp	Tfp	cher-Tfp	cher-ACF	42.5	10.7	TRUE
Sa.deg-Sde_3630-Tfp	Tfp	cher-Tfp	cher-F8	38.4	3.3	TRUE
Ce.jap-CJA_0075-Tfp	Tfp	cher-Tfp	cher-ACF	37.0	6.1	TRUE
Ni.oce-Noc_0127-Tfp	Tfp	cher-Tfp	cher-ACF	29.6	2.9	TRUE
Ge.bem-Gbem_2497-MAC1	MAC1	cher-MAC1	cher-F8	25.0	1.1	TRUE
Me.hun-Mhun_0124-F8	F8	cher-F8	cher-ACF	37.3	10.4	TRUE
Me.boo-Mboo_1252-F8	F8	cher-ACF	cher-F8	29.7	1.0	FALSE
Pe.pro-Ppro_2711-F8	F8	cher-F8	cher-F2	32.5	10.4	TRUE
Ge.bem-Gbem_2943-F8	F8	cher-F8	cher-F5	24.2	7.4	TRUE
Ge.lov-Glov_1737-F8	F8	cher-F8	cher-F2	22.3	0.6	TRUE
Rh.sph-RSP_0048-F7	F7	cher-F8	cher-F7	36.7	7.1	FALSE
Pe.car-Pcar_2491-Uncat	Uncat	cher-Uncat	cher-ACF	33.3	6.9	TRUE
Ge.ura-Gura_2454-Uncat	Uncat	cher-Uncat	cher-ACF	32.2	4.4	TRUE
My.xan-MXAN_7103-Uncat	Uncat	cher-Uncat	cher-ACF	29.3	4.1	TRUE
Ca.jej-Cj0923c-F3	F3	cher-F3	cher-ACF	35.8	13.7	TRUE
Ca.fet-CFF8240_0803-F3	F3	cher-F3	cher-ACF	36.7	18.5	TRUE
Ca.cur-CCV52592_1333-F3	F3	cher-F3	cher-ACF	36.6	12.6	TRUE
Nitra-NIS_0918-F3	F3	cher-F3	cher-Uncat	32.8	12.6	TRUE
Su.den-Suden_1940-F3	F3	cher-F3	cher-ACF	33.2	12.9	TRUE
Nitra-NIS_0788-F3	F3	cher-F3	cher-F9	26.8	5.1	TRUE
Th.mel-Tmel_1150-Uncat	Uncat	cher-Uncat	cher-ACF	26.3	9.3	TRUE
Fe.nod-Fnod_0917-Uncat	Uncat	cher-Uncat	cher-ACF	23.3	7.3	TRUE
He.hep-HH0455-F7	F7	cher-F7	cher-F5	25.6	3.2	TRUE
Wo.suc-WS1212-F7	F7	cher-F7	cher-F8	27.8	6.5	TRUE
Ar.but-Abu_1186-F7	F7	cher-F7	cher-F8	26.4	4.1	TRUE
Me.cap-MCA0829-ACF	ACF	cher-ACF	cher-F10	27.0	9.5	TRUE
No.pun-Npun_R0248-ACF	ACF	cher-ACF	cher-F9	30.0	7.1	TRUE
Ps.aer-PA3706-ACF	ACF	cher-ACF	cher-F9	31.8	8.5	TRUE
Ps.put-PP_1490-ACF	ACF	cher-ACF	cher-F3	31.2	10.1	TRUE
Ps.flu-PFL_1131-ACF	ACF	cher-ACF	cher-F9	30.5	7.9	TRUE
Ra.eut-Reut_B3651-ACF	ACF	cher-ACF	cher-F3	30.8	8.2	TRUE
Ra.met-Rmet_3971-ACF	ACF	cher-ACF	cher-F9	33.8	8.6	TRUE
Bo.avi-BAV1022-ACF	ACF	cher-ACF	cher-F9	33.8	8.6	TRUE
Janth-mma_0016-ACF	ACF	cher-ACF	cher-F9	31.2	8.4	TRUE
Bu.mal-BMAA0219-ACF	ACF	cher-ACF	cher-F16	33.6	8.4	TRUE
Ra.sol-RS02206-ACF	ACF	cher-ACF	cher-Uncat	31.8	8.3	TRUE
Me.lot-mll9515-ACF	ACF	cher-ACF	cher-F9	26.6	6.9	TRUE
So.cel-sce3140-Uncat	Uncat	cher-Uncat	cher-ACF	25.5	1.2	TRUE
My.xan-MXAN_6031-ACF	ACF	cher-ACF	cher-Uncat	28.2	2.9	TRUE
Ps.cry-Pcryo_2097-Tfp	Tfp	cher-Tfp	cher-ACF	35.0	12.5	TRUE
Hydro-HY04AAS1_0118-Uncat	Uncat	cher-Uncat	cher-ACF	30.0	12.5	TRUE
Tr.pal-TP0364-F2	F2	cher-F2	cher-MAC2	35.5	19.3	TRUE
Tr.den-TDE1492-F2	F2	cher-F2	cher-MAC2	35.5	18.0	TRUE
