Th.mar-TM0702-F1	F1	chea-F1	chea-F2	249.2	26.1	TRUE
Th.let-Tlet_0631-F1	F1	chea-F1	chea-F7	231.1	16.8	TRUE
Th.mel-Tmel_0933-F1	F1	chea-F1	chea-F7	238.4	15.4	TRUE
Fe.nod-Fnod_0690-F1	F1	chea-F7	chea-F8	227.9	11.8	FALSE
Pe.mob-Pmob_1390-F1	F1	chea-F1	chea-F7	228.9	16.5	TRUE
Ba.sub-BSU16430-F1	F1	chea-F1	chea-F10	163.7	9.0	TRUE
Ba.lic-BL01250-F1	F1	chea-F1	chea-F7	230.0	25.1	TRUE
Ba.pum-BPUM_1542-F1	F1	chea-F1	chea-F7	229.8	26.3	TRUE
Ge.kau-GK1242-F1	F1	chea-F1	chea-F7	233.8	19.3	TRUE
Ge.the-GTNG_1096-F1	F1	chea-F1	chea-F7	231.4	20.6	TRUE
Ly.sph-Bsph_1574-F1	F1	chea-F1	chea-F7	216.2	14.9	TRUE
Ba.hal-BH2970-F1	F1	chea-F1	chea-F7	230.0	17.3	TRUE
Oc.ihe-OB2543-F1	F1	chea-F1	chea-F7	219.6	16.8	TRUE
Ex.sib-Exig_1857-F1	F1	chea-F1	chea-F7	226.5	25.1	TRUE
Th.ten-TTE1417-F1	F1	chea-F1	chea-Tfp	252.3	30.8	TRUE
Th.pse-Teth39_1232-F1	F1	chea-Tfp	chea-F2	219.5	0.4	FALSE
Cl.the-Cthe_0490-F1	F1	chea-Tfp	chea-F7	201.7	0.2	FALSE
Ca.sac-Csac_1281-F1	F1	chea-F2	chea-Tfp	215.5	5.4	FALSE
Al.met-Amet_2698-F1	F1	chea-F1	chea-F2	231.5	24.6	TRUE
Al.ore-Clos_1506-F1	F1	chea-F2	chea-F7	206.8	4.5	FALSE
Cl.phy-Cphy_2690-F1	F1	chea-F1	chea-Tfp	231.4	32.7	TRUE
Sy.wol-Swol_0874-F1	F1	chea-F1	chea-F2	240.8	28.9	TRUE
He.mod-HM1_2247-F1	F1	chea-F1	chea-F2	231.7	26.2	TRUE
Na.the-Nther_1418-F1	F1	chea-F1	chea-F2	234.5	25.6	TRUE
Ba.cla-ABC2582-F1	F1	chea-F1	chea-F7	219.8	19.1	TRUE
Cl.ace-CAC2220-F1	F1	chea-F2	chea-F1	168.5	3.9	FALSE
Cl.nov-NT01CX_1864-F1	F1	chea-F1	chea-F9	162.5	20.7	TRUE
Cl.bot-CLB_2689-F1	F1	chea-F1	chea-F7	150.4	18.3	TRUE
Cl.klu-CKL_2129-F1	F1	chea-F1	chea-F9	157.0	19.6	TRUE
Cl.bei-Cbei_4307-F1	F1	chea-F1	chea-F9	163.3	19.7	TRUE
Ca.hyd-CHY_0967-F1	F1	chea-F1	chea-F2	241.8	29.9	TRUE
De.red-Dred_2440-F1	F1	chea-F1	chea-F9	236.0	30.4	TRUE
Pe.the-PTH_2116-F1	F1	chea-F1	chea-F9	241.6	28.8	TRUE
De.aud-Daud_1792-F1	F1	chea-F2	chea-F9	200.0	3.2	FALSE
Mo.the-Moth_0742-F1	F1	chea-F1	chea-Tfp	245.1	33.5	TRUE
Sy.the-STH1537-F1	F1	chea-F1	chea-F2	234.8	24.2	TRUE
Cl.the-Cthe_2284-F11	F11	chea-F11	chea-F2	453.2	240.2	TRUE
Cl.the-Cthe_2818-F11	F11	chea-F11	chea-F1	347.2	184.6	TRUE
Cl.bei-Cbei_4183-F11	F11	chea-F11	chea-F1	244.2	34.6	TRUE
Py.aby-PAB1332-F1	F1	chea-F1	chea-ACF	247.3	39.0	TRUE
Py.hor-PH0484-F1	F1	chea-F1	chea-ACF	248.2	38.1	TRUE
Th.kod-TK0635-F1	F1	chea-F2	chea-F1	92.5	1.0	FALSE
De.haf-DSY2994-F1	F1	chea-F7	chea-F8	208.9	0.6	FALSE
Ge.sul-GSU0296-F12	F12	chea-F12	chea-F2	427.9	215.8	TRUE
Ge.met-Gmet_3266-F12	F12	chea-F12	chea-F2	397.2	183.6	TRUE
Ge.ura-Gura_4420-F12	F12	chea-F12	chea-F2	337.8	131.3	TRUE
Ge.bem-Gbem_3942-F12	F12	chea-F12	chea-F2	329.3	114.3	TRUE
Pe.pro-Ppro_0877-F12	F12	chea-F12	chea-F1	328.7	112.2	TRUE
Ge.lov-Glov_2814-F12	F12	chea-F12	chea-F1	339.7	116.9	TRUE
He.pyl-jhp0989-F3	F3	chea-F3	chea-F1	433.1	215.8	TRUE
He.hep-HH0672-F3	F3	chea-F3	chea-F2	336.5	113.0	TRUE
Wo.suc-WS2083-F3	F3	chea-F3	chea-F2	312.0	87.8	TRUE
Ca.jej-Cj0284c-F3	F3	chea-F3	chea-F2	296.8	65.6	TRUE
Ca.cur-CCV52592_1657-F3	F3	chea-F3	chea-F2	306.6	78.6	TRUE
Ca.con-CCC13826_1580-F3	F3	chea-F3	chea-F2	309.4	86.4	TRUE
Ca.fet-CFF8240_0331-F3	F3	chea-F3	chea-F2	303.6	79.0	TRUE
Su.den-Suden_1530-F3	F3	chea-F3	chea-F2	295.9	75.1	TRUE
Sa.rub-SRU_2602-F15	F15	chea-F15	chea-F1	437.9	222.1	TRUE
De.vul-DVU2072-F4	F4	chea-F4	chea-F1	434.9	203.0	TRUE
De.des-Dde_1577-F4	F4	chea-F4	chea-F1	380.0	149.1	TRUE
La.int-LI1144-F4	F4	chea-F4	chea-F1	369.7	140.7	TRUE
Th.yel-THEYE_A2067-F17	F17	chea-F17	chea-F1	434.5	219.7	TRUE
Ar.ful-AF1040-F1	F1	chea-F1	chea-F7	235.0	28.2	TRUE
Me.ace-MA3066-F1	F1	chea-F1	chea-F7	214.3	27.4	TRUE
Me.maz-MM_0328-F1	F1	chea-F7	chea-F2	194.1	14.2	FALSE
Me.bur-Mbur_0361-F1	F1	chea-F7	chea-Tfp	192.1	16.6	FALSE
Nitra-NIS_0604-F14	F14	chea-F14	chea-F1	366.5	142.5	TRUE
Sulfi-SYO3AOP1_0926-F14	F14	chea-F14	chea-F1	368.8	174.5	TRUE
Hydro-HY04AAS1_0197-F14	F14	chea-F14	chea-F1	287.1	88.8	TRUE
Ge.ura-Gura_2694-F16	F16	chea-F16	chea-F1	437.5	237.3	TRUE
Vi.cho-VC2063-F6	F6	chea-F6	chea-F1	323.1	124.3	TRUE
Vi.vul-VV1_1955-F6	F6	chea-F6	chea-F1	298.4	103.2	TRUE
Vi.par-VP2229-F6	F6	chea-F6	chea-F1	301.6	101.7	TRUE
Vi.fis-VF_1831-F6	F6	chea-F6	chea-F1	294.3	98.3	TRUE
Al.sal-VSAL_I2287-F6	F6	chea-F6	chea-F1	292.5	100.7	TRUE
Ph.pro-PBPRA0942-F6	F6	chea-F6	chea-F1	278.8	76.5	TRUE
Co.psy-CPS_1522-F6	F6	chea-F6	chea-F1	267.9	62.2	TRUE
Ps.hal-PSHAa0812-F6	F6	chea-F6	chea-F1	269.1	64.4	TRUE
Ps.atl-Patl_3027-F6	F6	chea-F6	chea-F1	274.7	72.2	TRUE
Al.mac-MADE_02867-F6	F6	chea-F6	chea-F1	269.4	64.7	TRUE
Ae.hyd-AHA_1385-F6	F6	chea-F6	chea-F1	271.2	64.0	TRUE
Sh.one-SO_3207-F6	F6	chea-F6	chea-F1	276.5	69.9	TRUE
Sh.bal-Shew185_2916-F6	F6	chea-F6	chea-F1	271.4	62.5	TRUE
Sh.ama-Sama_2277-F6	F6	chea-F6	chea-F1	276.5	65.4	TRUE
Sh.fri-Sfri_1202-F6	F6	chea-F6	chea-F1	270.8	64.7	TRUE
Sh.den-Sden_1346-F6	F6	chea-F6	chea-F1	267.9	63.1	TRUE
Sh.loi-Shew_1386-F6	F6	chea-F6	chea-F1	277.1	64.4	TRUE
Sh.sed-Ssed_3046-F6	F6	chea-F6	chea-F1	277.2	67.8	TRUE
Sh.woo-Swoo_1638-F6	F6	chea-F6	chea-F1	264.8	61.7	TRUE
Sh.hal-Shal_1468-F6	F6	chea-F6	chea-F1	278.1	68.3	TRUE
Id.loi-IL1114-F6	F6	chea-F6	chea-F1	279.1	71.4	TRUE
Ps.aer-PA1458-F6	F6	chea-F6	chea-F1	258.6	57.2	TRUE
Ps.put-PP_4338-F6	F6	chea-F6	chea-F1	279.5	73.7	TRUE
Ps.flu-PFL_1670-F6	F6	chea-F6	chea-F1	279.5	77.6	TRUE
Ps.stu-PST_2566-F6	F6	chea-F6	chea-F1	266.0	61.5	TRUE
Ps.men-Pmen_2802-F6	F6	chea-F6	chea-F1	265.2	64.3	TRUE
Sa.deg-Sde_2161-F6	F6	chea-F6	chea-F2	270.1	63.5	TRUE
Ce.jap-CJA_2138-F6	F6	chea-F6	chea-F1	270.8	68.1	TRUE
Ha.che-HCH_05168-F6	F6	chea-F6	chea-F1	262.7	54.9	TRUE
Ma.aqu-Maqu_1972-F6	F6	chea-F6	chea-F1	268.2	64.3	TRUE
Marin-Mmwyl1_3425-F6	F6	chea-F6	chea-F1	272.8	66.1	TRUE
Al.ehr-Mlg_0988-F6	F6	chea-F6	chea-F1	262.3	56.7	TRUE
Ha.hal-Hhal_0474-F6	F6	chea-F6	chea-F1	252.4	51.9	TRUE
Th.cru-Tcr_0750-F6	F6	chea-F6	chea-F1	257.4	53.5	TRUE
Xa.cam-XCC1903-F6	F6	chea-F6	chea-F1	312.7	115.0	TRUE
St.mal-Smal_1859-F6	F6	chea-F6	chea-F1	299.3	97.2	TRUE
Me.map-MMP0927-F1	F1	chea-F1	chea-F7	227.1	35.6	TRUE
Me.van-Mevan_0220-F1	F1	chea-F1	chea-F7	216.0	32.6	TRUE
Li.mon-lmo0692-F1	F1	chea-F1	chea-F7	208.8	18.5	TRUE
Ba.thu-BT9727_1518-F1	F1	chea-F1	chea-F7	220.2	18.0	TRUE
Ba.wei-BcerKBAB4_1547-F1	F1	chea-F1	chea-F7	220.8	18.4	TRUE
Ge.sul-GSU2222-F10	F10	chea-F10	chea-F7	303.4	113.9	TRUE
Ge.met-Gmet_2311-F10	F10	chea-F10	chea-F7	288.3	103.4	TRUE
Ge.ura-Gura_3146-F10	F10	chea-F10	chea-F7	276.5	93.7	TRUE
Ge.bem-Gbem_0740-F10	F10	chea-F10	chea-F7	271.2	92.2	TRUE
Ge.lov-Glov_2123-F10	F10	chea-F10	chea-F7	283.1	93.5	TRUE
Pe.pro-Ppro_1729-F10	F10	chea-F10	chea-F7	288.4	127.0	TRUE
An.deh-Adeh_2736-F10	F10	chea-F10	chea-Tfp	291.7	97.3	TRUE
My.xan-MXAN_4758-F10	F10	chea-F10	chea-Tfp	252.7	64.0	TRUE
So.cel-sce1594-F10	F10	chea-F10	chea-Tfp	308.1	123.2	TRUE
He.mod-HM1_1416-Uncat	Uncat	chea-Uncat	chea-F7	282.4	73.8	TRUE
Ch.vio-CV_3450-F6	F6	chea-F6	chea-F5	321.9	118.5	TRUE
De.aro-Daro_0738-F6	F6	chea-F6	chea-F7	262.4	60.6	TRUE
Azoar-azo1462-F6	F6	chea-F6	chea-F7	256.5	55.3	TRUE
Le.int-LA1251-F1	F1	chea-F1	chea-F7	206.8	12.3	TRUE
Le.bor-LBJ_0927-F1	F1	chea-F1	chea-F7	205.7	11.3	TRUE
Le.bif-LBF_2324-F1	F1	chea-F1	chea-F7	208.2	6.6	TRUE
Me.ace-MA0014-F1	F1	chea-F1	chea-Tfp	224.4	43.0	TRUE
Me.maz-MM_1325-F1	F1	chea-F1	chea-Tfp	216.8	30.0	TRUE
Me.bar-Mbar_A0984-F1	F1	chea-F1	chea-ACF	204.6	30.7	TRUE
Me.hun-Mhun_0110-F1	F1	chea-F1	chea-F9	222.8	32.1	TRUE
Me.mas-Memar_0943-F1	F1	chea-ACF	chea-F7	184.6	5.4	FALSE
Me.boo-Mboo_1336-F1	F1	chea-F1	chea-F7	212.1	21.6	TRUE
Tr.pal-TP0363-F2	F2	chea-F2	chea-F7	385.2	187.8	TRUE
Tr.den-TDE1491-F2	F2	chea-F2	chea-F7	311.5	110.7	TRUE
Bo.bur-BB0669-F2	F2	chea-F2	chea-F7	383.2	199.9	TRUE
Bo.afz-BAPKO_0713-F2	F2	chea-F2	chea-F7	368.4	184.0	TRUE
Bo.gar-BG0692-F2	F2	chea-F2	chea-F7	368.5	186.6	TRUE
Bo.tur-BT0669-F2	F2	chea-F2	chea-F7	288.0	91.4	TRUE
Bo.her-BH0669-F2	F2	chea-F2	chea-F7	281.3	88.2	TRUE
Bo.dut-BDU_672-F2	F2	chea-F2	chea-F7	278.5	89.4	TRUE
Ac.bac-Acid345_1771-F2	F2	chea-F2	chea-F1	319.5	120.3	TRUE
Bo.bur-BB0567-F8	F8	chea-F8	chea-F7	225.6	48.9	TRUE
Bo.gar-BG0577-F8	F8	chea-F8	chea-F7	221.5	46.8	TRUE
Bo.afz-BAPKO_0597-F8	F8	chea-F8	chea-F7	221.6	45.0	TRUE
Bo.tur-BT0567-F8	F8	chea-F8	chea-F7	222.0	42.9	TRUE
Bo.her-BH0567-F8	F8	chea-F8	chea-F7	220.2	41.2	TRUE
Bo.dut-BDU_569-F8	F8	chea-F8	chea-F7	218.3	38.3	TRUE
De.vul-DVU1594-F8	F8	chea-F8	chea-F7	233.3	32.0	TRUE
De.des-Dde_2106-F8	F8	chea-F8	chea-F7	240.3	29.1	TRUE
Ge.sul-GSU1290-F8	F8	chea-F8	chea-F7	249.2	35.8	TRUE
Ge.met-Gmet_2427-F8	F8	chea-F8	chea-F7	244.2	33.6	TRUE
Ge.bem-Gbem_1594-F8	F8	chea-F8	chea-F7	235.0	28.1	TRUE
Ge.ura-Gura_2993-F8	F8	chea-F8	chea-F7	237.7	27.0	TRUE
Ge.lov-Glov_1738-F8	F8	chea-F8	chea-F7	247.1	33.5	TRUE
Pe.pro-Ppro_1607-F8	F8	chea-F8	chea-F7	239.3	31.0	TRUE
Ge.bem-Gbem_2940-F8	F8	chea-F8	chea-F7	220.0	22.4	TRUE
Magne-Mmc1_0630-F8	F8	chea-F8	chea-F7	231.7	20.8	TRUE
An.deh-Adeh_1379-F8	F8	chea-F8	chea-F7	228.4	39.1	TRUE
Br.jap-blr2343-F8	F8	chea-F8	chea-F7	232.8	40.1	TRUE
Rh.pal-RPA0142-F8	F8	chea-F8	chea-F7	234.2	39.5	TRUE
Brady-BBta_6737-F8	F8	chea-F8	chea-F7	231.4	39.5	TRUE
Brady-BBta_7839-F8	F8	chea-F8	chea-F7	227.5	33.7	TRUE
Me.rad-Mrad2831_4815-F8	F8	chea-F8	chea-F7	222.7	32.0	TRUE
Me.rad-Mrad2831_5775-F8	F8	chea-F8	chea-F7	222.0	32.0	TRUE
Rh.rub-Rru_A1399-F8	F8	chea-F8	chea-F7	235.2	27.6	TRUE
Rh.etl-RHE_CH03522-F8	F8	chea-F8	chea-F7	224.9	12.6	TRUE
Rh.leg-RL4035-F8	F8	chea-F8	chea-F7	226.4	12.8	TRUE
Caulo-Caul_0612-F8	F8	chea-F8	chea-F7	228.4	21.3	TRUE
Rh.sph-RSP_1584-F8	F8	chea-F8	chea-F7	215.5	20.1	TRUE
De.ole-Dole_0871-F8	F8	chea-F8	chea-F7	232.1	32.2	TRUE
Xa.cam-XCC2700-F8	F8	chea-F8	chea-F7	248.1	44.3	TRUE
Rh.fer-Rfer_0901-F8	F8	chea-F8	chea-F7	248.3	32.6	TRUE
Le.cho-Lcho_3798-F8	F8	chea-F8	chea-F7	246.0	33.8	TRUE
De.aro-Daro_1142-F8	F8	chea-F8	chea-F7	250.2	35.5	TRUE
Azoar-azo0408-F8	F8	chea-F8	chea-F7	255.4	41.8	TRUE
Sh.den-Sden_3296-F8	F8	chea-F8	chea-F7	245.2	39.8	TRUE
Ae.hyd-AHA_1036-F8	F8	chea-F8	chea-F7	257.3	40.4	TRUE
Ch.vio-CV_1014-F8	F8	chea-F8	chea-F7	241.0	42.0	TRUE
Ha.che-HCH_03709-F8	F8	chea-F8	chea-F7	243.5	49.0	TRUE
Ph.pro-PBPRA0774-F8	F8	chea-F8	chea-F7	233.9	48.1	TRUE
Ps.men-Pmen_1568-F8	F8	chea-F8	chea-F7	246.1	41.0	TRUE
Le.cho-Lcho_1533-F8	F8	chea-F8	chea-F7	248.6	42.0	TRUE
Ch.vio-CV_2510-F8	F8	chea-F8	chea-F7	248.5	28.9	TRUE
Ae.hyd-AHA_2529-F8	F8	chea-F8	chea-F7	221.9	27.2	TRUE
Le.cho-Lcho_0332-F8	F8	chea-F8	chea-F7	246.4	41.3	TRUE
Ce.jap-CJA_2945-F8	F8	chea-F8	chea-F7	241.2	42.9	TRUE
Le.bif-LBF_1532-F8	F8	chea-F7	chea-F2	198.1	24.8	FALSE
Le.int-LA2425-F8	F8	chea-F8	chea-F7	237.7	28.5	TRUE
De.vul-DVU1960-F8	F8	chea-F8	chea-F7	213.5	46.3	TRUE
Ge.lov-Glov_3317-F8	F8	chea-F8	chea-F10	163.1	18.7	TRUE
An.deh-Adeh_0603-F8	F8	chea-F8	chea-F7	225.5	49.7	TRUE
Anaer-Anae109_0647-F8	F8	chea-F8	chea-F7	215.8	38.1	TRUE
So.cel-sce1226-F8	F8	chea-F8	chea-F7	198.3	64.5	TRUE
So.cel-sce2203-F8	F8	chea-F8	chea-Tfp	189.7	41.4	TRUE
Vi.cho-VCA1095-F7	F7	chea-F7	chea-F1	240.4	31.5	TRUE
Vi.vul-VV2_1168-F7	F7	chea-F7	chea-F8	235.0	27.6	TRUE
Sh.ama-Sama_3495-F7	F7	chea-F7	chea-F8	244.7	38.4	TRUE
Sh.loi-Shew_0113-F7	F7	chea-F7	chea-F8	237.2	30.4	TRUE
Sh.sed-Ssed_0186-F7	F7	chea-F7	chea-F8	238.3	33.9	TRUE
Sh.woo-Swoo_0166-F7	F7	chea-F7	chea-F8	235.3	29.8	TRUE
Sa.deg-Sde_3107-F7	F7	chea-F7	chea-F8	251.0	33.9	TRUE
Th.cru-Tcr_1612-F7	F7	chea-F7	chea-F2	243.7	42.8	TRUE
Ha.hal-Hhal_2167-F7	F7	chea-F7	chea-F8	245.1	55.1	TRUE
Ha.che-HCH_00455-F7	F7	chea-F7	chea-F8	234.6	41.9	TRUE
Ps.aer-PA0178-F7	F7	chea-F7	chea-F1	169.7	22.6	TRUE
Es.col-Z2942-F7	F7	chea-F7	chea-F10	160.5	2.9	TRUE
Enter-Ent638_2466-F7	F7	chea-F7	chea-F10	159.8	4.1	TRUE
Ye.pes-YPO1666-F7	F7	chea-F7	chea-F10	160.3	15.1	TRUE
Pe.atr-ECA1689-F7	F7	chea-F7	chea-F10	161.8	3.3	TRUE
Er.tas-ETA_14620-F7	F7	chea-F7	chea-F1	161.8	14.8	TRUE
Pr.mir-PMI1668-F7	F7	chea-F7	chea-F10	166.2	8.8	TRUE
Bo.bro-BB2546-F7	F7	chea-F7	chea-F10	159.5	6.3	TRUE
Bo.avi-BAV1675-F7	F7	chea-F7	chea-F10	161.4	6.3	TRUE
Bo.pet-Bpet2102-F7	F7	chea-F7	chea-F1	163.2	16.4	TRUE
Ra.eut-Reut_B5608-F7	F7	chea-F7	chea-F1	160.9	16.1	TRUE
Ra.met-Rmet_3689-F7	F7	chea-F7	chea-F1	159.3	19.0	TRUE
Bu.mal-BMA2859-F7	F7	chea-F7	chea-F8	160.0	19.1	TRUE
Ra.sol-RSp1408-F7	F7	chea-F7	chea-F10	163.7	10.0	TRUE
Ra.pic-Rpic_4048-F7	F7	chea-F7	chea-F10	162.8	6.8	TRUE
Th.den-Tbd_1624-F7	F7	chea-F7	chea-F1	164.5	14.0	TRUE
He.ars-HEAR1301-F7	F7	chea-F7	chea-F1	163.1	14.0	TRUE
Janth-mma_2095-F7	F7	chea-F7	chea-F1	162.5	14.9	TRUE
Me.fla-Mfla_1936-F7	F7	chea-F7	chea-F10	159.4	1.4	TRUE
Ch.sal-Csal_2024-F7	F7	chea-F7	chea-F10	159.4	2.4	TRUE
Ni.eur-NE1866-F7	F7	chea-F7	chea-F10	167.1	7.4	TRUE
Ni.eut-Neut_1167-F7	F7	chea-F7	chea-F10	169.2	8.7	TRUE
De.aro-Daro_0726-F7	F7	chea-F7	chea-F10	167.1	5.1	TRUE
Ch.vio-CV_3442-F7	F7	chea-F7	chea-F10	162.8	11.3	TRUE
Rh.fer-Rfer_0567-F7	F7	chea-F7	chea-F1	160.1	15.3	TRUE
Ac.ave-Aave_4378-F7	F7	chea-F7	chea-F1	164.7	19.0	TRUE
Acido-Ajs_3790-F7	F7	chea-F7	chea-F1	165.0	16.0	TRUE
Ve.eis-Veis_2176-F7	F7	chea-F7	chea-F10	161.3	6.2	TRUE
De.aci-Daci_0655-F7	F7	chea-F7	chea-F1	164.5	15.1	TRUE
Me.pet-Mpe_A0585-F7	F7	chea-F7	chea-F10	169.7	9.9	TRUE
Le.cho-Lcho_1599-F7	F7	chea-F7	chea-F10	160.5	8.7	TRUE
Ge.met-Gmet_1080-F7	F7	chea-F10	chea-F7	154.9	1.2	FALSE
Ge.ura-Gura_2169-F7	F7	chea-F10	chea-F7	153.5	4.0	FALSE
Ge.bem-Gbem_1046-F7	F7	chea-F7	chea-F10	146.4	0.6	TRUE
Xa.cam-XCC1885-F7	F7	chea-F10	chea-F7	161.1	1.6	FALSE
St.mal-Smal_1852-F7	F7	chea-F10	chea-F7	161.7	4.5	FALSE
Azoar-azo1451-F7	F7	chea-F7	chea-F1	154.5	15.9	TRUE
Sh.one-SO_2121-F7	F7	chea-F7	chea-F8	157.9	27.3	TRUE
Sh.bal-Shew185_2247-F7	F7	chea-F7	chea-F10	164.7	2.9	TRUE
Al.mac-MADE_00412-F7	F7	chea-F7	chea-F10	162.5	2.4	TRUE
Marin-Mmwyl1_3299-F7	F7	chea-F7	chea-F1	158.1	9.6	TRUE
Ca.cre-CC_0433-F7	F7	chea-F7	chea-F8	238.1	52.5	TRUE
Caulo-Caul_0279-F7	F7	chea-F7	chea-F8	235.9	49.6	TRUE
Ac.cry-Acry_2708-F7	F7	chea-F7	chea-F8	236.4	45.5	TRUE
Ph.zuc-PHZ_c3379-F7	F7	chea-F7	chea-F8	240.9	51.3	TRUE
Be.ind-Bind_3623-F7	F7	chea-F7	chea-F8	242.8	55.8	TRUE
Si.mel-SMc03007-F7	F7	chea-F7	chea-F8	239.0	51.3	TRUE
Rh.etl-RHE_CH00639-F7	F7	chea-F7	chea-F8	238.6	51.9	TRUE
Rh.leg-RL0688-F7	F7	chea-F7	chea-F8	238.4	52.3	TRUE
Ag.tum-Atu0517-F7	F7	chea-F7	chea-F8	240.7	49.8	TRUE
Ro.den-RD1_3059-F7	F7	chea-F7	chea-F8	226.4	45.6	TRUE
Zy.mob-ZMO0083-F7	F7	chea-F7	chea-F8	241.2	56.2	TRUE
Rh.sph-RSP_2436-F7	F7	chea-F7	chea-F8	216.4	53.1	TRUE
Janna-Jann_2841-F7	F7	chea-F7	chea-F8	216.9	56.6	TRUE
Silic-TM1040_3206-F7	F7	chea-F7	chea-F8	229.6	51.1	TRUE
Brady-BBta_2143-F7	F7	chea-F7	chea-F8	234.0	52.3	TRUE
Gl.dia-GDI1685-F7	F7	chea-F7	chea-F8	225.1	49.7	TRUE
Ar.but-Abu_1185-F7	F7	chea-F7	chea-F8	218.5	39.0	TRUE
Sy.aci-SYN_00963-F7	F7	chea-F7	chea-F8	229.7	36.7	TRUE
Op.ter-Oter_0433-F7	F7	chea-F7	chea-F8	238.7	25.4	TRUE
So.usi-Acid_5369-F7	F7	chea-F7	chea-F8	229.0	24.0	TRUE
An.deh-Adeh_1370-F7	F7	chea-F7	chea-F8	232.0	21.6	TRUE
Pe.car-Pcar_1197-F7	F7	chea-F7	chea-F8	246.5	33.1	TRUE
Cl.ace-CAC0118-F7	F7	chea-F7	chea-F8	235.0	55.3	TRUE
Cl.klu-CKL_1123-F7	F7	chea-F7	chea-F8	227.3	57.2	TRUE
Cl.the-Cthe_0810-F7	F7	chea-F7	chea-F8	245.5	45.1	TRUE
Cl.bei-Cbei_4019-F7	F7	chea-F7	chea-F8	215.3	37.8	TRUE
Cl.bei-Cbei_4829-F7	F7	chea-F7	chea-F8	234.5	45.3	TRUE
Cl.dif-CD0539-F7	F7	chea-F7	chea-F8	229.2	57.2	TRUE
Sy.wol-Swol_1332-F7	F7	chea-F7	chea-F9	170.9	38.1	TRUE
Le.bif-LBF_0887-F7	F7	chea-F7	chea-F8	228.9	33.5	TRUE
Ca.sac-Csac_0809-F7	F7	chea-F7	chea-F8	224.4	45.0	TRUE
Ca.cre-CC_0594-F5	F5	chea-F5	chea-F7	249.1	46.2	TRUE
Ma.mar-Mmar10_0658-F5	F5	chea-F7	chea-F1	203.0	13.5	FALSE
Br.jap-bll0393-F5	F5	chea-F5	chea-F7	231.2	29.6	TRUE
Br.jap-blr2192-F5	F5	chea-F5	chea-F7	231.2	29.6	TRUE
Brady-BBta_0524-F5	F5	chea-F5	chea-F7	229.8	28.6	TRUE
Brady-BBta_6559-F5	F5	chea-F5	chea-F7	226.8	27.5	TRUE
Ni.win-Nwi_0520-F5	F5	chea-F5	chea-F7	232.5	32.6	TRUE
Ni.ham-Nham_3376-F5	F5	chea-F5	chea-F7	228.3	26.7	TRUE
Rh.pal-RPA1627-F5	F5	chea-F5	chea-F7	234.7	31.2	TRUE
Rh.pal-RPA1676-F5	F5	chea-F5	chea-F7	234.7	31.2	TRUE
Ol.car-OCAR_7116-F5	F5	chea-F5	chea-F7	223.9	25.2	TRUE
Az.cau-AZC_0661-F5	F5	chea-F5	chea-F7	226.4	22.3	TRUE
Me.ext-Mext_1529-F5	F5	chea-F7	chea-Tfp	194.5	7.6	FALSE
Me.rad-Mrad2831_4035-F5	F5	chea-F5	chea-F7	220.8	21.7	TRUE
Methy-M446_4838-F5	F5	chea-F5	chea-F7	223.5	26.5	TRUE
Ma.mag-amb0326-F5	F5	chea-F7	chea-Tfp	201.3	9.2	FALSE
Rh.rub-Rru_A0521-F5	F5	chea-F5	chea-F7	226.1	30.5	TRUE
Rh.cen-RC1_1758-F5	F5	chea-F5	chea-F7	226.4	24.3	TRUE
Ph.zuc-PHZ_c3234-F5	F5	chea-F5	chea-F7	228.9	27.2	TRUE
Ac.bac-Acid345_1524-F5	F5	chea-F5	chea-F6	262.5	67.8	TRUE
Tr.ery-Tery_4224-F5	F5	chea-F5	chea-F1	261.6	68.0	TRUE
Ac.cel-Acel_1793-F5	F5	chea-F5	chea-ACF	161.4	15.3	TRUE
Nocar-Noca_3604-F5	F5	chea-Tfp	chea-F7	186.7	1.1	FALSE
Ki.rad-Krad_0314-F5	F5	chea-F7	chea-Tfp	186.1	6.5	FALSE
De.psy-DP2642-F5	F5	chea-F5	chea-F7	258.5	62.4	TRUE
De.ole-Dole_0990-F5	F5	chea-F5	chea-F7	272.5	87.2	TRUE
Magne-Mmc1_3576-F5	F5	chea-F5	chea-F1	261.6	61.1	TRUE
Vi.cho-VC1397-F9	F9	chea-F9	chea-F1	255.7	63.8	TRUE
Al.mac-MADE_03242-F9	F9	chea-F9	chea-F1	248.8	57.9	TRUE
Rh.rub-Rru_A2327-F9	F9	chea-F9	chea-F1	260.0	62.5	TRUE
Rh.cen-RC1_0337-F9	F9	chea-F9	chea-F1	215.6	50.9	TRUE
Ki.rad-Krad_1851-F9	F9	chea-F9	chea-F2	243.6	56.7	TRUE
Sy.wol-Swol_1455-F9	F9	chea-F9	chea-F7	249.2	46.8	TRUE
Ca.hyd-CHY_1033-F9	F9	chea-F9	chea-F7	238.9	40.8	TRUE
Th.ten-TTE1039-F9	F9	chea-F9	chea-F7	239.7	60.2	TRUE
Caulo-Caul_3301-F9	F9	chea-F9	chea-ACF	217.5	56.5	TRUE
Methy-M446_2049-F9	F9	chea-F9	chea-Tfp	213.0	66.2	TRUE
Ca.sac-Csac_0814-F9	F9	chea-F9	chea-F7	231.2	40.5	TRUE
Su.den-Suden_0974-F7	F7	chea-F7	chea-F8	223.3	33.4	TRUE
Gl.oxy-GOX1552-F7	F7	chea-F7	chea-Tfp	211.3	32.7	TRUE
Ha.mar-rrnAC2205-F1	F1	chea-Tfp	chea-F7	194.0	1.5	FALSE
Ha.sal-OE2415R-F1	F1	chea-Tfp	chea-F7	188.9	5.6	FALSE
Na.pha-NP2172A-F1	F1	chea-F1	chea-ACF	236.1	50.6	TRUE
Co.pro-COPRO5265_0293-F1	F1	chea-F1	chea-F7	223.8	26.4	TRUE
Sy.fum-Sfum_1650-Uncat	Uncat	chea-Uncat	chea-F2	293.5	127.6	TRUE
Ge.sul-GSU3199-F1	F1	chea-F1	chea-ACF	206.1	34.8	TRUE
Ge.ura-Gura_0721-F1	F1	chea-Tfp	chea-F1	164.8	0.6	FALSE
Ge.bem-Gbem_0622-F1	F1	chea-Tfp	chea-F7	155.2	13.3	FALSE
Pe.pro-Ppro_3091-F1	F1	chea-F1	chea-Tfp	203.0	38.3	TRUE
Ge.lov-Glov_3196-F1	F1	chea-F1	chea-Tfp	211.7	37.0	TRUE
An.deh-Adeh_4316-F1	F1	chea-F1	chea-ACF	203.7	30.8	TRUE
Anaer-Anae109_4461-F1	F1	chea-F1	chea-ACF	190.3	21.5	TRUE
My.xan-MXAN_6692-F1	F1	chea-F1	chea-ACF	198.7	33.1	TRUE
Pe.car-Pcar_0031-F1	F1	chea-F1	chea-ACF	97.2	8.6	TRUE
Er.lit-ELI_11265-F5	F5	chea-F5	chea-F7	225.6	63.2	TRUE
Sp.wit-Swit_0065-F5	F5	chea-F5	chea-Tfp	241.5	80.3	TRUE
Sp.ala-Sala_1740-F5	F5	chea-F5	chea-ACF	223.3	54.6	TRUE
Rosei-RoseRS_0036-ACF	ACF	chea-ACF	chea-F1	205.9	29.0	TRUE
Ro.cas-Rcas_4206-ACF	ACF	chea-ACF	chea-Tfp	198.5	26.4	TRUE
Ch.aur-Caur_1667-ACF	ACF	chea-ACF	chea-Tfp	205.9	21.3	TRUE
He.aur-Haur_0725-ACF	ACF	chea-ACF	chea-F9	199.7	32.1	TRUE
Ma.mag-amb3004-ACF	ACF	chea-ACF	chea-F1	210.1	42.6	TRUE
Magne-Mmc1_1482-ACF	ACF	chea-ACF	chea-Tfp	220.0	35.2	TRUE
Ge.ura-Gura_4171-ACF	ACF	chea-ACF	chea-Tfp	146.7	18.4	TRUE
Ge.bem-Gbem_2382-ACF	ACF	chea-ACF	chea-F1	199.7	31.9	TRUE
Bd.bac-Bd3469-F7	F7	chea-F7	chea-F8	220.5	56.7	TRUE
He.ars-HEAR0952-F6	F6	chea-F6	chea-F7	299.4	129.9	TRUE
Janth-mma_1085-F6	F6	chea-F6	chea-F7	286.0	117.5	TRUE
Rh.sph-RSP_0049-F7	F7	chea-F7	chea-F8	192.4	37.1	TRUE
Ch.tha-Ctha_2355-Tfp	Tfp	chea-Tfp	chea-F2	205.5	31.1	TRUE
My.xan-MXAN_6964-F13	F13	chea-F13	chea-Tfp	310.5	215.3	TRUE
So.cel-sce2657-F13	F13	chea-F13	chea-ACF	314.3	210.6	TRUE
Op.ter-Oter_2934-F13	F13	chea-F13	chea-ACF	269.4	145.8	TRUE
Magne-Mmc1_2285-F5	F5	chea-F5	chea-ACF	222.9	67.9	TRUE
An.deh-Adeh_0613-ACF	ACF	chea-ACF	chea-Tfp	191.9	32.1	TRUE
Anaer-Anae109_0657-ACF	ACF	chea-ACF	chea-F1	184.6	30.7	TRUE
My.xan-MXAN_4140-ACF	ACF	chea-ACF	chea-F1	195.4	27.7	TRUE
My.xan-MXAN_5147-ACF	ACF	chea-ACF	chea-F1	180.0	31.3	TRUE
Ac.mar-AM1_5077-ACF	ACF	chea-ACF	chea-Tfp	194.0	21.2	TRUE
He.mod-HM1_2026-ACF	ACF	chea-ACF	chea-Tfp	190.9	36.0	TRUE
Ps.aer-PA3704-ACF	ACF	chea-ACF	chea-Tfp	194.1	35.5	TRUE
Ps.put-PP_1492-ACF	ACF	chea-ACF	chea-Tfp	187.3	37.8	TRUE
Ps.flu-PFL_1133-ACF	ACF	chea-ACF	chea-Tfp	191.7	32.4	TRUE
Ra.eut-Reut_B3649-ACF	ACF	chea-ACF	chea-Tfp	190.0	53.8	TRUE
Ra.met-Rmet_3969-ACF	ACF	chea-ACF	chea-Tfp	186.9	42.0	TRUE
Janth-mma_0014-ACF	ACF	chea-ACF	chea-Tfp	192.5	35.6	TRUE
Bu.mal-BMAA0221-ACF	ACF	chea-ACF	chea-Tfp	194.8	56.2	TRUE
Me.lot-mll9511-ACF	ACF	chea-ACF	chea-Tfp	180.4	38.3	TRUE
Bo.avi-BAV1024-ACF	ACF	chea-ACF	chea-Tfp	199.6	45.3	TRUE
No.pun-Npun_R0245-ACF	ACF	chea-ACF	chea-Tfp	192.3	27.9	TRUE
Me.cap-MCA0831-ACF	ACF	chea-Tfp	chea-ACF	148.5	7.0	FALSE
Si.mel-SMa1558-ACF	ACF	chea-ACF	chea-Tfp	130.4	42.3	TRUE
Mesor-Meso_0600-ACF	ACF	chea-ACF	chea-Tfp	136.9	41.7	TRUE
An.deh-Adeh_1193-ACF	ACF	chea-ACF	chea-F10	150.6	33.3	TRUE
My.xan-MXAN_6951-ACF	ACF	chea-ACF	chea-Tfp	138.3	42.3	TRUE
Anaer-Anae109_2297-ACF	ACF	chea-ACF	chea-F10	133.2	36.5	TRUE
My.xan-MXAN_2686-ACF	ACF	chea-ACF	chea-Tfp	190.9	27.1	TRUE
Anaer-Anae109_0469-ACF	ACF	chea-ACF	chea-Tfp	188.2	33.7	TRUE
Anaer-Anae109_3533-ACF	ACF	chea-ACF	chea-Tfp	178.4	38.1	TRUE
Ge.met-Gmet_2710-ACF	ACF	chea-ACF	chea-Tfp	168.9	28.0	TRUE
Ni.mul-Nmul_A0333-ACF	ACF	chea-ACF	chea-Tfp	198.3	59.4	TRUE
Polar-Bpro_2466-ACF	ACF	chea-ACF	chea-Tfp	195.0	49.6	TRUE
Sy.aci-SYN_00431-ACF	ACF	chea-ACF	chea-F1	196.2	61.8	TRUE
Ge.bem-Gbem_2027-ACF	ACF	chea-Tfp	chea-ACF	144.4	0.0	FALSE
Me.hun-Mhun_0989-ACF	ACF	chea-ACF	chea-F1	201.7	52.6	TRUE
Me.hun-Mhun_0494-ACF	ACF	chea-ACF	chea-Tfp	157.5	23.5	TRUE
Me.mas-Memar_0238-ACF	ACF	chea-ACF	chea-Tfp	220.9	85.3	TRUE
Ha.che-HCH_03847-ACF	ACF	chea-ACF	chea-Tfp	186.8	70.0	TRUE
Xy.fas-XF1952-Tfp	Tfp	chea-Tfp	chea-F7	178.2	39.3	TRUE
Xa.cam-XCC2921-Tfp	Tfp	chea-Tfp	chea-F7	181.1	34.6	TRUE
St.mal-Smal_3085-Tfp	Tfp	chea-Tfp	chea-F7	184.2	39.7	TRUE
Al.ehr-Mlg_0359-Tfp	Tfp	chea-Tfp	chea-F7	195.4	54.5	TRUE
Ps.aer-PA0413-Tfp	Tfp	chea-Tfp	chea-F7	202.5	58.0	TRUE
Ps.stu-PST_3948-Tfp	Tfp	chea-Tfp	chea-F7	193.3	47.7	TRUE
Ps.men-Pmen_0408-Tfp	Tfp	chea-Tfp	chea-F7	194.4	45.2	TRUE
Ps.flu-PFL_5823-Tfp	Tfp	chea-Tfp	chea-F7	238.7	95.2	TRUE
Ps.put-PP_4988-Tfp	Tfp	chea-Tfp	chea-F2	232.6	89.8	TRUE
Ha.che-HCH_00541-Tfp	Tfp	chea-Tfp	chea-F7	189.4	38.3	TRUE
Ma.aqu-Maqu_3772-Tfp	Tfp	chea-Tfp	chea-F7	189.4	38.5	TRUE
Sa.deg-Sde_3629-Tfp	Tfp	chea-Tfp	chea-F7	194.0	48.5	TRUE
Ce.jap-CJA_0074-Tfp	Tfp	chea-Tfp	chea-F7	251.5	101.5	TRUE
Al.bor-ABO_0104-Tfp	Tfp	chea-Tfp	chea-F7	261.6	108.0	TRUE
Ps.cry-Pcryo_2096-Tfp	Tfp	chea-Tfp	chea-F1	242.6	84.1	TRUE
Psych-PsycPRwf_2155-Tfp	Tfp	chea-Tfp	chea-ACF	253.2	98.9	TRUE
Ac.bau-A1S_2811-Tfp	Tfp	chea-Tfp	chea-F7	233.5	92.1	TRUE
Ni.oce-Noc_0126-Tfp	Tfp	chea-Tfp	chea-F7	180.2	43.2	TRUE
Ra.sol-RSc0672-Tfp	Tfp	chea-Tfp	chea-F7	219.6	84.0	TRUE
Ra.pic-Rpic_0616-Tfp	Tfp	chea-Tfp	chea-F7	217.4	82.9	TRUE
Ra.eut-Reut_A2619-Tfp	Tfp	chea-Tfp	chea-F7	208.9	77.3	TRUE
Ra.met-Rmet_0673-Tfp	Tfp	chea-Tfp	chea-F7	209.7	82.3	TRUE
He.ars-HEAR2743-Tfp	Tfp	chea-Tfp	chea-F7	174.3	20.8	TRUE
Janth-mma_2952-Tfp	Tfp	chea-Tfp	chea-F7	170.9	21.2	TRUE
Ar.aro-ebA1751-Tfp	Tfp	chea-Tfp	chea-F7	172.7	31.9	TRUE
Azoar-azo3457-Tfp	Tfp	chea-Tfp	chea-F7	172.6	31.8	TRUE
De.aro-Daro_3895-Tfp	Tfp	chea-Tfp	chea-F7	229.3	87.9	TRUE
Th.den-Tbd_2548-Tfp	Tfp	chea-Tfp	chea-F7	170.7	21.0	TRUE
Rh.fer-Rfer_1375-Tfp	Tfp	chea-Tfp	chea-F7	155.6	33.2	TRUE
Ac.ave-Aave_0905-Tfp	Tfp	chea-Tfp	chea-F7	168.5	39.6	TRUE
Acido-Ajs_3574-Tfp	Tfp	chea-Tfp	chea-F7	195.9	66.1	TRUE
Ve.eis-Veis_3017-Tfp	Tfp	chea-Tfp	chea-F7	197.4	62.9	TRUE
De.aci-Daci_1576-Tfp	Tfp	chea-Tfp	chea-F7	150.4	29.2	TRUE
Polar-Bpro_1140-Tfp	Tfp	chea-Tfp	chea-F7	159.6	35.0	TRUE
Po.nap-Pnap_3350-Tfp	Tfp	chea-Tfp	chea-F7	157.5	37.0	TRUE
Me.pet-Mpe_A3186-Tfp	Tfp	chea-Tfp	chea-F7	170.8	35.0	TRUE
Le.cho-Lcho_3967-Tfp	Tfp	chea-Tfp	chea-F7	165.4	32.8	TRUE
Me.fla-Mfla_1246-Tfp	Tfp	chea-Tfp	chea-F7	171.2	40.8	TRUE
Ni.eur-NE1250-Tfp	Tfp	chea-Tfp	chea-F7	201.8	67.6	TRUE
Ni.eut-Neut_1162-Tfp	Tfp	chea-Tfp	chea-F7	149.3	21.7	TRUE
Di.nod-DNO_1093-Tfp	Tfp	chea-Tfp	chea-F7	154.3	44.2	TRUE
Rosei-RoseRS_0998-ACF	ACF	chea-ACF	chea-Tfp	215.2	74.5	TRUE
Ro.cas-Rcas_3200-ACF	ACF	chea-ACF	chea-Tfp	152.4	19.1	TRUE
Ch.aur-Caur_0851-ACF	ACF	chea-ACF	chea-Tfp	212.5	60.7	TRUE
Syncy-sll1296-Tfp	Tfp	chea-Tfp	chea-F8	233.9	118.4	TRUE
SynPC-SYNPCC7002_A2598-Tfp	Tfp	chea-Tfp	chea-F7	179.2	65.1	TRUE
Th.elo-tll1021-Tfp	Tfp	chea-Tfp	chea-F7	233.9	109.4	TRUE
Syncy-slr0322-Tfp	Tfp	chea-Tfp	chea-ACF	298.8	144.6	TRUE
Cyano-cce_2624-Tfp	Tfp	chea-Tfp	chea-F7	304.6	145.9	TRUE
Mi.aer-MAE_41270-Tfp	Tfp	chea-Tfp	chea-ACF	291.6	134.0	TRUE
SynPC-SYNPCC7002_A1639-Tfp	Tfp	chea-Tfp	chea-F7	292.1	140.0	TRUE
An.var-Ava_0505-Tfp	Tfp	chea-Tfp	chea-F1	298.5	142.4	TRUE
No.pun-Npun_F5964-Tfp	Tfp	chea-Tfp	chea-ACF	289.5	131.1	TRUE
Th.elo-tlr0349-Tfp	Tfp	chea-Tfp	chea-F7	305.6	145.2	TRUE
Ac.mar-AM1_4054-Tfp	Tfp	chea-Tfp	chea-F1	292.9	134.5	TRUE
Tr.ery-Tery_3244-Tfp	Tfp	chea-Tfp	chea-F7	284.4	141.7	TRUE
SynJA-CYA_2742-Tfp	Tfp	chea-Tfp	chea-F7	230.9	71.6	TRUE
SynJB-CYB_1934-Tfp	Tfp	chea-Tfp	chea-F7	232.5	72.4	TRUE
Sy.elo-syc0532_d-Tfp	Tfp	chea-Tfp	chea-F10	273.0	142.8	TRUE
Th.elo-tll0568-Tfp	Tfp	chea-Tfp	chea-F10	264.1	92.5	TRUE
Sy.elo-syc0681_c-Tfp	Tfp	chea-Tfp	chea-F10	269.6	122.8	TRUE
Cyano-cce_4317-Tfp	Tfp	chea-Tfp	chea-F10	281.2	116.2	TRUE
Ac.mar-AM1_0913-Tfp	Tfp	chea-Tfp	chea-F10	283.4	118.5	TRUE
An.var-Ava_0062-Tfp	Tfp	chea-Tfp	chea-F7	263.3	115.4	TRUE
No.pun-Npun_F5640-Tfp	Tfp	chea-Tfp	chea-F7	265.1	123.6	TRUE
SynJA-CYA_2155-Tfp	Tfp	chea-Tfp	chea-F10	264.4	105.7	TRUE
SynJB-CYB_2752-Tfp	Tfp	chea-Tfp	chea-F10	264.4	105.7	TRUE
Ac.mar-AM1_3739-Tfp	Tfp	chea-Tfp	chea-F7	255.3	112.5	TRUE
Cyano-cce_0716-Tfp	Tfp	chea-Tfp	chea-F7	237.5	91.5	TRUE
Syncy-sll0043-Tfp	Tfp	chea-Tfp	chea-F7	271.1	109.5	TRUE
Cyano-cce_4190-Tfp	Tfp	chea-Tfp	chea-F7	298.9	133.5	TRUE
An.var-Ava_3779-Tfp	Tfp	chea-Tfp	chea-ACF	258.5	89.4	TRUE
No.pun-Npun_R6010-Tfp	Tfp	chea-Tfp	chea-ACF	240.3	85.2	TRUE
No.pun-Npun_F2165-Tfp	Tfp	chea-Tfp	chea-ACF	271.9	109.9	TRUE
Tr.ery-Tery_0714-Tfp	Tfp	chea-Tfp	chea-F1	231.5	70.7	TRUE
SynPC-SYNPCC7002_A0049-Tfp	Tfp	chea-Tfp	chea-ACF	240.8	73.5	TRUE
Magne-Mmc1_1834-ACF	ACF	chea-ACF	chea-Tfp	192.8	31.6	TRUE
Ac.cel-Acel_1873-ACF	ACF	chea-ACF	chea-F7	138.1	4.0	TRUE
My.xan-MXAN_6029-ACF	ACF	chea-ACF	chea-Tfp	172.5	23.7	TRUE
Pe.car-Pcar_1408-F10	F10	chea-F10	chea-Tfp	276.3	117.5	TRUE
Anaer-Anae109_2367-ACF	ACF	chea-ACF	chea-Tfp	121.4	19.4	TRUE
Gl.dia-GDI3289-ACF	ACF	chea-ACF	chea-F10	140.1	56.0	TRUE
Me.ext-Mext_2839-ACF	ACF	chea-ACF	chea-F8	133.9	56.1	TRUE
Me.rad-Mrad2831_2186-ACF	ACF	chea-ACF	chea-F10	124.9	59.0	TRUE
Methy-M446_0244-ACF	ACF	chea-ACF	chea-F10	171.8	74.9	TRUE
Ph.zuc-PHZ_c0694-ACF	ACF	chea-ACF	chea-F1	165.6	84.8	TRUE
Rh.cen-RC1_2126-ACF	ACF	chea-ACF	chea-Tfp	127.0	21.3	TRUE
Ha.che-HCH_05832-Tfp	Tfp	chea-Tfp	chea-F10	178.0	64.2	TRUE
Sa.deg-Sde_0519-Tfp	Tfp	chea-Tfp	chea-ACF	182.9	67.1	TRUE
De.rad-DR_A0355-Tfp	Tfp	chea-Tfp	chea-ACF	177.0	54.4	TRUE
Th.yel-THEYE_A0391-Tfp	Tfp	chea-Tfp	chea-F10	188.9	55.7	TRUE
Bd.bac-Bd0578-Uncat	Uncat	chea-Uncat	chea-Tfp	288.5	160.6	TRUE
Ac.mar-AM1_1101-Tfp	Tfp	chea-Tfp	chea-ACF	126.7	23.5	TRUE
So.cel-sce0777-ACF	ACF	chea-ACF	chea-Tfp	89.4	41.8	TRUE
No.pun-Npun_F2168-Tfp	Tfp	chea-Tfp	chea-ACF	123.3	88.5	TRUE
Zy.mob-ZMO0880-F7	F7	chea-F7	chea-ACF	109.6	45.3	TRUE
