He.pyl-jhp0017-F3	F3	chev-F3	chev-F7	149.4	92.5	TRUE
He.hep-HH0819-F3	F3	chev-F3	chev-F7	143.9	90.7	TRUE
Wo.suc-WS0257-F3	F3	chev-F3	chev-F7	139.1	85.5	TRUE
He.pyl-jhp0559-F3	F3	chev-F3	chev-F7	136.8	83.2	TRUE
He.hep-HH1802-F3	F3	chev-F3	chev-F7	139.1	88.6	TRUE
Wo.suc-WS1787-F3	F3	chev-F3	chev-F7	146.1	88.5	TRUE
Th.cru-Tcr_1271-F3	F3	chev-F3	chev-F6	266.8	222.0	TRUE
Su.den-Suden_1257-F3	F3	chev-F3	chev-F6	259.4	196.5	TRUE
He.pyl-jhp0988-F3	F3	chev-F3	chev-F6	135.8	51.4	TRUE
Ca.jej-Cj0285c-F3	F3	chev-F3	chev-F6	146.5	46.5	TRUE
Ca.fet-CFF8240_0330-F3	F3	chev-F3	chev-F6	148.9	56.6	TRUE
Ca.cur-CCV52592_1656-F3	F3	chev-F3	chev-F6	142.8	42.1	TRUE
Ca.con-CCC13826_1579-F3	F3	chev-F3	chev-F6	142.9	43.6	TRUE
Su.den-Suden_1531-F3	F3	chev-F3	chev-F14	139.2	54.1	TRUE
Wo.suc-WS2084-F3	F3	chev-F3	chev-F6	142.2	55.1	TRUE
He.hep-HH0671-F3	F3	chev-F3	chev-F6	284.9	189.0	TRUE
Nitra-NIS_0602-F14	F14	chev-F14	chev-F3	406.2	308.7	TRUE
Sulfi-SYO3AOP1_0924-F14	F14	chev-F14	chev-F7	197.4	78.0	TRUE
Hydro-HY04AAS1_0196-F14	F14	chev-F14	chev-F7	315.5	202.7	TRUE
Ba.sub-BSU14010-F1	F1	chev-F1	chev-F6	250.2	142.3	TRUE
Ba.lic-BL03579-F1	F1	chev-F1	chev-F6	247.7	143.0	TRUE
Ba.pum-BPUM_1296-F1	F1	chev-F1	chev-F6	247.3	140.4	TRUE
Ly.sph-Bsph_1302-F1	F1	chev-F1	chev-F4	258.4	133.0	TRUE
Ba.hal-BH2262-F1	F1	chev-F1	chev-F4	250.0	121.5	TRUE
Ba.hal-BH1712-F1	F1	chev-F1	chev-F4	245.6	139.0	TRUE
Li.mon-lmo0689-F1	F1	chev-F1	chev-F4	245.5	115.4	TRUE
Ba.thu-BT9727_1544-F1	F1	chev-F1	chev-F4	178.2	72.8	TRUE
Ba.wei-BcerKBAB4_1573-F1	F1	chev-F1	chev-F4	178.3	71.1	TRUE
Cl.ace-CAC1233-F1	F1	chev-F1	chev-F4	206.7	75.5	TRUE
Cl.nov-NT01CX_2338-F1	F1	chev-F1	chev-F4	250.8	120.8	TRUE
Cl.bot-CLB_1712-F1	F1	chev-F1	chev-F4	240.0	113.8	TRUE
Cl.bei-Cbei_0755-F1	F1	chev-F1	chev-F4	236.0	114.8	TRUE
Al.met-Amet_2732-F1	F1	chev-F1	chev-F4	236.7	128.1	TRUE
Al.ore-Clos_1960-F1	F1	chev-F1	chev-F4	251.9	141.4	TRUE
Cl.phy-Cphy_2843-F1	F1	chev-F1	chev-F4	262.4	158.0	TRUE
Ex.sib-Exig_0985-F1	F1	chev-F1	chev-F4	114.6	36.2	TRUE
Vi.cho-VC1602-F6	F6	chev-F6	chev-F1	203.1	42.8	TRUE
Vi.vul-VV2_0068-F6	F6	chev-F6	chev-F1	192.2	32.8	TRUE
Vi.par-VPA0746-F6	F6	chev-F6	chev-F1	193.0	36.8	TRUE
Ae.hyd-AHA_3838-F6	F6	chev-F6	chev-F4	199.3	41.2	TRUE
Sh.bal-Shew185_3188-F6	F6	chev-F6	chev-F4	189.9	31.7	TRUE
Sh.sed-Ssed_0508-F6	F6	chev-F6	chev-F4	191.4	37.5	TRUE
Sh.woo-Swoo_4442-F6	F6	chev-F6	chev-F4	190.8	34.6	TRUE
De.vul-DVU0056-F4	F4	chev-F4	chev-F1	307.7	182.2	TRUE
De.des-Dde_0391-F4	F4	chev-F4	chev-F1	298.5	167.4	TRUE
La.int-LI0729-F4	F4	chev-F4	chev-F1	303.8	173.3	TRUE
De.vul-DVU0652-F4	F4	chev-F4	chev-F1	293.6	186.3	TRUE
La.int-LI1117-F4	F4	chev-F4	chev-F6	285.8	170.2	TRUE
De.des-Dde_3100-F4	F4	chev-F4	chev-F1	287.0	172.0	TRUE
De.vul-DVU0992-F4	F4	chev-F4	chev-F6	289.2	157.8	TRUE
De.des-Dde_1493-F4	F4	chev-F4	chev-F1	289.8	168.9	TRUE
De.des-Dde_3068-F4	F4	chev-F4	chev-F1	184.3	78.5	TRUE
Ge.sul-GSU0879-F12	F12	chev-F12	chev-F1	346.7	245.2	TRUE
Ge.met-Gmet_2739-F12	F12	chev-F12	chev-F4	322.6	218.0	TRUE
Ge.ura-Gura_1284-F12	F12	chev-F12	chev-F1	352.7	217.0	TRUE
Ge.bem-Gbem_0712-F12	F12	chev-F12	chev-F1	336.5	200.7	TRUE
Pe.pro-Ppro_1583-F12	F12	chev-F12	chev-F1	346.9	219.1	TRUE
Ge.lov-Glov_2548-F12	F12	chev-F12	chev-F1	348.3	218.5	TRUE
Pe.car-Pcar_2045-Uncat	Uncat	chev-Uncat	chev-F1	596.6	473.6	TRUE
Vi.cho-VC2006-F6	F6	chev-F6	chev-F3	245.7	158.0	TRUE
Vi.vul-VV1_2990-F6	F6	chev-F6	chev-F3	238.1	149.9	TRUE
Vi.par-VP2037-F6	F6	chev-F6	chev-F3	237.9	151.5	TRUE
Vi.fis-VF_A0802-F6	F6	chev-F6	chev-F3	240.7	151.8	TRUE
Al.sal-VSAL_II0231-F6	F6	chev-F6	chev-F3	240.5	153.8	TRUE
Ph.pro-PBPRB0761-F6	F6	chev-F6	chev-F3	182.7	98.3	TRUE
Ae.hyd-AHA_3490-F6	F6	chev-F6	chev-F3	238.5	153.8	TRUE
Sh.one-SO_1989-F6	F6	chev-F6	chev-F3	245.6	157.8	TRUE
Sh.bal-Shew185_2633-F6	F6	chev-F6	chev-F3	244.4	156.5	TRUE
Sh.ama-Sama_2032-F6	F6	chev-F6	chev-F3	244.8	153.3	TRUE
Sh.den-Sden_2144-F6	F6	chev-F6	chev-F3	238.8	149.3	TRUE
Sh.fri-Sfri_2316-F6	F6	chev-F6	chev-F3	237.7	147.5	TRUE
Sh.loi-Shew_2144-F6	F6	chev-F6	chev-F3	235.3	146.6	TRUE
Sh.sed-Ssed_2678-F6	F6	chev-F6	chev-F3	240.2	150.2	TRUE
Sh.woo-Swoo_1944-F6	F6	chev-F6	chev-F3	230.8	143.6	TRUE
Sh.hal-Shal_2398-F6	F6	chev-F6	chev-F3	237.1	146.9	TRUE
Al.mac-MADE_01327-F6	F6	chev-F6	chev-F3	238.9	152.0	TRUE
Ps.put-PP_2128-F6	F6	chev-F6	chev-F7	240.2	152.1	TRUE
Ps.flu-PFL_4203-F6	F6	chev-F6	chev-F7	242.1	151.3	TRUE
Ps.men-Pmen_1572-F6	F6	chev-F6	chev-F7	239.4	142.7	TRUE
Ps.stu-PST_2488-F6	F6	chev-F6	chev-F3	235.7	147.4	TRUE
Marin-Mmwyl1_2213-F6	F6	chev-F6	chev-F3	242.3	154.1	TRUE
Ha.che-HCH_04764-F6	F6	chev-F6	chev-F7	241.1	152.6	TRUE
Vi.cho-VC2202-F6	F6	chev-F6	chev-F3	235.9	125.8	TRUE
Vi.vul-VV1_0228-F6	F6	chev-F6	chev-F3	234.3	125.6	TRUE
Vi.par-VP0773-F6	F6	chev-F6	chev-F7	234.6	100.7	TRUE
Vi.fis-VF_1879-F6	F6	chev-F6	chev-F3	233.6	128.4	TRUE
Al.sal-VSAL_I2340-F6	F6	chev-F6	chev-F3	229.8	128.0	TRUE
Ph.pro-PBPRA0899-F6	F6	chev-F6	chev-F3	233.3	133.9	TRUE
Ae.hyd-AHA_2844-F6	F6	chev-F6	chev-F3	241.0	138.1	TRUE
Sh.one-SO_3252-F6	F6	chev-F6	chev-F7	247.2	134.3	TRUE
Sh.bal-Shew185_2964-F6	F6	chev-F6	chev-F7	246.0	133.4	TRUE
Sh.fri-Sfri_1159-F6	F6	chev-F6	chev-F7	242.1	133.5	TRUE
Sh.den-Sden_1301-F6	F6	chev-F6	chev-F7	244.8	135.4	TRUE
Sh.loi-Shew_1343-F6	F6	chev-F6	chev-F7	241.5	138.0	TRUE
Sh.sed-Ssed_3089-F6	F6	chev-F6	chev-F7	239.7	134.8	TRUE
Sh.ama-Sama_2320-F6	F6	chev-F6	chev-F7	242.0	135.3	TRUE
Sh.woo-Swoo_1595-F6	F6	chev-F6	chev-F7	239.9	135.4	TRUE
Sh.hal-Shal_1425-F6	F6	chev-F6	chev-F7	236.3	129.4	TRUE
Ps.hal-PSHAa0766-F6	F6	chev-F6	chev-F7	241.5	129.8	TRUE
Ps.atl-Patl_3102-F6	F6	chev-F6	chev-F7	162.6	54.5	TRUE
Al.mac-MADE_02930-F6	F6	chev-F6	chev-F7	241.3	136.8	TRUE
Co.psy-CPS_1474-F6	F6	chev-F6	chev-F7	233.5	131.6	TRUE
Id.loi-IL1149-F6	F6	chev-F6	chev-F7	239.6	141.7	TRUE
Ps.aer-PA3349-F6	F6	chev-F6	chev-F7	251.3	153.1	TRUE
Ps.men-Pmen_2852-F6	F6	chev-F6	chev-F3	249.8	152.4	TRUE
Ps.put-PP_4393-F6	F6	chev-F6	chev-F3	301.8	208.1	TRUE
Ps.flu-PFL_4482-F6	F6	chev-F6	chev-F3	249.1	154.2	TRUE
Ps.stu-PST_1386-F6	F6	chev-F6	chev-F7	243.1	148.0	TRUE
Sa.deg-Sde_2215-F6	F6	chev-F6	chev-F3	250.8	152.3	TRUE
Ce.jap-CJA_1934-F6	F6	chev-F6	chev-F3	242.5	149.4	TRUE
Marin-Mmwyl1_1068-F6	F6	chev-F6	chev-F7	245.2	145.7	TRUE
Ha.che-HCH_04719-F6	F6	chev-F6	chev-F7	303.5	203.1	TRUE
Ma.aqu-Maqu_1176-F6	F6	chev-F6	chev-F7	241.2	137.5	TRUE
Al.ehr-Mlg_0891-F6	F6	chev-F6	chev-F7	214.5	129.6	TRUE
Ha.hal-Hhal_0522-F6	F6	chev-F6	chev-F7	215.0	119.9	TRUE
Xa.cam-XCC1953-F6	F6	chev-F6	chev-F7	149.4	61.4	TRUE
St.mal-Smal_1907-F6	F6	chev-F6	chev-F7	145.3	60.4	TRUE
Th.cru-Tcr_1476-F6	F6	chev-F6	chev-F7	265.8	127.0	TRUE
Ph.pro-PBPRB0762-F6	F6	chev-F6	chev-F7	52.6	36.3	TRUE
Ps.put-PP_0802-F6	F6	chev-F6	chev-F8	161.2	97.0	TRUE
Ps.flu-PFL_5042-F6	F6	chev-F6	chev-F8	161.5	97.7	TRUE
Ps.men-Pmen_2185-F6	F6	chev-F6	chev-F8	169.3	103.0	TRUE
Vi.cho-VCA0954-F6	F6	chev-F6	chev-F3	222.7	147.1	TRUE
Vi.vul-VV2_1619-F6	F6	chev-F6	chev-F3	199.0	143.4	TRUE
Vi.par-VPA0431-F6	F6	chev-F6	chev-F3	211.4	142.2	TRUE
Vi.fis-VF_A0698-F6	F6	chev-F6	chev-F3	226.4	160.1	TRUE
Al.sal-VSAL_II0498-F6	F6	chev-F6	chev-F3	226.0	154.0	TRUE
Sh.one-SO_3123-F6	F6	chev-F6	chev-F3	233.3	156.8	TRUE
Sh.bal-Shew185_2816-F6	F6	chev-F6	chev-F3	226.2	151.2	TRUE
Sh.sed-Ssed_2899-F6	F6	chev-F6	chev-F3	224.4	151.5	TRUE
Sh.woo-Swoo_1747-F6	F6	chev-F6	chev-F3	224.1	147.4	TRUE
Sh.loi-Shew_1457-F6	F6	chev-F6	chev-F3	224.9	152.3	TRUE
Sh.hal-Shal_1546-F6	F6	chev-F6	chev-F3	222.3	146.1	TRUE
Sh.fri-Sfri_2708-F6	F6	chev-F6	chev-F3	224.4	139.5	TRUE
Sh.den-Sden_2527-F6	F6	chev-F6	chev-F3	216.7	137.1	TRUE
Sh.ama-Sama_2201-F6	F6	chev-F6	chev-F3	227.9	145.6	TRUE
Ph.pro-PBPRA1910-F6	F6	chev-F6	chev-F3	218.6	143.0	TRUE
Ae.hyd-AHA_0997-F6	F6	chev-F6	chev-F3	234.9	166.5	TRUE
Ma.aqu-Maqu_3396-F6	F6	chev-F6	chev-F8	207.4	141.0	TRUE
Ra.sol-RS03881-F7	F7	chev-F7	chev-F6	183.1	69.9	TRUE
Ra.pic-Rpic_4573-F7	F7	chev-F7	chev-F6	184.3	69.3	TRUE
Ra.eut-Reut_B4985-F7	F7	chev-F7	chev-F6	179.9	68.1	TRUE
Ra.met-Rmet_4933-F7	F7	chev-F7	chev-F6	169.5	57.0	TRUE
Rh.fer-Rfer_0364-F7	F7	chev-F7	chev-F6	192.8	88.6	TRUE
Th.den-Tbd_1598-F7	F7	chev-F7	chev-F6	188.3	75.0	TRUE
Ve.eis-Veis_1763-F7	F7	chev-F7	chev-F6	261.1	157.0	TRUE
De.aci-Daci_3759-F7	F7	chev-F7	chev-F6	263.2	162.0	TRUE
He.ars-HEAR0155-F7	F7	chev-F7	chev-F14	176.7	76.2	TRUE
Pe.atr-ECA1568-F7	F7	chev-F7	chev-F6	184.6	80.2	TRUE
Enter-Ent638_2819-F7	F7	chev-F7	chev-F3	203.6	107.3	TRUE
Er.tas-ETA_19840-F7	F7	chev-F7	chev-F6	183.4	77.1	TRUE
Ch.vio-CV_3032-F7	F7	chev-F7	chev-F6	178.0	76.0	TRUE
Ch.vio-CV_3446-F7	F7	chev-F7	chev-F6	181.6	67.8	TRUE
De.aro-Daro_0734-F7	F7	chev-F7	chev-F6	172.0	69.1	TRUE
Azoar-azo1458-F7	F7	chev-F7	chev-F6	184.8	72.5	TRUE
Ch.vio-CV_3447-F7	F7	chev-F7	chev-F6	172.6	71.3	TRUE
De.aro-Daro_0735-F7	F7	chev-F7	chev-F6	184.4	74.6	TRUE
Azoar-azo1459-F7	F7	chev-F7	chev-F6	183.8	72.0	TRUE
Magne-Mmc1_0629-F8	F8	chev-F8	chev-F6	275.6	162.1	TRUE
Magne-Mmc1_1805-F8	F8	chev-F8	chev-F6	285.4	159.6	TRUE
Pe.pro-Ppro_2364-F8	F8	chev-F8	chev-F3	122.2	48.3	TRUE
Ge.lov-Glov_2225-F8	F8	chev-F8	chev-F6	174.6	88.7	TRUE
Ba.cla-ABC2142-F1	F1	chev-F1	chev-F3	92.8	38.2	TRUE
Ar.but-Abu_0617-F3	F3	chev-F3	chev-F7	121.6	71.8	TRUE
Wo.suc-WS1869-F3	F3	chev-F3	chev-F12	126.0	83.4	TRUE
