Th.mar-TM0903-F1	F1	ched-F7	ched-F1	59.7	7.9	FALSE
Fe.nod-Fnod_0382-F1	F1	ched-F7	ched-F1	60.7	9.0	FALSE
Th.mel-Tmel_1432-F1	F1	ched-F1	ched-F7	53.4	9.3	TRUE
Th.let-Tlet_0618-F1	F1	ched-F7	ched-Uncat	55.9	5.0	FALSE
Me.hun-Mhun_0111-F1	F1	ched-F1	ched-Uncat	83.4	7.1	TRUE
Me.boo-Mboo_1334-F1	F1	ched-F1	ched-F7	78.3	15.0	TRUE
Me.mas-Memar_0941-F1	F1	ched-F1	ched-F7	72.6	13.5	TRUE
Ba.sub-BSU16460-F1	F1	ched-F1	ched-F7	91.0	21.2	TRUE
Ba.lic-BL01247-F1	F1	ched-F1	ched-Uncat	93.0	31.5	TRUE
Ba.pum-BPUM_1545-F1	F1	ched-F1	ched-Uncat	94.5	33.4	TRUE
Ly.sph-Bsph_1577-F1	F1	ched-F1	ched-Uncat	96.3	27.5	TRUE
Ba.hal-BH2433-F1	F1	ched-F1	ched-F7	102.5	12.5	TRUE
Th.ten-TTE1414-F1	F1	ched-F1	ched-Uncat	103.9	28.6	TRUE
Th.pse-Teth39_1229-F1	F1	ched-F1	ched-Uncat	100.6	29.9	TRUE
Al.met-Amet_2695-F1	F1	ched-F1	ched-Uncat	100.5	16.5	TRUE
Al.ore-Clos_1509-F1	F1	ched-F1	ched-Uncat	105.1	29.8	TRUE
Cl.phy-Cphy_2687-F1	F1	ched-F1	ched-Uncat	93.9	27.0	TRUE
Cl.the-Cthe_0493-F1	F1	ched-F1	ched-Uncat	98.4	14.3	TRUE
Ca.sac-Csac_1284-F1	F1	ched-F1	ched-Uncat	102.5	20.9	TRUE
Ge.kau-GK1245-F1	F1	ched-F1	ched-Uncat	95.5	24.3	TRUE
Ge.the-GTNG_1099-F1	F1	ched-F1	ched-Uncat	96.2	25.1	TRUE
De.haf-DSY2969-F1	F1	ched-F1	ched-Uncat	86.3	18.0	TRUE
He.mod-HM1_2249-F1	F1	ched-F1	ched-Uncat	95.7	14.4	TRUE
Sy.wol-Swol_0877-F1	F1	ched-F1	ched-Uncat	98.3	31.1	TRUE
Oc.ihe-OB1581-F1	F1	ched-F1	ched-F7	91.5	8.1	TRUE
Cl.ace-CAC2223-F1	F1	ched-F1	ched-Uncat	93.0	16.1	TRUE
Cl.nov-NT01CX_1861-F1	F1	ched-F1	ched-Uncat	101.2	16.1	TRUE
Cl.klu-CKL_2132-F1	F1	ched-F1	ched-Uncat	96.6	15.8	TRUE
Cl.bot-CLB_2692-F1	F1	ched-F1	ched-Uncat	102.4	27.2	TRUE
Cl.bei-Cbei_4310-F1	F1	ched-F1	ched-Uncat	95.7	21.2	TRUE
Ca.hyd-CHY_1015-F1	F1	ched-F1	ched-Uncat	92.9	17.5	TRUE
De.red-Dred_2385-F1	F1	ched-F1	ched-Uncat	91.1	20.5	TRUE
Pe.the-PTH_2065-F1	F1	ched-F7	ched-F1	92.9	2.8	FALSE
De.aud-Daud_1741-F1	F1	ched-F1	ched-Uncat	88.5	10.6	TRUE
Mo.the-Moth_0800-F1	F1	ched-F1	ched-Uncat	91.2	14.4	TRUE
He.mod-HM1_1954-F1	F1	ched-F1	ched-Uncat	82.7	6.9	TRUE
Ex.sib-Exig_1854-F1	F1	ched-F1	ched-F7	76.9	34.0	TRUE
Ba.cla-ABC2245-F1	F1	ched-F1	ched-Uncat	79.1	21.6	TRUE
Na.the-Nther_1421-F1	F1	ched-F1	ched-Uncat	92.6	18.4	TRUE
Cl.dif-CD0535-F1	F1	ched-F1	ched-Uncat	90.9	18.7	TRUE
Co.pro-COPRO5265_0295-F1	F1	ched-F1	ched-Uncat	71.5	9.9	TRUE
Me.map-MMP0928-F1	F1	ched-Uncat	ched-F1	78.8	1.2	FALSE
Me.van-Mevan_0221-F1	F1	ched-Uncat	ched-F1	81.5	4.9	FALSE
Py.aby-PAB1335-F1	F1	ched-F1	ched-Uncat	84.1	9.6	TRUE
Py.hor-PH0490-F1	F1	ched-F1	ched-Uncat	81.3	5.1	TRUE
Th.kod-TK0639-F1	F1	ched-F1	ched-Uncat	80.9	0.8	TRUE
Me.ace-MA0011-F1	F1	ched-Uncat	ched-F7	56.5	3.5	FALSE
Me.maz-MM_1322-F1	F1	ched-Uncat	ched-F7	56.4	6.9	FALSE
Me.bar-Mbar_A0982-F1	F1	ched-Uncat	ched-F1	58.6	6.2	FALSE
Sy.the-STH1539-F1	F1	ched-F1	ched-Uncat	80.9	20.4	TRUE
Ha.mar-rrnAC2192-F1	F1	ched-F1	ched-Uncat	72.9	2.3	TRUE
Na.pha-NP2106A-F1	F1	ched-F1	ched-Uncat	66.1	10.4	TRUE
Ha.sal-OE2408R-F1	F1	ched-Uncat	ched-F7	52.7	10.8	FALSE
Ge.sul-GSU3201-F1	F1	ched-F1	ched-Uncat	79.4	13.8	TRUE
Ge.met-Gmet_3209-F1	F1	ched-Uncat	ched-F1	80.6	0.8	FALSE
Ar.ful-AF1038-F1	F1	ched-F1	ched-Uncat	82.2	2.8	TRUE
Me.ace-MA3064-F1	F1	ched-F1	ched-F7	77.6	20.2	TRUE
Me.maz-MM_0326-F1	F1	ched-F1	ched-F7	79.2	19.9	TRUE
Me.bur-Mbur_0363-F1	F1	ched-F1	ched-F7	74.5	20.5	TRUE
Le.int-LB125-F1	F1	ched-F1	ched-Uncat	81.3	0.1	TRUE
Le.bor-LBJ_4107-F1	F1	ched-Uncat	ched-F1	81.3	0.3	FALSE
Le.bif-LBF_4073-F1	F1	ched-F1	ched-Uncat	76.1	5.3	TRUE
Pe.car-Pcar_1201-F7	F7	ched-F7	ched-Uncat	62.0	18.2	TRUE
Sy.aci-SYN_00969-F7	F7	ched-F7	ched-Uncat	61.1	8.0	TRUE
So.usi-Acid_5371-F7	F7	ched-F7	ched-Uncat	57.2	8.3	TRUE
Op.ter-Oter_0431-F7	F7	ched-F7	ched-Uncat	54.2	13.8	TRUE
An.deh-Adeh_1372-F7	F7	ched-F7	ched-Uncat	58.0	13.4	TRUE
Op.ter-Oter_3472-F7	F7	ched-F7	ched-Uncat	55.4	8.9	TRUE
De.vul-DVU2972-F8	F8	ched-F8	ched-Uncat	70.1	13.9	TRUE
De.des-Dde_3212-F8	F8	ched-F8	ched-Uncat	73.4	24.3	TRUE
Ge.sul-GSU1144-F8	F8	ched-F8	ched-Uncat	70.5	24.1	TRUE
Ge.met-Gmet_2419-F8	F8	ched-F8	ched-F7	67.7	16.1	TRUE
Ge.ura-Gura_2983-F8	F8	ched-F8	ched-Uncat	80.1	11.4	TRUE
Ge.bem-Gbem_1596-F8	F8	ched-Uncat	ched-F8	84.6	8.0	FALSE
De.ole-Dole_0877-F8	F8	ched-F8	ched-Uncat	71.8	12.8	TRUE
Magne-Mmc1_0701-F8	F8	ched-F8	ched-Uncat	84.5	20.4	TRUE
Vi.cho-VCA1090-F7	F7	ched-Uncat	ched-F7	46.5	0.6	FALSE
Vi.vul-VV2_1162-F7	F7	ched-Uncat	ched-F7	57.4	8.5	FALSE
Sh.ama-Sama_3150-F7	F7	ched-F7	ched-Uncat	78.8	36.2	TRUE
Sh.loi-Shew_0439-F7	F7	ched-F7	ched-Uncat	87.8	21.9	TRUE
Sh.sed-Ssed_0610-F7	F7	ched-F7	ched-Uncat	81.3	19.5	TRUE
Sh.woo-Swoo_4342-F7	F7	ched-F7	ched-Uncat	82.4	36.6	TRUE
Ps.aer-PA0174-F7	F7	ched-F7	ched-Uncat	78.7	19.1	TRUE
Ra.sol-RS02054-F7	F7	ched-F7	ched-Uncat	90.1	29.5	TRUE
Ra.pic-Rpic_4053-F7	F7	ched-F7	ched-Uncat	91.4	32.1	TRUE
De.aro-Daro_0731-F7	F7	ched-F7	ched-Uncat	94.6	30.9	TRUE
Th.den-Tbd_1616-F7	F7	ched-F7	ched-Uncat	102.9	30.6	TRUE
He.ars-HEAR1304-F7	F7	ched-F7	ched-Uncat	96.0	26.9	TRUE
Janth-mma_2092-F7	F7	ched-F7	ched-Uncat	97.1	27.3	TRUE
Me.fla-Mfla_1931-F7	F7	ched-F7	ched-Uncat	99.0	26.2	TRUE
Ra.eut-Reut_B5611-F7	F7	ched-F7	ched-Uncat	92.5	17.9	TRUE
Ra.met-Rmet_3692-F7	F7	ched-F7	ched-Uncat	91.4	19.9	TRUE
Bu.mal-BMA2855-F7	F7	ched-F7	ched-Uncat	96.7	30.1	TRUE
Bo.bro-BB4451-F7	F7	ched-F7	ched-Uncat	94.0	25.8	TRUE
Bo.avi-BAV3061-F7	F7	ched-F7	ched-Uncat	94.4	20.0	TRUE
Bo.pet-Bpet0499-F7	F7	ched-F7	ched-Uncat	94.4	16.2	TRUE
Rh.fer-Rfer_0570-F7	F7	ched-F7	ched-F8	97.2	38.8	TRUE
Ac.ave-Aave_4375-F7	F7	ched-F7	ched-F8	97.0	38.6	TRUE
Ve.eis-Veis_2173-F7	F7	ched-F7	ched-F8	97.8	39.2	TRUE
De.aci-Daci_0658-F7	F7	ched-F7	ched-F8	98.9	39.1	TRUE
Acido-Ajs_3787-F7	F7	ched-F7	ched-F8	98.6	39.6	TRUE
Me.pet-Mpe_A2701-F7	F7	ched-F7	ched-F8	93.1	39.5	TRUE
Le.cho-Lcho_0701-F7	F7	ched-F7	ched-Uncat	90.2	23.1	TRUE
Sh.one-SO_2125-F7	F7	ched-F7	ched-Uncat	91.8	21.2	TRUE
Sh.bal-Shew185_2243-F7	F7	ched-F7	ched-Uncat	92.7	23.3	TRUE
Marin-Mmwyl1_3303-F7	F7	ched-F7	ched-Uncat	91.8	30.2	TRUE
Xa.cam-XCC1867-F7	F7	ched-F7	ched-Uncat	97.2	24.8	TRUE
St.mal-Smal_1844-F7	F7	ched-F7	ched-Uncat	95.8	20.0	TRUE
Ge.met-Gmet_1076-F7	F7	ched-F7	ched-Uncat	46.2	3.1	TRUE
Ni.eur-NE1860-F7	F7	ched-F7	ched-Uncat	81.9	11.6	TRUE
Ni.eut-Neut_1172-F7	F7	ched-F7	ched-Uncat	76.6	8.3	TRUE
Ch.vio-CV_3435-F7	F7	ched-F7	ched-Uncat	86.5	17.4	TRUE
Al.mac-MADE_00414-F7	F7	ched-F7	ched-Uncat	84.3	14.3	TRUE
Th.cru-Tcr_1613-F7	F7	ched-Uncat	ched-F7	52.7	5.7	FALSE
Ha.hal-Hhal_2161-F7	F7	ched-Uncat	ched-F7	50.7	4.5	FALSE
Ha.che-HCH_00462-F7	F7	ched-F7	ched-Uncat	74.2	25.2	TRUE
Sa.deg-Sde_3103-F7	F7	ched-F7	ched-Uncat	87.7	20.7	TRUE
Brady-BBta_2147-F7	F7	ched-Uncat	ched-F7	58.9	2.3	FALSE
Ge.bem-Gbem_1042-F7	F7	ched-F7	ched-Uncat	47.4	1.5	TRUE
Ca.cre-CC_0438-F7	F7	ched-Uncat	ched-F7	58.1	1.4	FALSE
Caulo-Caul_0284-F7	F7	ched-Uncat	ched-F7	57.2	2.7	FALSE
Si.mel-SMc03012-F7	F7	ched-F7	ched-Uncat	54.3	3.4	TRUE
Rh.etl-RHE_CH00644-F7	F7	ched-F7	ched-Uncat	52.6	1.3	TRUE
Rh.leg-RL0693-F7	F7	ched-F7	ched-Uncat	53.2	2.2	TRUE
Ag.tum-Atu0521-F7	F7	ched-F7	ched-F8	51.1	18.3	TRUE
Ph.zuc-PHZ_c3374-F7	F7	ched-Uncat	ched-F7	57.2	0.8	FALSE
Ac.cry-Acry_2713-F7	F7	ched-Uncat	ched-F7	52.4	1.8	FALSE
Be.ind-Bind_3628-F7	F7	ched-F7	ched-Uncat	58.6	13.6	TRUE
Silic-TM1040_3211-F7	F7	ched-F7	ched-F8	53.6	20.0	TRUE
Rh.sph-RSP_2439-F7	F7	ched-F7	ched-Uncat	44.7	5.8	TRUE
Zy.mob-ZMO0080-F7	F7	ched-Uncat	ched-F7	53.4	1.4	FALSE
Ro.den-RD1_2245-F7	F7	ched-F7	ched-F8	47.2	7.4	TRUE
Gl.dia-GDI1690-F7	F7	ched-F7	ched-F8	51.7	11.8	TRUE
Janna-Jann_2845-F7	F7	ched-F7	ched-F8	45.9	12.3	TRUE
Ge.sul-GSU0726-F8	F8	ched-F8	ched-Uncat	76.6	7.4	TRUE
Pe.pro-Ppro_2362-F8	F8	ched-F8	ched-Uncat	79.2	3.8	TRUE
Ge.bem-Gbem_1382-F8	F8	ched-F8	ched-Uncat	78.7	1.2	TRUE
Ge.ura-Gura_0963-F8	F8	ched-F8	ched-Uncat	77.2	0.2	TRUE
Sh.one-SO_2326-F8	F8	ched-Uncat	ched-F7	83.9	5.9	FALSE
De.aro-Daro_1145-F8	F8	ched-Uncat	ched-F7	64.5	4.8	FALSE
Azoar-azo0404-F8	F8	ched-F7	ched-Uncat	61.6	3.2	FALSE
Su.den-Suden_0977-F7	F7	ched-Uncat	ched-F7	99.1	28.2	FALSE
Magne-Mmc1_1007-Uncat	Uncat	ched-Uncat	ched-F7	132.6	69.6	TRUE
Ge.lov-Glov_1310-Uncat	Uncat	ched-Uncat	ched-F7	130.0	69.5	TRUE
An.deh-Adeh_0604-F8	F8	ched-F7	ched-F8	58.1	1.8	FALSE
Anaer-Anae109_0648-F8	F8	ched-F7	ched-F8	57.3	8.4	FALSE
So.cel-sce2204-F8	F8	ched-F8	ched-Uncat	59.2	10.7	TRUE
Sy.aci-SYN_00965-F7	F7	ched-F7	ched-Uncat	56.5	20.9	TRUE
Sy.fum-Sfum_3294-Uncat	Uncat	ched-Uncat	ched-F7	119.7	69.6	TRUE
Rh.rub-Rru_A1407-F8	F8	ched-Uncat	ched-F8	76.9	26.6	FALSE
Bd.bac-Bd0580-Uncat	Uncat	ched-Uncat	ched-F7	122.7	59.1	TRUE
Bo.bur-BB0606-F8	F8	ched-F7	ched-Uncat	49.6	5.5	FALSE
Bo.gar-BG0619-F8	F8	ched-F7	ched-Uncat	50.3	5.4	FALSE
Bo.afz-BAPKO_0639-F8	F8	ched-F7	ched-Uncat	49.6	5.1	FALSE
Bo.tur-BT0606-F8	F8	ched-F7	ched-Uncat	52.9	10.1	FALSE
Bo.her-BH0606-F8	F8	ched-F7	ched-Uncat	50.6	6.0	FALSE
Bo.dut-BDU_607-F8	F8	ched-F7	ched-Uncat	51.0	7.3	FALSE
Le.int-LA2428-F8	F8	ched-F8	ched-F1	55.7	19.0	TRUE
Le.bor-LBJ_1815-F8	F8	ched-F8	ched-Uncat	69.6	2.2	TRUE
Le.bif-LBF_1529-F8	F8	ched-F8	ched-Uncat	85.9	13.6	TRUE
Ch.vio-CV_1010-F8	F8	ched-Uncat	ched-F8	66.1	1.1	FALSE
De.aro-Daro_1147-F8	F8	ched-Uncat	ched-F8	69.5	1.3	FALSE
Ha.che-HCH_03704-2	2	ched-F7	ched-Uncat	74.0	1.4	FALSE
Sh.den-Sden_3300-F8	F8	ched-F8	ched-Uncat	67.6	15.2	TRUE
Ae.hyd-AHA_1031-F8	F8	ched-F8	ched-Uncat	70.5	23.4	TRUE
Rh.fer-Rfer_0905-F8	F8	ched-F8	ched-Uncat	70.4	8.0	TRUE
Le.cho-Lcho_1527-F8	F8	ched-Uncat	ched-F8	64.6	8.5	FALSE
Ce.jap-CJA_2941-F8	F8	ched-F8	ched-Uncat	45.5	2.3	TRUE
Ar.but-Abu_1187-F7	F7	ched-F7	ched-Uncat	72.3	3.9	TRUE
Le.cho-Lcho_0336-F8	F8	ched-F8	ched-F7	46.6	21.4	TRUE
Bd.bac-Bd2829-Uncat	Uncat	ched-Uncat	ched-F8	130.5	100.7	TRUE
Silic-TM1040_3244-Uncat	Uncat	ched-Uncat	ched-F8	147.2	93.8	TRUE
Pe.lut-Plut_1395-Uncat	Uncat	ched-Uncat	ched-F7	75.4	43.5	TRUE
