He.pyl-jhp0156-F3	F3	chez-F3	chez-F5	184.7	163.2	TRUE
He.hep-HH0659-F3	F3	chez-F3	chez-F5	183.5	165.5	TRUE
Wo.suc-WS2123-F3	F3	chez-F3	chez-F14	183.3	168.1	TRUE
Ca.jej-Cj0700-F3	F3	chez-F3	chez-F5	186.1	166.5	TRUE
Ca.fet-CFF8240_1051-F3	F3	chez-F3	chez-F5	186.9	172.7	TRUE
Ca.cur-CCV52592_0279-F3	F3	chez-F3	chez-F14	181.8	166.2	TRUE
Ca.con-CCC13826_1444-F3	F3	chez-F3	chez-F14	180.6	164.8	TRUE
Su.den-Suden_1865-F3	F3	chez-F3	chez-F5	185.2	168.7	TRUE
Su.den-Suden_0980-F3	F3	chez-F3	chez-F14	167.2	147.9	TRUE
Ar.but-Abu_1966-F3	F3	chez-F3	chez-F14	155.6	139.4	TRUE
Vi.cho-VC2064-F6	F6	chez-F7	chez-F6	98.5	6.9	FALSE
Vi.vul-VV1_1954-F6	F6	chez-F7	chez-F6	96.3	9.4	FALSE
Vi.par-VP2230-F6	F6	chez-F7	chez-F6	95.3	5.7	FALSE
Vi.fis-VF_1832-F6	F6	chez-F7	chez-F6	98.3	12.7	FALSE
Al.sal-VSAL_I2288-F6	F6	chez-F7	chez-F6	94.2	10.2	FALSE
Ph.pro-PBPRA0941-F6	F6	chez-F7	chez-F6	105.6	15.7	FALSE
Sh.one-SO_3208-F6	F6	chez-F6	chez-F7	82.1	33.8	TRUE
Sh.bal-Shew185_2917-F6	F6	chez-F7	chez-F6	82.0	0.9	FALSE
Sh.ama-Sama_2278-F6	F6	chez-F7	chez-F6	88.6	4.0	FALSE
Sh.loi-Shew_1385-F6	F6	chez-F7	chez-F6	97.8	11.3	FALSE
Sh.sed-Ssed_3047-F6	F6	chez-F7	chez-F6	91.0	9.0	FALSE
Sh.woo-Swoo_1637-F6	F6	chez-F7	chez-F6	96.1	11.3	FALSE
Sh.hal-Shal_1467-F6	F6	chez-F7	chez-F6	93.6	9.3	FALSE
Sh.den-Sden_1345-F6	F6	chez-F7	chez-F6	92.0	8.2	FALSE
Sh.fri-Sfri_1201-F6	F6	chez-F7	chez-F6	98.1	10.6	FALSE
Ae.hyd-AHA_1384-F6	F6	chez-F7	chez-F6	98.1	8.5	FALSE
Ps.atl-Patl_3028-F6	F6	chez-F7	chez-F6	88.8	4.6	FALSE
Al.mac-MADE_02868-F6	F6	chez-F6	chez-F7	87.1	2.2	TRUE
Ps.hal-PSHAa0811-F6	F6	chez-F7	chez-F6	95.7	7.4	FALSE
Id.loi-IL1115-F6	F6	chez-F6	chez-F7	88.1	0.3	TRUE
Co.psy-CPS_1521-F6	F6	chez-F7	chez-F6	93.4	7.6	FALSE
Al.ehr-Mlg_0987-F6	F6	chez-F7	chez-F6	99.9	17.7	FALSE
Ha.hal-Hhal_0475-F6	F6	chez-F7	chez-F6	105.2	22.1	FALSE
Ps.aer-PA1457-F6	F6	chez-F7	chez-F6	98.8	10.1	FALSE
Ps.put-PP_4339-F6	F6	chez-F7	chez-F6	97.9	13.8	FALSE
Ps.flu-PFL_1669-F6	F6	chez-F7	chez-F6	98.9	13.9	FALSE
Ps.men-Pmen_2803-F6	F6	chez-F7	chez-F6	96.8	13.4	FALSE
Ps.stu-PST_2567-F6	F6	chez-F7	chez-F6	101.9	17.6	FALSE
Ha.che-HCH_05169-F6	F6	chez-F7	chez-F6	93.6	7.3	FALSE
Ma.aqu-Maqu_1973-F6	F6	chez-F7	chez-F6	91.9	12.6	FALSE
Marin-Mmwyl1_3426-F6	F6	chez-F6	chez-F7	78.4	3.1	TRUE
Sa.deg-Sde_2162-F6	F6	chez-F7	chez-F6	80.9	2.0	FALSE
Ce.jap-CJA_2139-F6	F6	chez-F6	chez-F7	80.9	0.1	TRUE
Es.col-Z2935-F7	F7	chez-F7	chez-F6	170.8	121.4	TRUE
Enter-Ent638_2452-F7	F7	chez-F7	chez-F6	170.7	122.7	TRUE
Ye.pes-YPO1681-F7	F7	chez-F7	chez-F6	163.0	114.1	TRUE
Pe.atr-ECA1695-F7	F7	chez-F7	chez-F6	167.3	117.3	TRUE
Er.tas-ETA_14710-F7	F7	chez-F7	chez-F6	164.2	113.4	TRUE
Pr.mir-PMI1661-F7	F7	chez-F7	chez-F6	162.0	111.0	TRUE
Bo.bro-BB2552-F7	F7	chez-F7	chez-F6	168.0	122.6	TRUE
Bo.pet-Bpet2108-F7	F7	chez-F7	chez-F6	170.6	121.7	TRUE
Bo.avi-BAV1681-F7	F7	chez-F7	chez-F6	162.4	116.5	TRUE
Ra.eut-Reut_B5614-F7	F7	chez-F7	chez-F6	172.8	122.9	TRUE
Ra.met-Rmet_3695-F7	F7	chez-F7	chez-F6	169.7	122.0	TRUE
Ch.sal-Csal_2017-F7	F7	chez-F7	chez-F6	183.7	129.1	TRUE
Bu.mal-BMA2851-F7	F7	chez-F7	chez-F6	168.9	121.9	TRUE
Ch.vio-CV_3449-F7	F7	chez-F7	chez-F6	163.7	109.1	TRUE
Azoar-azo1461-F7	F7	chez-F7	chez-F6	162.8	109.3	TRUE
De.aro-Daro_0737-F7	F7	chez-F7	chez-F6	160.1	100.3	TRUE
Ra.sol-RSc0742-F7	F7	chez-F7	chez-F6	166.9	112.2	TRUE
Ra.sol-RSp1401-F7	F7	chez-F7	chez-F6	160.7	107.8	TRUE
Ra.pic-Rpic_4056-F7	F7	chez-F7	chez-F6	161.9	107.5	TRUE
Th.den-Tbd_1613-F7	F7	chez-F7	chez-F6	149.1	96.1	TRUE
He.ars-HEAR1308-F7	F7	chez-F7	chez-F6	157.6	105.7	TRUE
Janth-mma_2089-F7	F7	chez-F7	chez-F6	147.7	94.7	TRUE
Me.fla-Mfla_1928-F7	F7	chez-F7	chez-F6	158.7	105.7	TRUE
So.glo-SG2064-F7	F7	chez-F7	chez-F6	110.8	61.7	TRUE
He.ars-HEAR0953-F7	F7	chez-F7	chez-F6	148.9	105.6	TRUE
Janth-mma_1086-F7	F7	chez-F7	chez-F6	144.7	101.2	TRUE
Rh.fer-Rfer_3705-F7	F7	chez-F7	chez-F6	85.1	28.1	TRUE
Ac.ave-Aave_4411-F7	F7	chez-F7	chez-F6	87.5	40.3	TRUE
Acido-Ajs_3818-F7	F7	chez-F7	chez-F6	87.6	36.4	TRUE
Ve.eis-Veis_4424-F7	F7	chez-F7	chez-F6	82.9	36.4	TRUE
De.aci-Daci_0601-F7	F7	chez-F7	chez-F6	78.0	27.3	TRUE
Me.pet-Mpe_A2875-F7	F7	chez-F7	chez-F6	79.8	30.8	TRUE
Le.cho-Lcho_0998-F7	F7	chez-F7	chez-F6	72.3	25.9	TRUE
Ni.eur-NE1924-F7	F7	chez-F7	chez-F6	135.5	95.2	TRUE
Ni.eut-Neut_1275-F7	F7	chez-F7	chez-F6	135.8	98.3	TRUE
Th.cru-Tcr_0749-F6	F6	chez-F6	chez-F7	57.2	9.7	TRUE
Th.yel-THEYE_A2066-F17	F17	chez-F17	chez-F6	116.8	65.1	TRUE
Xa.cam-XCC1904-F6	F6	chez-F6	chez-F7	46.8	22.8	TRUE
St.mal-Smal_1860-F6	F6	chez-F6	chez-F7	46.9	16.6	TRUE
De.vul-DVU1458-F4	F4	chez-F4	chez-F5	132.7	94.5	TRUE
De.des-Dde_2148-F4	F4	chez-F4	chez-F5	131.4	90.2	TRUE
La.int-LI1054-F4	F4	chez-F4	chez-F5	132.6	100.4	TRUE
Sulfi-SYO3AOP1_0929-F14	F14	chez-F14	chez-F5	97.9	79.2	TRUE
Hydro-HY04AAS1_0192-F14	F14	chez-F14	chez-F5	100.4	67.9	TRUE
Ca.cre-CC_0590-F5	F5	chez-F5	chez-F14	44.8	31.0	TRUE
Br.jap-blr7530-F5	F5	chez-F5	chez-F7	80.1	53.4	TRUE
Rh.pal-RPA1144-F5	F5	chez-F5	chez-F7	76.6	47.1	TRUE
Brady-BBta_1674-F5	F5	chez-F5	chez-F4	71.2	41.6	TRUE
Ni.win-Nwi_2571-F5	F5	chez-F5	chez-F7	72.0	46.7	TRUE
Ni.ham-Nham_3193-F5	F5	chez-F5	chez-F7	74.1	47.8	TRUE
Ol.car-OCAR_7268-F5	F5	chez-F5	chez-F4	76.2	50.4	TRUE
Az.cau-AZC_0621-F5	F5	chez-F5	chez-F6	75.2	48.7	TRUE
Me.ext-Mext_2879-F5	F5	chez-F5	chez-F14	71.2	48.0	TRUE
Me.rad-Mrad2831_5406-F5	F5	chez-F5	chez-F7	71.5	49.2	TRUE
Methy-M446_3649-F5	F5	chez-F5	chez-F14	74.9	52.9	TRUE
Ma.mag-amb3836-F5	F5	chez-F5	chez-F4	80.4	52.6	TRUE
Rh.rub-Rru_A3212-F5	F5	chez-F5	chez-F4	82.2	56.2	TRUE
Rh.rub-Rru_A0211-F5	F5	chez-F5	chez-F4	75.8	44.6	TRUE
Ma.mag-amb4110-F5	F5	chez-F5	chez-F4	76.0	46.7	TRUE
Brady-BBta_2377-F5	F5	chez-F5	chez-F4	74.6	50.6	TRUE
Rh.rub-Rru_A1735-F5	F5	chez-F5	chez-F4	73.4	48.1	TRUE
Rh.cen-RC1_0954-F5	F5	chez-F5	chez-F4	74.8	42.1	TRUE
Rh.cen-RC1_2163-F5	F5	chez-F5	chez-F4	76.9	48.2	TRUE
Me.ext-Mext_0889-F5	F5	chez-F5	chez-F4	65.5	44.4	TRUE
Methy-M446_4931-F5	F5	chez-F5	chez-F4	64.6	42.7	TRUE
Me.rad-Mrad2831_1950-F5	F5	chez-F5	chez-F4	62.7	41.4	TRUE
Me.rad-Mrad2831_0365-F5	F5	chez-F5	chez-F7	66.3	42.3	TRUE
Ma.mag-amb3502-F5	F5	chez-F5	chez-F4	72.5	41.0	TRUE
Rh.rub-Rru_A2836-F5	F5	chez-F5	chez-F4	71.5	45.5	TRUE
Rh.cen-RC1_0882-F5	F5	chez-F5	chez-F4	66.9	35.9	TRUE
Ma.mar-Mmar10_0609-F5	F5	chez-F5	chez-F4	64.1	37.3	TRUE
Me.ext-Mext_0418-F5	F5	chez-F5	chez-F7	61.8	39.8	TRUE
Me.rad-Mrad2831_0884-F5	F5	chez-F5	chez-F4	63.8	40.8	TRUE
Methy-M446_2224-F5	F5	chez-F5	chez-F4	65.2	39.0	TRUE
Ph.zuc-PHZ_c3232-F5	F5	chez-F5	chez-F17	39.3	24.2	TRUE
Rh.rub-Rru_A3732-F5	F5	chez-F5	chez-F4	48.9	28.6	TRUE
Nitra-NIS_0605-F14	F14	chez-F14	chez-F5	43.3	34.2	TRUE
Sa.rub-SRU_2603-F15	F15	chez-F15	chez-F5	541.6	510.9	TRUE
